KHCN CMS - 2012-06-02T01:27:17+07:00
DEBUG [7]: Zend_Controller_Dispatcher_Exception
Message: Invalid controller specified (closeImage)
Stack trace: 4
#0
-- File: C:\Program Files\Zend\Apache2\htdocs\NghienCuuKhoaHoc\library\Zend\Controller\Front.php
-- Line: 954
-- Function: dispatch
-- Class: Zend_Controller_Dispatcher_Standard

#1
-- File: C:\Program Files\Zend\Apache2\htdocs\NghienCuuKhoaHoc\library\Zend\Application\Bootstrap\Bootstrap.php
-- Line: 97
-- Function: dispatch
-- Class: Zend_Controller_Front

#2
-- File: C:\Program Files\Zend\Apache2\htdocs\NghienCuuKhoaHoc\library\Zend\Application.php
-- Line: 366
-- Function: run
-- Class: Zend_Application_Bootstrap_Bootstrap

#3
-- File: C:\Program Files\Zend\Apache2\htdocs\NghienCuuKhoaHoc\public\index.php
-- Line: 68
-- Function: run
-- Class: Zend_Application



KHCN CMS - 2012-06-02T01:27:19+07:00
DEBUG [7]: Zend_Controller_Action_Exception (404) 
Message: Action "closeimage" does not exist and was not trapped in __call()
Stack trace: 6
#0
-- File: C:\Program Files\Zend\Apache2\htdocs\NghienCuuKhoaHoc\library\Zend\Controller\Action.php
-- Line: 518
-- Function: __call
-- Class: Zend_Controller_Action

#1
-- File: C:\Program Files\Zend\Apache2\htdocs\NghienCuuKhoaHoc\library\Zend\Controller\Dispatcher\Standard.php
-- Line: 295
-- Function: dispatch
-- Class: Zend_Controller_Action

#2
-- File: C:\Program Files\Zend\Apache2\htdocs\NghienCuuKhoaHoc\library\Zend\Controller\Front.php
-- Line: 954
-- Function: dispatch
-- Class: Zend_Controller_Dispatcher_Standard

#3
-- File: C:\Program Files\Zend\Apache2\htdocs\NghienCuuKhoaHoc\library\Zend\Application\Bootstrap\Bootstrap.php
-- Line: 97
-- Function: dispatch
-- Class: Zend_Controller_Front

#4
-- File: C:\Program Files\Zend\Apache2\htdocs\NghienCuuKhoaHoc\library\Zend\Application.php
-- Line: 366
-- Function: run
-- Class: Zend_Application_Bootstrap_Bootstrap

#5
-- File: C:\Program Files\Zend\Apache2\htdocs\NghienCuuKhoaHoc\public\index.php
-- Line: 68
-- Function: run
-- Class: Zend_Application



KHCN CMS - 2012-06-02T01:27:29+07:00
DEBUG [7]: Zend_Controller_Action_Exception (404) 
Message: Action "closeimage" does not exist and was not trapped in __call()
Stack trace: 6
#0
-- File: C:\Program Files\Zend\Apache2\htdocs\NghienCuuKhoaHoc\library\Zend\Controller\Action.php
-- Line: 518
-- Function: __call
-- Class: Zend_Controller_Action

#1
-- File: C:\Program Files\Zend\Apache2\htdocs\NghienCuuKhoaHoc\library\Zend\Controller\Dispatcher\Standard.php
-- Line: 295
-- Function: dispatch
-- Class: Zend_Controller_Action

#2
-- File: C:\Program Files\Zend\Apache2\htdocs\NghienCuuKhoaHoc\library\Zend\Controller\Front.php
-- Line: 954
-- Function: dispatch
-- Class: Zend_Controller_Dispatcher_Standard

#3
-- File: C:\Program Files\Zend\Apache2\htdocs\NghienCuuKhoaHoc\library\Zend\Application\Bootstrap\Bootstrap.php
-- Line: 97
-- Function: dispatch
-- Class: Zend_Controller_Front

#4
-- File: C:\Program Files\Zend\Apache2\htdocs\NghienCuuKhoaHoc\library\Zend\Application.php
-- Line: 366
-- Function: run
-- Class: Zend_Application_Bootstrap_Bootstrap

#5
-- File: C:\Program Files\Zend\Apache2\htdocs\NghienCuuKhoaHoc\public\index.php
-- Line: 68
-- Function: run
-- Class: Zend_Application



KHCN CMS - 2012-06-02T16:31:05+07:00
DEBUG [7]: Zend_Controller_Dispatcher_Exception
Message: Invalid controller specified (closeImage)
Stack trace: 4
#0
-- File: C:\Program Files\Zend\Apache2\htdocs\NghienCuuKhoaHoc\library\Zend\Controller\Front.php
-- Line: 954
-- Function: dispatch
-- Class: Zend_Controller_Dispatcher_Standard

#1
-- File: C:\Program Files\Zend\Apache2\htdocs\NghienCuuKhoaHoc\library\Zend\Application\Bootstrap\Bootstrap.php
-- Line: 97
-- Function: dispatch
-- Class: Zend_Controller_Front

#2
-- File: C:\Program Files\Zend\Apache2\htdocs\NghienCuuKhoaHoc\library\Zend\Application.php
-- Line: 366
-- Function: run
-- Class: Zend_Application_Bootstrap_Bootstrap

#3
-- File: C:\Program Files\Zend\Apache2\htdocs\NghienCuuKhoaHoc\public\index.php
-- Line: 68
-- Function: run
-- Class: Zend_Application



KHCN CMS - 2012-06-02T16:31:51+07:00
DEBUG [7]: Zend_Acl_Exception
Message: Resource 'admin:closeImage' not found
Stack trace: 7
#0
-- File: C:\Program Files\Zend\Apache2\htdocs\NghienCuuKhoaHoc\library\Zend\Acl.php
-- Line: 846
-- Function: get
-- Class: Zend_Acl

#1
-- File: C:\Program Files\Zend\Apache2\htdocs\NghienCuuKhoaHoc\library\Khcn\Controller\Plugin\Acl.php
-- Line: 32
-- Function: isAllowed
-- Class: Zend_Acl

#2
-- File: C:\Program Files\Zend\Apache2\htdocs\NghienCuuKhoaHoc\library\Zend\Controller\Plugin\Broker.php
-- Line: 309
-- Function: preDispatch
-- Class: Khcn_Controller_Plugin_Acl

#3
-- File: C:\Program Files\Zend\Apache2\htdocs\NghienCuuKhoaHoc\library\Zend\Controller\Front.php
-- Line: 941
-- Function: preDispatch
-- Class: Zend_Controller_Plugin_Broker

#4
-- File: C:\Program Files\Zend\Apache2\htdocs\NghienCuuKhoaHoc\library\Zend\Application\Bootstrap\Bootstrap.php
-- Line: 97
-- Function: dispatch
-- Class: Zend_Controller_Front

#5
-- File: C:\Program Files\Zend\Apache2\htdocs\NghienCuuKhoaHoc\library\Zend\Application.php
-- Line: 366
-- Function: run
-- Class: Zend_Application_Bootstrap_Bootstrap

#6
-- File: C:\Program Files\Zend\Apache2\htdocs\NghienCuuKhoaHoc\public\index.php
-- Line: 68
-- Function: run
-- Class: Zend_Application



KHCN CMS - 2012-06-02T16:45:48+07:00
DEBUG [7]: Zend_Controller_Action_Exception (404) 
Message: Action "closeimage" does not exist and was not trapped in __call()
Stack trace: 6
#0
-- File: C:\Program Files\Zend\Apache2\htdocs\NghienCuuKhoaHoc\library\Zend\Controller\Action.php
-- Line: 518
-- Function: __call
-- Class: Zend_Controller_Action

#1
-- File: C:\Program Files\Zend\Apache2\htdocs\NghienCuuKhoaHoc\library\Zend\Controller\Dispatcher\Standard.php
-- Line: 295
-- Function: dispatch
-- Class: Zend_Controller_Action

#2
-- File: C:\Program Files\Zend\Apache2\htdocs\NghienCuuKhoaHoc\library\Zend\Controller\Front.php
-- Line: 954
-- Function: dispatch
-- Class: Zend_Controller_Dispatcher_Standard

#3
-- File: C:\Program Files\Zend\Apache2\htdocs\NghienCuuKhoaHoc\library\Zend\Application\Bootstrap\Bootstrap.php
-- Line: 97
-- Function: dispatch
-- Class: Zend_Controller_Front

#4
-- File: C:\Program Files\Zend\Apache2\htdocs\NghienCuuKhoaHoc\library\Zend\Application.php
-- Line: 366
-- Function: run
-- Class: Zend_Application_Bootstrap_Bootstrap

#5
-- File: C:\Program Files\Zend\Apache2\htdocs\NghienCuuKhoaHoc\public\index.php
-- Line: 68
-- Function: run
-- Class: Zend_Application



KHCN CMS - 2012-06-02T16:46:03+07:00
DEBUG [7]: Zend_Controller_Action_Exception (404) 
Message: Action "closeimage" does not exist and was not trapped in __call()
Stack trace: 6
#0
-- File: C:\Program Files\Zend\Apache2\htdocs\NghienCuuKhoaHoc\library\Zend\Controller\Action.php
-- Line: 518
-- Function: __call
-- Class: Zend_Controller_Action

#1
-- File: C:\Program Files\Zend\Apache2\htdocs\NghienCuuKhoaHoc\library\Zend\Controller\Dispatcher\Standard.php
-- Line: 295
-- Function: dispatch
-- Class: Zend_Controller_Action

#2
-- File: C:\Program Files\Zend\Apache2\htdocs\NghienCuuKhoaHoc\library\Zend\Controller\Front.php
-- Line: 954
-- Function: dispatch
-- Class: Zend_Controller_Dispatcher_Standard

#3
-- File: C:\Program Files\Zend\Apache2\htdocs\NghienCuuKhoaHoc\library\Zend\Application\Bootstrap\Bootstrap.php
-- Line: 97
-- Function: dispatch
-- Class: Zend_Controller_Front

#4
-- File: C:\Program Files\Zend\Apache2\htdocs\NghienCuuKhoaHoc\library\Zend\Application.php
-- Line: 366
-- Function: run
-- Class: Zend_Application_Bootstrap_Bootstrap

#5
-- File: C:\Program Files\Zend\Apache2\htdocs\NghienCuuKhoaHoc\public\index.php
-- Line: 68
-- Function: run
-- Class: Zend_Application



KHCN CMS - 2012-06-02T16:46:32+07:00
DEBUG [7]: Zend_Controller_Action_Exception (404) 
Message: Action "closeimage" does not exist and was not trapped in __call()
Stack trace: 6
#0
-- File: C:\Program Files\Zend\Apache2\htdocs\NghienCuuKhoaHoc\library\Zend\Controller\Action.php
-- Line: 518
-- Function: __call
-- Class: Zend_Controller_Action

#1
-- File: C:\Program Files\Zend\Apache2\htdocs\NghienCuuKhoaHoc\library\Zend\Controller\Dispatcher\Standard.php
-- Line: 295
-- Function: dispatch
-- Class: Zend_Controller_Action

#2
-- File: C:\Program Files\Zend\Apache2\htdocs\NghienCuuKhoaHoc\library\Zend\Controller\Front.php
-- Line: 954
-- Function: dispatch
-- Class: Zend_Controller_Dispatcher_Standard

#3
-- File: C:\Program Files\Zend\Apache2\htdocs\NghienCuuKhoaHoc\library\Zend\Application\Bootstrap\Bootstrap.php
-- Line: 97
-- Function: dispatch
-- Class: Zend_Controller_Front

#4
-- File: C:\Program Files\Zend\Apache2\htdocs\NghienCuuKhoaHoc\library\Zend\Application.php
-- Line: 366
-- Function: run
-- Class: Zend_Application_Bootstrap_Bootstrap

#5
-- File: C:\Program Files\Zend\Apache2\htdocs\NghienCuuKhoaHoc\public\index.php
-- Line: 68
-- Function: run
-- Class: Zend_Application



KHCN CMS - 2012-06-02T16:46:36+07:00
DEBUG [7]: Zend_Controller_Action_Exception (404) 
Message: Action "closeimage" does not exist and was not trapped in __call()
Stack trace: 6
#0
-- File: C:\Program Files\Zend\Apache2\htdocs\NghienCuuKhoaHoc\library\Zend\Controller\Action.php
-- Line: 518
-- Function: __call
-- Class: Zend_Controller_Action

#1
-- File: C:\Program Files\Zend\Apache2\htdocs\NghienCuuKhoaHoc\library\Zend\Controller\Dispatcher\Standard.php
-- Line: 295
-- Function: dispatch
-- Class: Zend_Controller_Action

#2
-- File: C:\Program Files\Zend\Apache2\htdocs\NghienCuuKhoaHoc\library\Zend\Controller\Front.php
-- Line: 954
-- Function: dispatch
-- Class: Zend_Controller_Dispatcher_Standard

#3
-- File: C:\Program Files\Zend\Apache2\htdocs\NghienCuuKhoaHoc\library\Zend\Application\Bootstrap\Bootstrap.php
-- Line: 97
-- Function: dispatch
-- Class: Zend_Controller_Front

#4
-- File: C:\Program Files\Zend\Apache2\htdocs\NghienCuuKhoaHoc\library\Zend\Application.php
-- Line: 366
-- Function: run
-- Class: Zend_Application_Bootstrap_Bootstrap

#5
-- File: C:\Program Files\Zend\Apache2\htdocs\NghienCuuKhoaHoc\public\index.php
-- Line: 68
-- Function: run
-- Class: Zend_Application



KHCN CMS - 2012-06-02T16:46:43+07:00
DEBUG [7]: Zend_Acl_Exception
Message: Resource 'admin:images' not found
Stack trace: 7
#0
-- File: C:\Program Files\Zend\Apache2\htdocs\NghienCuuKhoaHoc\library\Zend\Acl.php
-- Line: 846
-- Function: get
-- Class: Zend_Acl

#1
-- File: C:\Program Files\Zend\Apache2\htdocs\NghienCuuKhoaHoc\library\Khcn\Controller\Plugin\Acl.php
-- Line: 32
-- Function: isAllowed
-- Class: Zend_Acl

#2
-- File: C:\Program Files\Zend\Apache2\htdocs\NghienCuuKhoaHoc\library\Zend\Controller\Plugin\Broker.php
-- Line: 309
-- Function: preDispatch
-- Class: Khcn_Controller_Plugin_Acl

#3
-- File: C:\Program Files\Zend\Apache2\htdocs\NghienCuuKhoaHoc\library\Zend\Controller\Front.php
-- Line: 941
-- Function: preDispatch
-- Class: Zend_Controller_Plugin_Broker

#4
-- File: C:\Program Files\Zend\Apache2\htdocs\NghienCuuKhoaHoc\library\Zend\Application\Bootstrap\Bootstrap.php
-- Line: 97
-- Function: dispatch
-- Class: Zend_Controller_Front

#5
-- File: C:\Program Files\Zend\Apache2\htdocs\NghienCuuKhoaHoc\library\Zend\Application.php
-- Line: 366
-- Function: run
-- Class: Zend_Application_Bootstrap_Bootstrap

#6
-- File: C:\Program Files\Zend\Apache2\htdocs\NghienCuuKhoaHoc\public\index.php
-- Line: 68
-- Function: run
-- Class: Zend_Application



KHCN CMS - 2012-06-02T16:46:52+07:00
DEBUG [7]: Zend_Controller_Action_Exception (404) 
Message: Action "closeimage" does not exist and was not trapped in __call()
Stack trace: 6
#0
-- File: C:\Program Files\Zend\Apache2\htdocs\NghienCuuKhoaHoc\library\Zend\Controller\Action.php
-- Line: 518
-- Function: __call
-- Class: Zend_Controller_Action

#1
-- File: C:\Program Files\Zend\Apache2\htdocs\NghienCuuKhoaHoc\library\Zend\Controller\Dispatcher\Standard.php
-- Line: 295
-- Function: dispatch
-- Class: Zend_Controller_Action

#2
-- File: C:\Program Files\Zend\Apache2\htdocs\NghienCuuKhoaHoc\library\Zend\Controller\Front.php
-- Line: 954
-- Function: dispatch
-- Class: Zend_Controller_Dispatcher_Standard

#3
-- File: C:\Program Files\Zend\Apache2\htdocs\NghienCuuKhoaHoc\library\Zend\Application\Bootstrap\Bootstrap.php
-- Line: 97
-- Function: dispatch
-- Class: Zend_Controller_Front

#4
-- File: C:\Program Files\Zend\Apache2\htdocs\NghienCuuKhoaHoc\library\Zend\Application.php
-- Line: 366
-- Function: run
-- Class: Zend_Application_Bootstrap_Bootstrap

#5
-- File: C:\Program Files\Zend\Apache2\htdocs\NghienCuuKhoaHoc\public\index.php
-- Line: 68
-- Function: run
-- Class: Zend_Application



KHCN CMS - 2012-06-02T16:47:11+07:00
DEBUG [7]: Zend_Controller_Action_Exception (404) 
Message: Action "closeimage" does not exist and was not trapped in __call()
Stack trace: 6
#0
-- File: C:\Program Files\Zend\Apache2\htdocs\NghienCuuKhoaHoc\library\Zend\Controller\Action.php
-- Line: 518
-- Function: __call
-- Class: Zend_Controller_Action

#1
-- File: C:\Program Files\Zend\Apache2\htdocs\NghienCuuKhoaHoc\library\Zend\Controller\Dispatcher\Standard.php
-- Line: 295
-- Function: dispatch
-- Class: Zend_Controller_Action

#2
-- File: C:\Program Files\Zend\Apache2\htdocs\NghienCuuKhoaHoc\library\Zend\Controller\Front.php
-- Line: 954
-- Function: dispatch
-- Class: Zend_Controller_Dispatcher_Standard

#3
-- File: C:\Program Files\Zend\Apache2\htdocs\NghienCuuKhoaHoc\library\Zend\Application\Bootstrap\Bootstrap.php
-- Line: 97
-- Function: dispatch
-- Class: Zend_Controller_Front

#4
-- File: C:\Program Files\Zend\Apache2\htdocs\NghienCuuKhoaHoc\library\Zend\Application.php
-- Line: 366
-- Function: run
-- Class: Zend_Application_Bootstrap_Bootstrap

#5
-- File: C:\Program Files\Zend\Apache2\htdocs\NghienCuuKhoaHoc\public\index.php
-- Line: 68
-- Function: run
-- Class: Zend_Application



KHCN CMS - 2012-06-02T16:48:04+07:00
DEBUG [7]: Zend_Controller_Action_Exception (404) 
Message: Action "closeimage" does not exist and was not trapped in __call()
Stack trace: 6
#0
-- File: C:\Program Files\Zend\Apache2\htdocs\NghienCuuKhoaHoc\library\Zend\Controller\Action.php
-- Line: 518
-- Function: __call
-- Class: Zend_Controller_Action

#1
-- File: C:\Program Files\Zend\Apache2\htdocs\NghienCuuKhoaHoc\library\Zend\Controller\Dispatcher\Standard.php
-- Line: 295
-- Function: dispatch
-- Class: Zend_Controller_Action

#2
-- File: C:\Program Files\Zend\Apache2\htdocs\NghienCuuKhoaHoc\library\Zend\Controller\Front.php
-- Line: 954
-- Function: dispatch
-- Class: Zend_Controller_Dispatcher_Standard

#3
-- File: C:\Program Files\Zend\Apache2\htdocs\NghienCuuKhoaHoc\library\Zend\Application\Bootstrap\Bootstrap.php
-- Line: 97
-- Function: dispatch
-- Class: Zend_Controller_Front

#4
-- File: C:\Program Files\Zend\Apache2\htdocs\NghienCuuKhoaHoc\library\Zend\Application.php
-- Line: 366
-- Function: run
-- Class: Zend_Application_Bootstrap_Bootstrap

#5
-- File: C:\Program Files\Zend\Apache2\htdocs\NghienCuuKhoaHoc\public\index.php
-- Line: 68
-- Function: run
-- Class: Zend_Application



KHCN CMS - 2012-06-02T16:49:39+07:00
DEBUG [7]: Zend_Acl_Exception
Message: Resource 'admin:closeImage' not found
Stack trace: 7
#0
-- File: C:\Program Files\Zend\Apache2\htdocs\NghienCuuKhoaHoc\library\Zend\Acl.php
-- Line: 846
-- Function: get
-- Class: Zend_Acl

#1
-- File: C:\Program Files\Zend\Apache2\htdocs\NghienCuuKhoaHoc\library\Khcn\Controller\Plugin\Acl.php
-- Line: 32
-- Function: isAllowed
-- Class: Zend_Acl

#2
-- File: C:\Program Files\Zend\Apache2\htdocs\NghienCuuKhoaHoc\library\Zend\Controller\Plugin\Broker.php
-- Line: 309
-- Function: preDispatch
-- Class: Khcn_Controller_Plugin_Acl

#3
-- File: C:\Program Files\Zend\Apache2\htdocs\NghienCuuKhoaHoc\library\Zend\Controller\Front.php
-- Line: 941
-- Function: preDispatch
-- Class: Zend_Controller_Plugin_Broker

#4
-- File: C:\Program Files\Zend\Apache2\htdocs\NghienCuuKhoaHoc\library\Zend\Application\Bootstrap\Bootstrap.php
-- Line: 97
-- Function: dispatch
-- Class: Zend_Controller_Front

#5
-- File: C:\Program Files\Zend\Apache2\htdocs\NghienCuuKhoaHoc\library\Zend\Application.php
-- Line: 366
-- Function: run
-- Class: Zend_Application_Bootstrap_Bootstrap

#6
-- File: C:\Program Files\Zend\Apache2\htdocs\NghienCuuKhoaHoc\public\index.php
-- Line: 68
-- Function: run
-- Class: Zend_Application



KHCN CMS - 2012-06-02T16:50:09+07:00
DEBUG [7]: Zend_Controller_Action_Exception (404) 
Message: Action "closeimage" does not exist and was not trapped in __call()
Stack trace: 6
#0
-- File: C:\Program Files\Zend\Apache2\htdocs\NghienCuuKhoaHoc\library\Zend\Controller\Action.php
-- Line: 518
-- Function: __call
-- Class: Zend_Controller_Action

#1
-- File: C:\Program Files\Zend\Apache2\htdocs\NghienCuuKhoaHoc\library\Zend\Controller\Dispatcher\Standard.php
-- Line: 295
-- Function: dispatch
-- Class: Zend_Controller_Action

#2
-- File: C:\Program Files\Zend\Apache2\htdocs\NghienCuuKhoaHoc\library\Zend\Controller\Front.php
-- Line: 954
-- Function: dispatch
-- Class: Zend_Controller_Dispatcher_Standard

#3
-- File: C:\Program Files\Zend\Apache2\htdocs\NghienCuuKhoaHoc\library\Zend\Application\Bootstrap\Bootstrap.php
-- Line: 97
-- Function: dispatch
-- Class: Zend_Controller_Front

#4
-- File: C:\Program Files\Zend\Apache2\htdocs\NghienCuuKhoaHoc\library\Zend\Application.php
-- Line: 366
-- Function: run
-- Class: Zend_Application_Bootstrap_Bootstrap

#5
-- File: C:\Program Files\Zend\Apache2\htdocs\NghienCuuKhoaHoc\public\index.php
-- Line: 68
-- Function: run
-- Class: Zend_Application



KHCN CMS - 2012-06-02T16:54:21+07:00
DEBUG [7]: Zend_Controller_Action_Exception (404) 
Message: Action "closeimage" does not exist and was not trapped in __call()
Stack trace: 6
#0
-- File: C:\Program Files\Zend\Apache2\htdocs\NghienCuuKhoaHoc\library\Zend\Controller\Action.php
-- Line: 518
-- Function: __call
-- Class: Zend_Controller_Action

#1
-- File: C:\Program Files\Zend\Apache2\htdocs\NghienCuuKhoaHoc\library\Zend\Controller\Dispatcher\Standard.php
-- Line: 295
-- Function: dispatch
-- Class: Zend_Controller_Action

#2
-- File: C:\Program Files\Zend\Apache2\htdocs\NghienCuuKhoaHoc\library\Zend\Controller\Front.php
-- Line: 954
-- Function: dispatch
-- Class: Zend_Controller_Dispatcher_Standard

#3
-- File: C:\Program Files\Zend\Apache2\htdocs\NghienCuuKhoaHoc\library\Zend\Application\Bootstrap\Bootstrap.php
-- Line: 97
-- Function: dispatch
-- Class: Zend_Controller_Front

#4
-- File: C:\Program Files\Zend\Apache2\htdocs\NghienCuuKhoaHoc\library\Zend\Application.php
-- Line: 366
-- Function: run
-- Class: Zend_Application_Bootstrap_Bootstrap

#5
-- File: C:\Program Files\Zend\Apache2\htdocs\NghienCuuKhoaHoc\public\index.php
-- Line: 68
-- Function: run
-- Class: Zend_Application



KHCN CMS - 2012-06-02T16:59:34+07:00
DEBUG [7]: Zend_Acl_Exception
Message: Resource 'admin:closeImage' not found
Stack trace: 7
#0
-- File: C:\Program Files\Zend\Apache2\htdocs\NghienCuuKhoaHoc\library\Zend\Acl.php
-- Line: 846
-- Function: get
-- Class: Zend_Acl

#1
-- File: C:\Program Files\Zend\Apache2\htdocs\NghienCuuKhoaHoc\library\Khcn\Controller\Plugin\Acl.php
-- Line: 32
-- Function: isAllowed
-- Class: Zend_Acl

#2
-- File: C:\Program Files\Zend\Apache2\htdocs\NghienCuuKhoaHoc\library\Zend\Controller\Plugin\Broker.php
-- Line: 309
-- Function: preDispatch
-- Class: Khcn_Controller_Plugin_Acl

#3
-- File: C:\Program Files\Zend\Apache2\htdocs\NghienCuuKhoaHoc\library\Zend\Controller\Front.php
-- Line: 941
-- Function: preDispatch
-- Class: Zend_Controller_Plugin_Broker

#4
-- File: C:\Program Files\Zend\Apache2\htdocs\NghienCuuKhoaHoc\library\Zend\Application\Bootstrap\Bootstrap.php
-- Line: 97
-- Function: dispatch
-- Class: Zend_Controller_Front

#5
-- File: C:\Program Files\Zend\Apache2\htdocs\NghienCuuKhoaHoc\library\Zend\Application.php
-- Line: 366
-- Function: run
-- Class: Zend_Application_Bootstrap_Bootstrap

#6
-- File: C:\Program Files\Zend\Apache2\htdocs\NghienCuuKhoaHoc\public\index.php
-- Line: 68
-- Function: run
-- Class: Zend_Application



KHCN CMS - 2012-06-02T17:02:45+07:00
DEBUG [7]: Zend_Controller_Action_Exception (404) 
Message: Action "closeimage" does not exist and was not trapped in __call()
Stack trace: 6
#0
-- File: C:\Program Files\Zend\Apache2\htdocs\NghienCuuKhoaHoc\library\Zend\Controller\Action.php
-- Line: 518
-- Function: __call
-- Class: Zend_Controller_Action

#1
-- File: C:\Program Files\Zend\Apache2\htdocs\NghienCuuKhoaHoc\library\Zend\Controller\Dispatcher\Standard.php
-- Line: 295
-- Function: dispatch
-- Class: Zend_Controller_Action

#2
-- File: C:\Program Files\Zend\Apache2\htdocs\NghienCuuKhoaHoc\library\Zend\Controller\Front.php
-- Line: 954
-- Function: dispatch
-- Class: Zend_Controller_Dispatcher_Standard

#3
-- File: C:\Program Files\Zend\Apache2\htdocs\NghienCuuKhoaHoc\library\Zend\Application\Bootstrap\Bootstrap.php
-- Line: 97
-- Function: dispatch
-- Class: Zend_Controller_Front

#4
-- File: C:\Program Files\Zend\Apache2\htdocs\NghienCuuKhoaHoc\library\Zend\Application.php
-- Line: 366
-- Function: run
-- Class: Zend_Application_Bootstrap_Bootstrap

#5
-- File: C:\Program Files\Zend\Apache2\htdocs\NghienCuuKhoaHoc\public\index.php
-- Line: 68
-- Function: run
-- Class: Zend_Application



KHCN CMS - 2012-06-02T17:02:49+07:00
DEBUG [7]: Zend_Acl_Exception
Message: Resource 'admin:closeImage' not found
Stack trace: 7
#0
-- File: C:\Program Files\Zend\Apache2\htdocs\NghienCuuKhoaHoc\library\Zend\Acl.php
-- Line: 846
-- Function: get
-- Class: Zend_Acl

#1
-- File: C:\Program Files\Zend\Apache2\htdocs\NghienCuuKhoaHoc\library\Khcn\Controller\Plugin\Acl.php
-- Line: 32
-- Function: isAllowed
-- Class: Zend_Acl

#2
-- File: C:\Program Files\Zend\Apache2\htdocs\NghienCuuKhoaHoc\library\Zend\Controller\Plugin\Broker.php
-- Line: 309
-- Function: preDispatch
-- Class: Khcn_Controller_Plugin_Acl

#3
-- File: C:\Program Files\Zend\Apache2\htdocs\NghienCuuKhoaHoc\library\Zend\Controller\Front.php
-- Line: 941
-- Function: preDispatch
-- Class: Zend_Controller_Plugin_Broker

#4
-- File: C:\Program Files\Zend\Apache2\htdocs\NghienCuuKhoaHoc\library\Zend\Application\Bootstrap\Bootstrap.php
-- Line: 97
-- Function: dispatch
-- Class: Zend_Controller_Front

#5
-- File: C:\Program Files\Zend\Apache2\htdocs\NghienCuuKhoaHoc\library\Zend\Application.php
-- Line: 366
-- Function: run
-- Class: Zend_Application_Bootstrap_Bootstrap

#6
-- File: C:\Program Files\Zend\Apache2\htdocs\NghienCuuKhoaHoc\public\index.php
-- Line: 68
-- Function: run
-- Class: Zend_Application



KHCN CMS - 2012-06-02T19:21:15+07:00
DEBUG [7]: Zend_Controller_Dispatcher_Exception
Message: Invalid controller specified (closeImage)
Stack trace: 4
#0
-- File: C:\Program Files\Zend\Apache2\htdocs\NghienCuuKhoaHoc\library\Zend\Controller\Front.php
-- Line: 954
-- Function: dispatch
-- Class: Zend_Controller_Dispatcher_Standard

#1
-- File: C:\Program Files\Zend\Apache2\htdocs\NghienCuuKhoaHoc\library\Zend\Application\Bootstrap\Bootstrap.php
-- Line: 97
-- Function: dispatch
-- Class: Zend_Controller_Front

#2
-- File: C:\Program Files\Zend\Apache2\htdocs\NghienCuuKhoaHoc\library\Zend\Application.php
-- Line: 366
-- Function: run
-- Class: Zend_Application_Bootstrap_Bootstrap

#3
-- File: C:\Program Files\Zend\Apache2\htdocs\NghienCuuKhoaHoc\public\index.php
-- Line: 68
-- Function: run
-- Class: Zend_Application



KHCN CMS - 2012-06-02T20:14:55+07:00
DEBUG [7]: Zend_Controller_Action_Exception (404) 
Message: Action "closeimage" does not exist and was not trapped in __call()
Stack trace: 6
#0
-- File: C:\Program Files\Zend\Apache2\htdocs\NghienCuuKhoaHoc\library\Zend\Controller\Action.php
-- Line: 518
-- Function: __call
-- Class: Zend_Controller_Action

#1
-- File: C:\Program Files\Zend\Apache2\htdocs\NghienCuuKhoaHoc\library\Zend\Controller\Dispatcher\Standard.php
-- Line: 295
-- Function: dispatch
-- Class: Zend_Controller_Action

#2
-- File: C:\Program Files\Zend\Apache2\htdocs\NghienCuuKhoaHoc\library\Zend\Controller\Front.php
-- Line: 954
-- Function: dispatch
-- Class: Zend_Controller_Dispatcher_Standard

#3
-- File: C:\Program Files\Zend\Apache2\htdocs\NghienCuuKhoaHoc\library\Zend\Application\Bootstrap\Bootstrap.php
-- Line: 97
-- Function: dispatch
-- Class: Zend_Controller_Front

#4
-- File: C:\Program Files\Zend\Apache2\htdocs\NghienCuuKhoaHoc\library\Zend\Application.php
-- Line: 366
-- Function: run
-- Class: Zend_Application_Bootstrap_Bootstrap

#5
-- File: C:\Program Files\Zend\Apache2\htdocs\NghienCuuKhoaHoc\public\index.php
-- Line: 68
-- Function: run
-- Class: Zend_Application



KHCN CMS - 2012-06-02T20:15:16+07:00
DEBUG [7]: Zend_Acl_Exception
Message: Resource 'admin:closeImage' not found
Stack trace: 7
#0
-- File: C:\Program Files\Zend\Apache2\htdocs\NghienCuuKhoaHoc\library\Zend\Acl.php
-- Line: 846
-- Function: get
-- Class: Zend_Acl

#1
-- File: C:\Program Files\Zend\Apache2\htdocs\NghienCuuKhoaHoc\library\Khcn\Controller\Plugin\Acl.php
-- Line: 32
-- Function: isAllowed
-- Class: Zend_Acl

#2
-- File: C:\Program Files\Zend\Apache2\htdocs\NghienCuuKhoaHoc\library\Zend\Controller\Plugin\Broker.php
-- Line: 309
-- Function: preDispatch
-- Class: Khcn_Controller_Plugin_Acl

#3
-- File: C:\Program Files\Zend\Apache2\htdocs\NghienCuuKhoaHoc\library\Zend\Controller\Front.php
-- Line: 941
-- Function: preDispatch
-- Class: Zend_Controller_Plugin_Broker

#4
-- File: C:\Program Files\Zend\Apache2\htdocs\NghienCuuKhoaHoc\library\Zend\Application\Bootstrap\Bootstrap.php
-- Line: 97
-- Function: dispatch
-- Class: Zend_Controller_Front

#5
-- File: C:\Program Files\Zend\Apache2\htdocs\NghienCuuKhoaHoc\library\Zend\Application.php
-- Line: 366
-- Function: run
-- Class: Zend_Application_Bootstrap_Bootstrap

#6
-- File: C:\Program Files\Zend\Apache2\htdocs\NghienCuuKhoaHoc\public\index.php
-- Line: 68
-- Function: run
-- Class: Zend_Application



KHCN CMS - 2012-06-02T21:03:57+07:00
DEBUG [7]: Zend_Controller_Action_Exception (404) 
Message: Action "closeimage" does not exist and was not trapped in __call()
Stack trace: 6
#0
-- File: C:\Program Files\Zend\Apache2\htdocs\NghienCuuKhoaHoc\library\Zend\Controller\Action.php
-- Line: 518
-- Function: __call
-- Class: Zend_Controller_Action

#1
-- File: C:\Program Files\Zend\Apache2\htdocs\NghienCuuKhoaHoc\library\Zend\Controller\Dispatcher\Standard.php
-- Line: 295
-- Function: dispatch
-- Class: Zend_Controller_Action

#2
-- File: C:\Program Files\Zend\Apache2\htdocs\NghienCuuKhoaHoc\library\Zend\Controller\Front.php
-- Line: 954
-- Function: dispatch
-- Class: Zend_Controller_Dispatcher_Standard

#3
-- File: C:\Program Files\Zend\Apache2\htdocs\NghienCuuKhoaHoc\library\Zend\Application\Bootstrap\Bootstrap.php
-- Line: 97
-- Function: dispatch
-- Class: Zend_Controller_Front

#4
-- File: C:\Program Files\Zend\Apache2\htdocs\NghienCuuKhoaHoc\library\Zend\Application.php
-- Line: 366
-- Function: run
-- Class: Zend_Application_Bootstrap_Bootstrap

#5
-- File: C:\Program Files\Zend\Apache2\htdocs\NghienCuuKhoaHoc\public\index.php
-- Line: 68
-- Function: run
-- Class: Zend_Application



KHCN CMS - 2012-06-02T21:05:01+07:00
DEBUG [7]: Zend_Controller_Action_Exception (404) 
Message: Action "closeimage" does not exist and was not trapped in __call()
Stack trace: 6
#0
-- File: C:\Program Files\Zend\Apache2\htdocs\NghienCuuKhoaHoc\library\Zend\Controller\Action.php
-- Line: 518
-- Function: __call
-- Class: Zend_Controller_Action

#1
-- File: C:\Program Files\Zend\Apache2\htdocs\NghienCuuKhoaHoc\library\Zend\Controller\Dispatcher\Standard.php
-- Line: 295
-- Function: dispatch
-- Class: Zend_Controller_Action

#2
-- File: C:\Program Files\Zend\Apache2\htdocs\NghienCuuKhoaHoc\library\Zend\Controller\Front.php
-- Line: 954
-- Function: dispatch
-- Class: Zend_Controller_Dispatcher_Standard

#3
-- File: C:\Program Files\Zend\Apache2\htdocs\NghienCuuKhoaHoc\library\Zend\Application\Bootstrap\Bootstrap.php
-- Line: 97
-- Function: dispatch
-- Class: Zend_Controller_Front

#4
-- File: C:\Program Files\Zend\Apache2\htdocs\NghienCuuKhoaHoc\library\Zend\Application.php
-- Line: 366
-- Function: run
-- Class: Zend_Application_Bootstrap_Bootstrap

#5
-- File: C:\Program Files\Zend\Apache2\htdocs\NghienCuuKhoaHoc\public\index.php
-- Line: 68
-- Function: run
-- Class: Zend_Application



KHCN CMS - 2012-06-02T21:05:19+07:00
DEBUG [7]: Zend_Controller_Action_Exception (404) 
Message: Action "closeimage" does not exist and was not trapped in __call()
Stack trace: 6
#0
-- File: C:\Program Files\Zend\Apache2\htdocs\NghienCuuKhoaHoc\library\Zend\Controller\Action.php
-- Line: 518
-- Function: __call
-- Class: Zend_Controller_Action

#1
-- File: C:\Program Files\Zend\Apache2\htdocs\NghienCuuKhoaHoc\library\Zend\Controller\Dispatcher\Standard.php
-- Line: 295
-- Function: dispatch
-- Class: Zend_Controller_Action

#2
-- File: C:\Program Files\Zend\Apache2\htdocs\NghienCuuKhoaHoc\library\Zend\Controller\Front.php
-- Line: 954
-- Function: dispatch
-- Class: Zend_Controller_Dispatcher_Standard

#3
-- File: C:\Program Files\Zend\Apache2\htdocs\NghienCuuKhoaHoc\library\Zend\Application\Bootstrap\Bootstrap.php
-- Line: 97
-- Function: dispatch
-- Class: Zend_Controller_Front

#4
-- File: C:\Program Files\Zend\Apache2\htdocs\NghienCuuKhoaHoc\library\Zend\Application.php
-- Line: 366
-- Function: run
-- Class: Zend_Application_Bootstrap_Bootstrap

#5
-- File: C:\Program Files\Zend\Apache2\htdocs\NghienCuuKhoaHoc\public\index.php
-- Line: 68
-- Function: run
-- Class: Zend_Application



KHCN CMS - 2012-06-02T21:05:23+07:00
DEBUG [7]: Zend_Controller_Action_Exception (404) 
Message: Action "closeimage" does not exist and was not trapped in __call()
Stack trace: 6
#0
-- File: C:\Program Files\Zend\Apache2\htdocs\NghienCuuKhoaHoc\library\Zend\Controller\Action.php
-- Line: 518
-- Function: __call
-- Class: Zend_Controller_Action

#1
-- File: C:\Program Files\Zend\Apache2\htdocs\NghienCuuKhoaHoc\library\Zend\Controller\Dispatcher\Standard.php
-- Line: 295
-- Function: dispatch
-- Class: Zend_Controller_Action

#2
-- File: C:\Program Files\Zend\Apache2\htdocs\NghienCuuKhoaHoc\library\Zend\Controller\Front.php
-- Line: 954
-- Function: dispatch
-- Class: Zend_Controller_Dispatcher_Standard

#3
-- File: C:\Program Files\Zend\Apache2\htdocs\NghienCuuKhoaHoc\library\Zend\Application\Bootstrap\Bootstrap.php
-- Line: 97
-- Function: dispatch
-- Class: Zend_Controller_Front

#4
-- File: C:\Program Files\Zend\Apache2\htdocs\NghienCuuKhoaHoc\library\Zend\Application.php
-- Line: 366
-- Function: run
-- Class: Zend_Application_Bootstrap_Bootstrap

#5
-- File: C:\Program Files\Zend\Apache2\htdocs\NghienCuuKhoaHoc\public\index.php
-- Line: 68
-- Function: run
-- Class: Zend_Application



KHCN CMS - 2012-06-02T21:05:39+07:00
DEBUG [7]: Zend_Acl_Exception
Message: Resource 'admin:closeImage' not found
Stack trace: 7
#0
-- File: C:\Program Files\Zend\Apache2\htdocs\NghienCuuKhoaHoc\library\Zend\Acl.php
-- Line: 846
-- Function: get
-- Class: Zend_Acl

#1
-- File: C:\Program Files\Zend\Apache2\htdocs\NghienCuuKhoaHoc\library\Khcn\Controller\Plugin\Acl.php
-- Line: 32
-- Function: isAllowed
-- Class: Zend_Acl

#2
-- File: C:\Program Files\Zend\Apache2\htdocs\NghienCuuKhoaHoc\library\Zend\Controller\Plugin\Broker.php
-- Line: 309
-- Function: preDispatch
-- Class: Khcn_Controller_Plugin_Acl

#3
-- File: C:\Program Files\Zend\Apache2\htdocs\NghienCuuKhoaHoc\library\Zend\Controller\Front.php
-- Line: 941
-- Function: preDispatch
-- Class: Zend_Controller_Plugin_Broker

#4
-- File: C:\Program Files\Zend\Apache2\htdocs\NghienCuuKhoaHoc\library\Zend\Application\Bootstrap\Bootstrap.php
-- Line: 97
-- Function: dispatch
-- Class: Zend_Controller_Front

#5
-- File: C:\Program Files\Zend\Apache2\htdocs\NghienCuuKhoaHoc\library\Zend\Application.php
-- Line: 366
-- Function: run
-- Class: Zend_Application_Bootstrap_Bootstrap

#6
-- File: C:\Program Files\Zend\Apache2\htdocs\NghienCuuKhoaHoc\public\index.php
-- Line: 68
-- Function: run
-- Class: Zend_Application



KHCN CMS - 2012-06-02T21:07:01+07:00
DEBUG [7]: Zend_Controller_Action_Exception (404) 
Message: Action "closeimage" does not exist and was not trapped in __call()
Stack trace: 6
#0
-- File: C:\Program Files\Zend\Apache2\htdocs\NghienCuuKhoaHoc\library\Zend\Controller\Action.php
-- Line: 518
-- Function: __call
-- Class: Zend_Controller_Action

#1
-- File: C:\Program Files\Zend\Apache2\htdocs\NghienCuuKhoaHoc\library\Zend\Controller\Dispatcher\Standard.php
-- Line: 295
-- Function: dispatch
-- Class: Zend_Controller_Action

#2
-- File: C:\Program Files\Zend\Apache2\htdocs\NghienCuuKhoaHoc\library\Zend\Controller\Front.php
-- Line: 954
-- Function: dispatch
-- Class: Zend_Controller_Dispatcher_Standard

#3
-- File: C:\Program Files\Zend\Apache2\htdocs\NghienCuuKhoaHoc\library\Zend\Application\Bootstrap\Bootstrap.php
-- Line: 97
-- Function: dispatch
-- Class: Zend_Controller_Front

#4
-- File: C:\Program Files\Zend\Apache2\htdocs\NghienCuuKhoaHoc\library\Zend\Application.php
-- Line: 366
-- Function: run
-- Class: Zend_Application_Bootstrap_Bootstrap

#5
-- File: C:\Program Files\Zend\Apache2\htdocs\NghienCuuKhoaHoc\public\index.php
-- Line: 68
-- Function: run
-- Class: Zend_Application



KHCN CMS - 2012-06-02T21:07:06+07:00
DEBUG [7]: Zend_Controller_Action_Exception (404) 
Message: Action "closeimage" does not exist and was not trapped in __call()
Stack trace: 6
#0
-- File: C:\Program Files\Zend\Apache2\htdocs\NghienCuuKhoaHoc\library\Zend\Controller\Action.php
-- Line: 518
-- Function: __call
-- Class: Zend_Controller_Action

#1
-- File: C:\Program Files\Zend\Apache2\htdocs\NghienCuuKhoaHoc\library\Zend\Controller\Dispatcher\Standard.php
-- Line: 295
-- Function: dispatch
-- Class: Zend_Controller_Action

#2
-- File: C:\Program Files\Zend\Apache2\htdocs\NghienCuuKhoaHoc\library\Zend\Controller\Front.php
-- Line: 954
-- Function: dispatch
-- Class: Zend_Controller_Dispatcher_Standard

#3
-- File: C:\Program Files\Zend\Apache2\htdocs\NghienCuuKhoaHoc\library\Zend\Application\Bootstrap\Bootstrap.php
-- Line: 97
-- Function: dispatch
-- Class: Zend_Controller_Front

#4
-- File: C:\Program Files\Zend\Apache2\htdocs\NghienCuuKhoaHoc\library\Zend\Application.php
-- Line: 366
-- Function: run
-- Class: Zend_Application_Bootstrap_Bootstrap

#5
-- File: C:\Program Files\Zend\Apache2\htdocs\NghienCuuKhoaHoc\public\index.php
-- Line: 68
-- Function: run
-- Class: Zend_Application



KHCN CMS - 2012-06-02T21:07:10+07:00
DEBUG [7]: Exception
Message: Could not find row 0
Stack trace: 8
#0
-- File: C:\Program Files\Zend\Apache2\htdocs\NghienCuuKhoaHoc\application\modules\default\models\BLL\BizGiangVien.php
-- Line: 129
-- Function: getGiangVien
-- Class: Default_Model_DAL_DalGiangVien

#1
-- File: C:\Program Files\Zend\Apache2\htdocs\NghienCuuKhoaHoc\application\modules\admin\controllers\GiangVienController.php
-- Line: 422
-- Function: getGiangVien
-- Class: Default_Model_BLL_BizGiangVien

#2
-- File: C:\Program Files\Zend\Apache2\htdocs\NghienCuuKhoaHoc\library\Zend\Controller\Action.php
-- Line: 516
-- Function: suaAction
-- Class: Admin_GiangVienController

#3
-- File: C:\Program Files\Zend\Apache2\htdocs\NghienCuuKhoaHoc\library\Zend\Controller\Dispatcher\Standard.php
-- Line: 295
-- Function: dispatch
-- Class: Zend_Controller_Action

#4
-- File: C:\Program Files\Zend\Apache2\htdocs\NghienCuuKhoaHoc\library\Zend\Controller\Front.php
-- Line: 954
-- Function: dispatch
-- Class: Zend_Controller_Dispatcher_Standard

#5
-- File: C:\Program Files\Zend\Apache2\htdocs\NghienCuuKhoaHoc\library\Zend\Application\Bootstrap\Bootstrap.php
-- Line: 97
-- Function: dispatch
-- Class: Zend_Controller_Front

#6
-- File: C:\Program Files\Zend\Apache2\htdocs\NghienCuuKhoaHoc\library\Zend\Application.php
-- Line: 366
-- Function: run
-- Class: Zend_Application_Bootstrap_Bootstrap

#7
-- File: C:\Program Files\Zend\Apache2\htdocs\NghienCuuKhoaHoc\public\index.php
-- Line: 68
-- Function: run
-- Class: Zend_Application



KHCN CMS - 2012-06-02T21:07:10+07:00
DEBUG [7]: Zend_Acl_Exception
Message: Resource 'admin:images' not found
Stack trace: 7
#0
-- File: C:\Program Files\Zend\Apache2\htdocs\NghienCuuKhoaHoc\library\Zend\Acl.php
-- Line: 846
-- Function: get
-- Class: Zend_Acl

#1
-- File: C:\Program Files\Zend\Apache2\htdocs\NghienCuuKhoaHoc\library\Khcn\Controller\Plugin\Acl.php
-- Line: 32
-- Function: isAllowed
-- Class: Zend_Acl

#2
-- File: C:\Program Files\Zend\Apache2\htdocs\NghienCuuKhoaHoc\library\Zend\Controller\Plugin\Broker.php
-- Line: 309
-- Function: preDispatch
-- Class: Khcn_Controller_Plugin_Acl

#3
-- File: C:\Program Files\Zend\Apache2\htdocs\NghienCuuKhoaHoc\library\Zend\Controller\Front.php
-- Line: 941
-- Function: preDispatch
-- Class: Zend_Controller_Plugin_Broker

#4
-- File: C:\Program Files\Zend\Apache2\htdocs\NghienCuuKhoaHoc\library\Zend\Application\Bootstrap\Bootstrap.php
-- Line: 97
-- Function: dispatch
-- Class: Zend_Controller_Front

#5
-- File: C:\Program Files\Zend\Apache2\htdocs\NghienCuuKhoaHoc\library\Zend\Application.php
-- Line: 366
-- Function: run
-- Class: Zend_Application_Bootstrap_Bootstrap

#6
-- File: C:\Program Files\Zend\Apache2\htdocs\NghienCuuKhoaHoc\public\index.php
-- Line: 68
-- Function: run
-- Class: Zend_Application



KHCN CMS - 2012-06-02T21:07:19+07:00
DEBUG [7]: Zend_Controller_Action_Exception (404) 
Message: Action "closeimage" does not exist and was not trapped in __call()
Stack trace: 6
#0
-- File: C:\Program Files\Zend\Apache2\htdocs\NghienCuuKhoaHoc\library\Zend\Controller\Action.php
-- Line: 518
-- Function: __call
-- Class: Zend_Controller_Action

#1
-- File: C:\Program Files\Zend\Apache2\htdocs\NghienCuuKhoaHoc\library\Zend\Controller\Dispatcher\Standard.php
-- Line: 295
-- Function: dispatch
-- Class: Zend_Controller_Action

#2
-- File: C:\Program Files\Zend\Apache2\htdocs\NghienCuuKhoaHoc\library\Zend\Controller\Front.php
-- Line: 954
-- Function: dispatch
-- Class: Zend_Controller_Dispatcher_Standard

#3
-- File: C:\Program Files\Zend\Apache2\htdocs\NghienCuuKhoaHoc\library\Zend\Application\Bootstrap\Bootstrap.php
-- Line: 97
-- Function: dispatch
-- Class: Zend_Controller_Front

#4
-- File: C:\Program Files\Zend\Apache2\htdocs\NghienCuuKhoaHoc\library\Zend\Application.php
-- Line: 366
-- Function: run
-- Class: Zend_Application_Bootstrap_Bootstrap

#5
-- File: C:\Program Files\Zend\Apache2\htdocs\NghienCuuKhoaHoc\public\index.php
-- Line: 68
-- Function: run
-- Class: Zend_Application



KHCN CMS - 2012-06-02T21:08:05+07:00
DEBUG [7]: Zend_Acl_Exception
Message: Resource 'admin:closeImage' not found
Stack trace: 7
#0
-- File: C:\Program Files\Zend\Apache2\htdocs\NghienCuuKhoaHoc\library\Zend\Acl.php
-- Line: 846
-- Function: get
-- Class: Zend_Acl

#1
-- File: C:\Program Files\Zend\Apache2\htdocs\NghienCuuKhoaHoc\library\Khcn\Controller\Plugin\Acl.php
-- Line: 32
-- Function: isAllowed
-- Class: Zend_Acl

#2
-- File: C:\Program Files\Zend\Apache2\htdocs\NghienCuuKhoaHoc\library\Zend\Controller\Plugin\Broker.php
-- Line: 309
-- Function: preDispatch
-- Class: Khcn_Controller_Plugin_Acl

#3
-- File: C:\Program Files\Zend\Apache2\htdocs\NghienCuuKhoaHoc\library\Zend\Controller\Front.php
-- Line: 941
-- Function: preDispatch
-- Class: Zend_Controller_Plugin_Broker

#4
-- File: C:\Program Files\Zend\Apache2\htdocs\NghienCuuKhoaHoc\library\Zend\Application\Bootstrap\Bootstrap.php
-- Line: 97
-- Function: dispatch
-- Class: Zend_Controller_Front

#5
-- File: C:\Program Files\Zend\Apache2\htdocs\NghienCuuKhoaHoc\library\Zend\Application.php
-- Line: 366
-- Function: run
-- Class: Zend_Application_Bootstrap_Bootstrap

#6
-- File: C:\Program Files\Zend\Apache2\htdocs\NghienCuuKhoaHoc\public\index.php
-- Line: 68
-- Function: run
-- Class: Zend_Application



KHCN CMS - 2012-06-02T21:09:43+07:00
DEBUG [7]: Zend_Controller_Action_Exception (404) 
Message: Action "closeimage" does not exist and was not trapped in __call()
Stack trace: 6
#0
-- File: C:\Program Files\Zend\Apache2\htdocs\NghienCuuKhoaHoc\library\Zend\Controller\Action.php
-- Line: 518
-- Function: __call
-- Class: Zend_Controller_Action

#1
-- File: C:\Program Files\Zend\Apache2\htdocs\NghienCuuKhoaHoc\library\Zend\Controller\Dispatcher\Standard.php
-- Line: 295
-- Function: dispatch
-- Class: Zend_Controller_Action

#2
-- File: C:\Program Files\Zend\Apache2\htdocs\NghienCuuKhoaHoc\library\Zend\Controller\Front.php
-- Line: 954
-- Function: dispatch
-- Class: Zend_Controller_Dispatcher_Standard

#3
-- File: C:\Program Files\Zend\Apache2\htdocs\NghienCuuKhoaHoc\library\Zend\Application\Bootstrap\Bootstrap.php
-- Line: 97
-- Function: dispatch
-- Class: Zend_Controller_Front

#4
-- File: C:\Program Files\Zend\Apache2\htdocs\NghienCuuKhoaHoc\library\Zend\Application.php
-- Line: 366
-- Function: run
-- Class: Zend_Application_Bootstrap_Bootstrap

#5
-- File: C:\Program Files\Zend\Apache2\htdocs\NghienCuuKhoaHoc\public\index.php
-- Line: 68
-- Function: run
-- Class: Zend_Application



KHCN CMS - 2012-06-02T21:09:50+07:00
DEBUG [7]: Zend_Controller_Action_Exception (404) 
Message: Action "closeimage" does not exist and was not trapped in __call()
Stack trace: 6
#0
-- File: C:\Program Files\Zend\Apache2\htdocs\NghienCuuKhoaHoc\library\Zend\Controller\Action.php
-- Line: 518
-- Function: __call
-- Class: Zend_Controller_Action

#1
-- File: C:\Program Files\Zend\Apache2\htdocs\NghienCuuKhoaHoc\library\Zend\Controller\Dispatcher\Standard.php
-- Line: 295
-- Function: dispatch
-- Class: Zend_Controller_Action

#2
-- File: C:\Program Files\Zend\Apache2\htdocs\NghienCuuKhoaHoc\library\Zend\Controller\Front.php
-- Line: 954
-- Function: dispatch
-- Class: Zend_Controller_Dispatcher_Standard

#3
-- File: C:\Program Files\Zend\Apache2\htdocs\NghienCuuKhoaHoc\library\Zend\Application\Bootstrap\Bootstrap.php
-- Line: 97
-- Function: dispatch
-- Class: Zend_Controller_Front

#4
-- File: C:\Program Files\Zend\Apache2\htdocs\NghienCuuKhoaHoc\library\Zend\Application.php
-- Line: 366
-- Function: run
-- Class: Zend_Application_Bootstrap_Bootstrap

#5
-- File: C:\Program Files\Zend\Apache2\htdocs\NghienCuuKhoaHoc\public\index.php
-- Line: 68
-- Function: run
-- Class: Zend_Application



KHCN CMS - 2012-06-02T21:37:43+07:00
DEBUG [7]: Zend_Controller_Action_Exception (404) 
Message: Action "closeimage" does not exist and was not trapped in __call()
Stack trace: 6
#0
-- File: C:\Program Files\Zend\Apache2\htdocs\NghienCuuKhoaHoc\library\Zend\Controller\Action.php
-- Line: 518
-- Function: __call
-- Class: Zend_Controller_Action

#1
-- File: C:\Program Files\Zend\Apache2\htdocs\NghienCuuKhoaHoc\library\Zend\Controller\Dispatcher\Standard.php
-- Line: 295
-- Function: dispatch
-- Class: Zend_Controller_Action

#2
-- File: C:\Program Files\Zend\Apache2\htdocs\NghienCuuKhoaHoc\library\Zend\Controller\Front.php
-- Line: 954
-- Function: dispatch
-- Class: Zend_Controller_Dispatcher_Standard

#3
-- File: C:\Program Files\Zend\Apache2\htdocs\NghienCuuKhoaHoc\library\Zend\Application\Bootstrap\Bootstrap.php
-- Line: 97
-- Function: dispatch
-- Class: Zend_Controller_Front

#4
-- File: C:\Program Files\Zend\Apache2\htdocs\NghienCuuKhoaHoc\library\Zend\Application.php
-- Line: 366
-- Function: run
-- Class: Zend_Application_Bootstrap_Bootstrap

#5
-- File: C:\Program Files\Zend\Apache2\htdocs\NghienCuuKhoaHoc\public\index.php
-- Line: 68
-- Function: run
-- Class: Zend_Application



KHCN CMS - 2012-06-02T21:49:06+07:00
DEBUG [7]: Zend_Controller_Action_Exception (404) 
Message: Action "closeimage" does not exist and was not trapped in __call()
Stack trace: 6
#0
-- File: C:\Program Files\Zend\Apache2\htdocs\NghienCuuKhoaHoc\library\Zend\Controller\Action.php
-- Line: 518
-- Function: __call
-- Class: Zend_Controller_Action

#1
-- File: C:\Program Files\Zend\Apache2\htdocs\NghienCuuKhoaHoc\library\Zend\Controller\Dispatcher\Standard.php
-- Line: 295
-- Function: dispatch
-- Class: Zend_Controller_Action

#2
-- File: C:\Program Files\Zend\Apache2\htdocs\NghienCuuKhoaHoc\library\Zend\Controller\Front.php
-- Line: 954
-- Function: dispatch
-- Class: Zend_Controller_Dispatcher_Standard

#3
-- File: C:\Program Files\Zend\Apache2\htdocs\NghienCuuKhoaHoc\library\Zend\Application\Bootstrap\Bootstrap.php
-- Line: 97
-- Function: dispatch
-- Class: Zend_Controller_Front

#4
-- File: C:\Program Files\Zend\Apache2\htdocs\NghienCuuKhoaHoc\library\Zend\Application.php
-- Line: 366
-- Function: run
-- Class: Zend_Application_Bootstrap_Bootstrap

#5
-- File: C:\Program Files\Zend\Apache2\htdocs\NghienCuuKhoaHoc\public\index.php
-- Line: 68
-- Function: run
-- Class: Zend_Application



KHCN CMS - 2012-06-02T21:49:32+07:00
DEBUG [7]: Zend_Controller_Action_Exception (404) 
Message: Action "closeimage" does not exist and was not trapped in __call()
Stack trace: 6
#0
-- File: C:\Program Files\Zend\Apache2\htdocs\NghienCuuKhoaHoc\library\Zend\Controller\Action.php
-- Line: 518
-- Function: __call
-- Class: Zend_Controller_Action

#1
-- File: C:\Program Files\Zend\Apache2\htdocs\NghienCuuKhoaHoc\library\Zend\Controller\Dispatcher\Standard.php
-- Line: 295
-- Function: dispatch
-- Class: Zend_Controller_Action

#2
-- File: C:\Program Files\Zend\Apache2\htdocs\NghienCuuKhoaHoc\library\Zend\Controller\Front.php
-- Line: 954
-- Function: dispatch
-- Class: Zend_Controller_Dispatcher_Standard

#3
-- File: C:\Program Files\Zend\Apache2\htdocs\NghienCuuKhoaHoc\library\Zend\Application\Bootstrap\Bootstrap.php
-- Line: 97
-- Function: dispatch
-- Class: Zend_Controller_Front

#4
-- File: C:\Program Files\Zend\Apache2\htdocs\NghienCuuKhoaHoc\library\Zend\Application.php
-- Line: 366
-- Function: run
-- Class: Zend_Application_Bootstrap_Bootstrap

#5
-- File: C:\Program Files\Zend\Apache2\htdocs\NghienCuuKhoaHoc\public\index.php
-- Line: 68
-- Function: run
-- Class: Zend_Application



KHCN CMS - 2012-06-02T21:49:59+07:00
DEBUG [7]: Zend_Controller_Action_Exception (404) 
Message: Action "closeimage" does not exist and was not trapped in __call()
Stack trace: 6
#0
-- File: C:\Program Files\Zend\Apache2\htdocs\NghienCuuKhoaHoc\library\Zend\Controller\Action.php
-- Line: 518
-- Function: __call
-- Class: Zend_Controller_Action

#1
-- File: C:\Program Files\Zend\Apache2\htdocs\NghienCuuKhoaHoc\library\Zend\Controller\Dispatcher\Standard.php
-- Line: 295
-- Function: dispatch
-- Class: Zend_Controller_Action

#2
-- File: C:\Program Files\Zend\Apache2\htdocs\NghienCuuKhoaHoc\library\Zend\Controller\Front.php
-- Line: 954
-- Function: dispatch
-- Class: Zend_Controller_Dispatcher_Standard

#3
-- File: C:\Program Files\Zend\Apache2\htdocs\NghienCuuKhoaHoc\library\Zend\Application\Bootstrap\Bootstrap.php
-- Line: 97
-- Function: dispatch
-- Class: Zend_Controller_Front

#4
-- File: C:\Program Files\Zend\Apache2\htdocs\NghienCuuKhoaHoc\library\Zend\Application.php
-- Line: 366
-- Function: run
-- Class: Zend_Application_Bootstrap_Bootstrap

#5
-- File: C:\Program Files\Zend\Apache2\htdocs\NghienCuuKhoaHoc\public\index.php
-- Line: 68
-- Function: run
-- Class: Zend_Application



KHCN CMS - 2012-06-02T21:50:01+07:00
DEBUG [7]: Zend_Acl_Exception
Message: Resource 'admin:images' not found
Stack trace: 7
#0
-- File: C:\Program Files\Zend\Apache2\htdocs\NghienCuuKhoaHoc\library\Zend\Acl.php
-- Line: 846
-- Function: get
-- Class: Zend_Acl

#1
-- File: C:\Program Files\Zend\Apache2\htdocs\NghienCuuKhoaHoc\library\Khcn\Controller\Plugin\Acl.php
-- Line: 32
-- Function: isAllowed
-- Class: Zend_Acl

#2
-- File: C:\Program Files\Zend\Apache2\htdocs\NghienCuuKhoaHoc\library\Zend\Controller\Plugin\Broker.php
-- Line: 309
-- Function: preDispatch
-- Class: Khcn_Controller_Plugin_Acl

#3
-- File: C:\Program Files\Zend\Apache2\htdocs\NghienCuuKhoaHoc\library\Zend\Controller\Front.php
-- Line: 941
-- Function: preDispatch
-- Class: Zend_Controller_Plugin_Broker

#4
-- File: C:\Program Files\Zend\Apache2\htdocs\NghienCuuKhoaHoc\library\Zend\Application\Bootstrap\Bootstrap.php
-- Line: 97
-- Function: dispatch
-- Class: Zend_Controller_Front

#5
-- File: C:\Program Files\Zend\Apache2\htdocs\NghienCuuKhoaHoc\library\Zend\Application.php
-- Line: 366
-- Function: run
-- Class: Zend_Application_Bootstrap_Bootstrap

#6
-- File: C:\Program Files\Zend\Apache2\htdocs\NghienCuuKhoaHoc\public\index.php
-- Line: 68
-- Function: run
-- Class: Zend_Application



KHCN CMS - 2012-06-02T21:50:05+07:00
DEBUG [7]: Zend_Acl_Exception
Message: Resource 'admin:images' not found
Stack trace: 7
#0
-- File: C:\Program Files\Zend\Apache2\htdocs\NghienCuuKhoaHoc\library\Zend\Acl.php
-- Line: 846
-- Function: get
-- Class: Zend_Acl

#1
-- File: C:\Program Files\Zend\Apache2\htdocs\NghienCuuKhoaHoc\library\Khcn\Controller\Plugin\Acl.php
-- Line: 32
-- Function: isAllowed
-- Class: Zend_Acl

#2
-- File: C:\Program Files\Zend\Apache2\htdocs\NghienCuuKhoaHoc\library\Zend\Controller\Plugin\Broker.php
-- Line: 309
-- Function: preDispatch
-- Class: Khcn_Controller_Plugin_Acl

#3
-- File: C:\Program Files\Zend\Apache2\htdocs\NghienCuuKhoaHoc\library\Zend\Controller\Front.php
-- Line: 941
-- Function: preDispatch
-- Class: Zend_Controller_Plugin_Broker

#4
-- File: C:\Program Files\Zend\Apache2\htdocs\NghienCuuKhoaHoc\library\Zend\Application\Bootstrap\Bootstrap.php
-- Line: 97
-- Function: dispatch
-- Class: Zend_Controller_Front

#5
-- File: C:\Program Files\Zend\Apache2\htdocs\NghienCuuKhoaHoc\library\Zend\Application.php
-- Line: 366
-- Function: run
-- Class: Zend_Application_Bootstrap_Bootstrap

#6
-- File: C:\Program Files\Zend\Apache2\htdocs\NghienCuuKhoaHoc\public\index.php
-- Line: 68
-- Function: run
-- Class: Zend_Application



KHCN CMS - 2012-06-02T21:50:31+07:00
DEBUG [7]: Zend_Controller_Action_Exception (404) 
Message: Action "closeimage" does not exist and was not trapped in __call()
Stack trace: 6
#0
-- File: C:\Program Files\Zend\Apache2\htdocs\NghienCuuKhoaHoc\library\Zend\Controller\Action.php
-- Line: 518
-- Function: __call
-- Class: Zend_Controller_Action

#1
-- File: C:\Program Files\Zend\Apache2\htdocs\NghienCuuKhoaHoc\library\Zend\Controller\Dispatcher\Standard.php
-- Line: 295
-- Function: dispatch
-- Class: Zend_Controller_Action

#2
-- File: C:\Program Files\Zend\Apache2\htdocs\NghienCuuKhoaHoc\library\Zend\Controller\Front.php
-- Line: 954
-- Function: dispatch
-- Class: Zend_Controller_Dispatcher_Standard

#3
-- File: C:\Program Files\Zend\Apache2\htdocs\NghienCuuKhoaHoc\library\Zend\Application\Bootstrap\Bootstrap.php
-- Line: 97
-- Function: dispatch
-- Class: Zend_Controller_Front

#4
-- File: C:\Program Files\Zend\Apache2\htdocs\NghienCuuKhoaHoc\library\Zend\Application.php
-- Line: 366
-- Function: run
-- Class: Zend_Application_Bootstrap_Bootstrap

#5
-- File: C:\Program Files\Zend\Apache2\htdocs\NghienCuuKhoaHoc\public\index.php
-- Line: 68
-- Function: run
-- Class: Zend_Application



KHCN CMS - 2012-06-02T21:50:36+07:00
DEBUG [7]: Zend_Controller_Action_Exception (404) 
Message: Action "closeimage" does not exist and was not trapped in __call()
Stack trace: 6
#0
-- File: C:\Program Files\Zend\Apache2\htdocs\NghienCuuKhoaHoc\library\Zend\Controller\Action.php
-- Line: 518
-- Function: __call
-- Class: Zend_Controller_Action

#1
-- File: C:\Program Files\Zend\Apache2\htdocs\NghienCuuKhoaHoc\library\Zend\Controller\Dispatcher\Standard.php
-- Line: 295
-- Function: dispatch
-- Class: Zend_Controller_Action

#2
-- File: C:\Program Files\Zend\Apache2\htdocs\NghienCuuKhoaHoc\library\Zend\Controller\Front.php
-- Line: 954
-- Function: dispatch
-- Class: Zend_Controller_Dispatcher_Standard

#3
-- File: C:\Program Files\Zend\Apache2\htdocs\NghienCuuKhoaHoc\library\Zend\Application\Bootstrap\Bootstrap.php
-- Line: 97
-- Function: dispatch
-- Class: Zend_Controller_Front

#4
-- File: C:\Program Files\Zend\Apache2\htdocs\NghienCuuKhoaHoc\library\Zend\Application.php
-- Line: 366
-- Function: run
-- Class: Zend_Application_Bootstrap_Bootstrap

#5
-- File: C:\Program Files\Zend\Apache2\htdocs\NghienCuuKhoaHoc\public\index.php
-- Line: 68
-- Function: run
-- Class: Zend_Application



KHCN CMS - 2012-06-02T21:50:42+07:00
DEBUG [7]: Zend_Controller_Action_Exception (404) 
Message: Action "closeimage" does not exist and was not trapped in __call()
Stack trace: 6
#0
-- File: C:\Program Files\Zend\Apache2\htdocs\NghienCuuKhoaHoc\library\Zend\Controller\Action.php
-- Line: 518
-- Function: __call
-- Class: Zend_Controller_Action

#1
-- File: C:\Program Files\Zend\Apache2\htdocs\NghienCuuKhoaHoc\library\Zend\Controller\Dispatcher\Standard.php
-- Line: 295
-- Function: dispatch
-- Class: Zend_Controller_Action

#2
-- File: C:\Program Files\Zend\Apache2\htdocs\NghienCuuKhoaHoc\library\Zend\Controller\Front.php
-- Line: 954
-- Function: dispatch
-- Class: Zend_Controller_Dispatcher_Standard

#3
-- File: C:\Program Files\Zend\Apache2\htdocs\NghienCuuKhoaHoc\library\Zend\Application\Bootstrap\Bootstrap.php
-- Line: 97
-- Function: dispatch
-- Class: Zend_Controller_Front

#4
-- File: C:\Program Files\Zend\Apache2\htdocs\NghienCuuKhoaHoc\library\Zend\Application.php
-- Line: 366
-- Function: run
-- Class: Zend_Application_Bootstrap_Bootstrap

#5
-- File: C:\Program Files\Zend\Apache2\htdocs\NghienCuuKhoaHoc\public\index.php
-- Line: 68
-- Function: run
-- Class: Zend_Application



KHCN CMS - 2012-06-02T21:50:46+07:00
DEBUG [7]: Zend_Acl_Exception
Message: Resource 'admin:images' not found
Stack trace: 7
#0
-- File: C:\Program Files\Zend\Apache2\htdocs\NghienCuuKhoaHoc\library\Zend\Acl.php
-- Line: 846
-- Function: get
-- Class: Zend_Acl

#1
-- File: C:\Program Files\Zend\Apache2\htdocs\NghienCuuKhoaHoc\library\Khcn\Controller\Plugin\Acl.php
-- Line: 32
-- Function: isAllowed
-- Class: Zend_Acl

#2
-- File: C:\Program Files\Zend\Apache2\htdocs\NghienCuuKhoaHoc\library\Zend\Controller\Plugin\Broker.php
-- Line: 309
-- Function: preDispatch
-- Class: Khcn_Controller_Plugin_Acl

#3
-- File: C:\Program Files\Zend\Apache2\htdocs\NghienCuuKhoaHoc\library\Zend\Controller\Front.php
-- Line: 941
-- Function: preDispatch
-- Class: Zend_Controller_Plugin_Broker

#4
-- File: C:\Program Files\Zend\Apache2\htdocs\NghienCuuKhoaHoc\library\Zend\Application\Bootstrap\Bootstrap.php
-- Line: 97
-- Function: dispatch
-- Class: Zend_Controller_Front

#5
-- File: C:\Program Files\Zend\Apache2\htdocs\NghienCuuKhoaHoc\library\Zend\Application.php
-- Line: 366
-- Function: run
-- Class: Zend_Application_Bootstrap_Bootstrap

#6
-- File: C:\Program Files\Zend\Apache2\htdocs\NghienCuuKhoaHoc\public\index.php
-- Line: 68
-- Function: run
-- Class: Zend_Application



KHCN CMS - 2012-06-02T21:50:46+07:00
DEBUG [7]: Exception
Message: Could not find row 0
Stack trace: 8
#0
-- File: C:\Program Files\Zend\Apache2\htdocs\NghienCuuKhoaHoc\application\modules\default\models\BLL\BizGiangVien.php
-- Line: 129
-- Function: getGiangVien
-- Class: Default_Model_DAL_DalGiangVien

#1
-- File: C:\Program Files\Zend\Apache2\htdocs\NghienCuuKhoaHoc\application\modules\admin\controllers\GiangVienController.php
-- Line: 422
-- Function: getGiangVien
-- Class: Default_Model_BLL_BizGiangVien

#2
-- File: C:\Program Files\Zend\Apache2\htdocs\NghienCuuKhoaHoc\library\Zend\Controller\Action.php
-- Line: 516
-- Function: suaAction
-- Class: Admin_GiangVienController

#3
-- File: C:\Program Files\Zend\Apache2\htdocs\NghienCuuKhoaHoc\library\Zend\Controller\Dispatcher\Standard.php
-- Line: 295
-- Function: dispatch
-- Class: Zend_Controller_Action

#4
-- File: C:\Program Files\Zend\Apache2\htdocs\NghienCuuKhoaHoc\library\Zend\Controller\Front.php
-- Line: 954
-- Function: dispatch
-- Class: Zend_Controller_Dispatcher_Standard

#5
-- File: C:\Program Files\Zend\Apache2\htdocs\NghienCuuKhoaHoc\library\Zend\Application\Bootstrap\Bootstrap.php
-- Line: 97
-- Function: dispatch
-- Class: Zend_Controller_Front

#6
-- File: C:\Program Files\Zend\Apache2\htdocs\NghienCuuKhoaHoc\library\Zend\Application.php
-- Line: 366
-- Function: run
-- Class: Zend_Application_Bootstrap_Bootstrap

#7
-- File: C:\Program Files\Zend\Apache2\htdocs\NghienCuuKhoaHoc\public\index.php
-- Line: 68
-- Function: run
-- Class: Zend_Application



KHCN CMS - 2012-06-02T21:50:52+07:00
DEBUG [7]: Zend_Controller_Action_Exception (404) 
Message: Action "closeimage" does not exist and was not trapped in __call()
Stack trace: 6
#0
-- File: C:\Program Files\Zend\Apache2\htdocs\NghienCuuKhoaHoc\library\Zend\Controller\Action.php
-- Line: 518
-- Function: __call
-- Class: Zend_Controller_Action

#1
-- File: C:\Program Files\Zend\Apache2\htdocs\NghienCuuKhoaHoc\library\Zend\Controller\Dispatcher\Standard.php
-- Line: 295
-- Function: dispatch
-- Class: Zend_Controller_Action

#2
-- File: C:\Program Files\Zend\Apache2\htdocs\NghienCuuKhoaHoc\library\Zend\Controller\Front.php
-- Line: 954
-- Function: dispatch
-- Class: Zend_Controller_Dispatcher_Standard

#3
-- File: C:\Program Files\Zend\Apache2\htdocs\NghienCuuKhoaHoc\library\Zend\Application\Bootstrap\Bootstrap.php
-- Line: 97
-- Function: dispatch
-- Class: Zend_Controller_Front

#4
-- File: C:\Program Files\Zend\Apache2\htdocs\NghienCuuKhoaHoc\library\Zend\Application.php
-- Line: 366
-- Function: run
-- Class: Zend_Application_Bootstrap_Bootstrap

#5
-- File: C:\Program Files\Zend\Apache2\htdocs\NghienCuuKhoaHoc\public\index.php
-- Line: 68
-- Function: run
-- Class: Zend_Application



KHCN CMS - 2012-06-02T22:35:11+07:00
DEBUG [7]: Zend_Controller_Action_Exception (404) 
Message: Action "closeimage" does not exist and was not trapped in __call()
Stack trace: 6
#0
-- File: C:\Program Files\Zend\Apache2\htdocs\NghienCuuKhoaHoc\library\Zend\Controller\Action.php
-- Line: 518
-- Function: __call
-- Class: Zend_Controller_Action

#1
-- File: C:\Program Files\Zend\Apache2\htdocs\NghienCuuKhoaHoc\library\Zend\Controller\Dispatcher\Standard.php
-- Line: 295
-- Function: dispatch
-- Class: Zend_Controller_Action

#2
-- File: C:\Program Files\Zend\Apache2\htdocs\NghienCuuKhoaHoc\library\Zend\Controller\Front.php
-- Line: 954
-- Function: dispatch
-- Class: Zend_Controller_Dispatcher_Standard

#3
-- File: C:\Program Files\Zend\Apache2\htdocs\NghienCuuKhoaHoc\library\Zend\Application\Bootstrap\Bootstrap.php
-- Line: 97
-- Function: dispatch
-- Class: Zend_Controller_Front

#4
-- File: C:\Program Files\Zend\Apache2\htdocs\NghienCuuKhoaHoc\library\Zend\Application.php
-- Line: 366
-- Function: run
-- Class: Zend_Application_Bootstrap_Bootstrap

#5
-- File: C:\Program Files\Zend\Apache2\htdocs\NghienCuuKhoaHoc\public\index.php
-- Line: 68
-- Function: run
-- Class: Zend_Application



KHCN CMS - 2012-06-02T23:27:46+07:00
DEBUG [7]: Zend_Controller_Action_Exception (404) 
Message: Action "closeimage" does not exist and was not trapped in __call()
Stack trace: 6
#0
-- File: C:\Program Files\Zend\Apache2\htdocs\NghienCuuKhoaHoc\library\Zend\Controller\Action.php
-- Line: 518
-- Function: __call
-- Class: Zend_Controller_Action

#1
-- File: C:\Program Files\Zend\Apache2\htdocs\NghienCuuKhoaHoc\library\Zend\Controller\Dispatcher\Standard.php
-- Line: 295
-- Function: dispatch
-- Class: Zend_Controller_Action

#2
-- File: C:\Program Files\Zend\Apache2\htdocs\NghienCuuKhoaHoc\library\Zend\Controller\Front.php
-- Line: 954
-- Function: dispatch
-- Class: Zend_Controller_Dispatcher_Standard

#3
-- File: C:\Program Files\Zend\Apache2\htdocs\NghienCuuKhoaHoc\library\Zend\Application\Bootstrap\Bootstrap.php
-- Line: 97
-- Function: dispatch
-- Class: Zend_Controller_Front

#4
-- File: C:\Program Files\Zend\Apache2\htdocs\NghienCuuKhoaHoc\library\Zend\Application.php
-- Line: 366
-- Function: run
-- Class: Zend_Application_Bootstrap_Bootstrap

#5
-- File: C:\Program Files\Zend\Apache2\htdocs\NghienCuuKhoaHoc\public\index.php
-- Line: 68
-- Function: run
-- Class: Zend_Application



KHCN CMS - 2012-06-02T23:28:52+07:00
DEBUG [7]: Zend_Controller_Action_Exception (404) 
Message: Action "closeimage" does not exist and was not trapped in __call()
Stack trace: 6
#0
-- File: C:\Program Files\Zend\Apache2\htdocs\NghienCuuKhoaHoc\library\Zend\Controller\Action.php
-- Line: 518
-- Function: __call
-- Class: Zend_Controller_Action

#1
-- File: C:\Program Files\Zend\Apache2\htdocs\NghienCuuKhoaHoc\library\Zend\Controller\Dispatcher\Standard.php
-- Line: 295
-- Function: dispatch
-- Class: Zend_Controller_Action

#2
-- File: C:\Program Files\Zend\Apache2\htdocs\NghienCuuKhoaHoc\library\Zend\Controller\Front.php
-- Line: 954
-- Function: dispatch
-- Class: Zend_Controller_Dispatcher_Standard

#3
-- File: C:\Program Files\Zend\Apache2\htdocs\NghienCuuKhoaHoc\library\Zend\Application\Bootstrap\Bootstrap.php
-- Line: 97
-- Function: dispatch
-- Class: Zend_Controller_Front

#4
-- File: C:\Program Files\Zend\Apache2\htdocs\NghienCuuKhoaHoc\library\Zend\Application.php
-- Line: 366
-- Function: run
-- Class: Zend_Application_Bootstrap_Bootstrap

#5
-- File: C:\Program Files\Zend\Apache2\htdocs\NghienCuuKhoaHoc\public\index.php
-- Line: 68
-- Function: run
-- Class: Zend_Application



KHCN CMS - 2012-06-02T23:29:19+07:00
DEBUG [7]: Zend_Controller_Action_Exception (404) 
Message: Action "closeimage" does not exist and was not trapped in __call()
Stack trace: 6
#0
-- File: C:\Program Files\Zend\Apache2\htdocs\NghienCuuKhoaHoc\library\Zend\Controller\Action.php
-- Line: 518
-- Function: __call
-- Class: Zend_Controller_Action

#1
-- File: C:\Program Files\Zend\Apache2\htdocs\NghienCuuKhoaHoc\library\Zend\Controller\Dispatcher\Standard.php
-- Line: 295
-- Function: dispatch
-- Class: Zend_Controller_Action

#2
-- File: C:\Program Files\Zend\Apache2\htdocs\NghienCuuKhoaHoc\library\Zend\Controller\Front.php
-- Line: 954
-- Function: dispatch
-- Class: Zend_Controller_Dispatcher_Standard

#3
-- File: C:\Program Files\Zend\Apache2\htdocs\NghienCuuKhoaHoc\library\Zend\Application\Bootstrap\Bootstrap.php
-- Line: 97
-- Function: dispatch
-- Class: Zend_Controller_Front

#4
-- File: C:\Program Files\Zend\Apache2\htdocs\NghienCuuKhoaHoc\library\Zend\Application.php
-- Line: 366
-- Function: run
-- Class: Zend_Application_Bootstrap_Bootstrap

#5
-- File: C:\Program Files\Zend\Apache2\htdocs\NghienCuuKhoaHoc\public\index.php
-- Line: 68
-- Function: run
-- Class: Zend_Application



KHCN CMS - 2012-06-02T23:29:32+07:00
DEBUG [7]: Zend_Controller_Action_Exception (404) 
Message: Action "closeimage" does not exist and was not trapped in __call()
Stack trace: 6
#0
-- File: C:\Program Files\Zend\Apache2\htdocs\NghienCuuKhoaHoc\library\Zend\Controller\Action.php
-- Line: 518
-- Function: __call
-- Class: Zend_Controller_Action

#1
-- File: C:\Program Files\Zend\Apache2\htdocs\NghienCuuKhoaHoc\library\Zend\Controller\Dispatcher\Standard.php
-- Line: 295
-- Function: dispatch
-- Class: Zend_Controller_Action

#2
-- File: C:\Program Files\Zend\Apache2\htdocs\NghienCuuKhoaHoc\library\Zend\Controller\Front.php
-- Line: 954
-- Function: dispatch
-- Class: Zend_Controller_Dispatcher_Standard

#3
-- File: C:\Program Files\Zend\Apache2\htdocs\NghienCuuKhoaHoc\library\Zend\Application\Bootstrap\Bootstrap.php
-- Line: 97
-- Function: dispatch
-- Class: Zend_Controller_Front

#4
-- File: C:\Program Files\Zend\Apache2\htdocs\NghienCuuKhoaHoc\library\Zend\Application.php
-- Line: 366
-- Function: run
-- Class: Zend_Application_Bootstrap_Bootstrap

#5
-- File: C:\Program Files\Zend\Apache2\htdocs\NghienCuuKhoaHoc\public\index.php
-- Line: 68
-- Function: run
-- Class: Zend_Application



KHCN CMS - 2012-06-02T23:29:49+07:00
DEBUG [7]: Zend_Controller_Action_Exception (404) 
Message: Action "closeimage" does not exist and was not trapped in __call()
Stack trace: 6
#0
-- File: C:\Program Files\Zend\Apache2\htdocs\NghienCuuKhoaHoc\library\Zend\Controller\Action.php
-- Line: 518
-- Function: __call
-- Class: Zend_Controller_Action

#1
-- File: C:\Program Files\Zend\Apache2\htdocs\NghienCuuKhoaHoc\library\Zend\Controller\Dispatcher\Standard.php
-- Line: 295
-- Function: dispatch
-- Class: Zend_Controller_Action

#2
-- File: C:\Program Files\Zend\Apache2\htdocs\NghienCuuKhoaHoc\library\Zend\Controller\Front.php
-- Line: 954
-- Function: dispatch
-- Class: Zend_Controller_Dispatcher_Standard

#3
-- File: C:\Program Files\Zend\Apache2\htdocs\NghienCuuKhoaHoc\library\Zend\Application\Bootstrap\Bootstrap.php
-- Line: 97
-- Function: dispatch
-- Class: Zend_Controller_Front

#4
-- File: C:\Program Files\Zend\Apache2\htdocs\NghienCuuKhoaHoc\library\Zend\Application.php
-- Line: 366
-- Function: run
-- Class: Zend_Application_Bootstrap_Bootstrap

#5
-- File: C:\Program Files\Zend\Apache2\htdocs\NghienCuuKhoaHoc\public\index.php
-- Line: 68
-- Function: run
-- Class: Zend_Application



KHCN CMS - 2012-06-02T23:29:55+07:00
DEBUG [7]: Zend_Controller_Action_Exception (404) 
Message: Action "closeimage" does not exist and was not trapped in __call()
Stack trace: 6
#0
-- File: C:\Program Files\Zend\Apache2\htdocs\NghienCuuKhoaHoc\library\Zend\Controller\Action.php
-- Line: 518
-- Function: __call
-- Class: Zend_Controller_Action

#1
-- File: C:\Program Files\Zend\Apache2\htdocs\NghienCuuKhoaHoc\library\Zend\Controller\Dispatcher\Standard.php
-- Line: 295
-- Function: dispatch
-- Class: Zend_Controller_Action

#2
-- File: C:\Program Files\Zend\Apache2\htdocs\NghienCuuKhoaHoc\library\Zend\Controller\Front.php
-- Line: 954
-- Function: dispatch
-- Class: Zend_Controller_Dispatcher_Standard

#3
-- File: C:\Program Files\Zend\Apache2\htdocs\NghienCuuKhoaHoc\library\Zend\Application\Bootstrap\Bootstrap.php
-- Line: 97
-- Function: dispatch
-- Class: Zend_Controller_Front

#4
-- File: C:\Program Files\Zend\Apache2\htdocs\NghienCuuKhoaHoc\library\Zend\Application.php
-- Line: 366
-- Function: run
-- Class: Zend_Application_Bootstrap_Bootstrap

#5
-- File: C:\Program Files\Zend\Apache2\htdocs\NghienCuuKhoaHoc\public\index.php
-- Line: 68
-- Function: run
-- Class: Zend_Application



KHCN CMS - 2012-06-02T23:30:05+07:00
DEBUG [7]: Zend_Controller_Action_Exception (404) 
Message: Action "closeimage" does not exist and was not trapped in __call()
Stack trace: 6
#0
-- File: C:\Program Files\Zend\Apache2\htdocs\NghienCuuKhoaHoc\library\Zend\Controller\Action.php
-- Line: 518
-- Function: __call
-- Class: Zend_Controller_Action

#1
-- File: C:\Program Files\Zend\Apache2\htdocs\NghienCuuKhoaHoc\library\Zend\Controller\Dispatcher\Standard.php
-- Line: 295
-- Function: dispatch
-- Class: Zend_Controller_Action

#2
-- File: C:\Program Files\Zend\Apache2\htdocs\NghienCuuKhoaHoc\library\Zend\Controller\Front.php
-- Line: 954
-- Function: dispatch
-- Class: Zend_Controller_Dispatcher_Standard

#3
-- File: C:\Program Files\Zend\Apache2\htdocs\NghienCuuKhoaHoc\library\Zend\Application\Bootstrap\Bootstrap.php
-- Line: 97
-- Function: dispatch
-- Class: Zend_Controller_Front

#4
-- File: C:\Program Files\Zend\Apache2\htdocs\NghienCuuKhoaHoc\library\Zend\Application.php
-- Line: 366
-- Function: run
-- Class: Zend_Application_Bootstrap_Bootstrap

#5
-- File: C:\Program Files\Zend\Apache2\htdocs\NghienCuuKhoaHoc\public\index.php
-- Line: 68
-- Function: run
-- Class: Zend_Application



