KHCN CMS - 2013-02-08T20:26:24+07:00
DEBUG [7]: Zend_View_Exception
Message: script 'report/word.phtml' not found in path (C:/wamp/www/khcn/application/modules/admin/views\scripts/)
Stack trace: 11
#0
-- File: C:\wamp\www\khcn\library\Zend\View\Abstract.php
-- Line: 884
-- Function: _script
-- Class: Zend_View_Abstract

#1
-- File: C:\wamp\www\khcn\library\Zend\Controller\Action\Helper\ViewRenderer.php
-- Line: 900
-- Function: render
-- Class: Zend_View_Abstract

#2
-- File: C:\wamp\www\khcn\library\Zend\Controller\Action\Helper\ViewRenderer.php
-- Line: 921
-- Function: renderScript
-- Class: Zend_Controller_Action_Helper_ViewRenderer

#3
-- File: C:\wamp\www\khcn\library\Zend\Controller\Action\Helper\ViewRenderer.php
-- Line: 960
-- Function: render
-- Class: Zend_Controller_Action_Helper_ViewRenderer

#4
-- File: C:\wamp\www\khcn\library\Zend\Controller\Action\HelperBroker.php
-- Line: 277
-- Function: postDispatch
-- Class: Zend_Controller_Action_Helper_ViewRenderer

#5
-- File: C:\wamp\www\khcn\library\Zend\Controller\Action.php
-- Line: 527
-- Function: notifyPostDispatch
-- Class: Zend_Controller_Action_HelperBroker

#6
-- File: C:\wamp\www\khcn\library\Zend\Controller\Dispatcher\Standard.php
-- Line: 295
-- Function: dispatch
-- Class: Zend_Controller_Action

#7
-- File: C:\wamp\www\khcn\library\Zend\Controller\Front.php
-- Line: 954
-- Function: dispatch
-- Class: Zend_Controller_Dispatcher_Standard

#8
-- File: C:\wamp\www\khcn\library\Zend\Application\Bootstrap\Bootstrap.php
-- Line: 97
-- Function: dispatch
-- Class: Zend_Controller_Front

#9
-- File: C:\wamp\www\khcn\library\Zend\Application.php
-- Line: 366
-- Function: run
-- Class: Zend_Application_Bootstrap_Bootstrap

#10
-- File: C:\wamp\www\khcn\public\index.php
-- Line: 68
-- Function: run
-- Class: Zend_Application



KHCN CMS - 2013-02-08T20:26:43+07:00
DEBUG [7]: Zend_View_Exception
Message: script 'report/word.phtml' not found in path (C:/wamp/www/khcn/application/modules/admin/views\scripts/)
Stack trace: 11
#0
-- File: C:\wamp\www\khcn\library\Zend\View\Abstract.php
-- Line: 884
-- Function: _script
-- Class: Zend_View_Abstract

#1
-- File: C:\wamp\www\khcn\library\Zend\Controller\Action\Helper\ViewRenderer.php
-- Line: 900
-- Function: render
-- Class: Zend_View_Abstract

#2
-- File: C:\wamp\www\khcn\library\Zend\Controller\Action\Helper\ViewRenderer.php
-- Line: 921
-- Function: renderScript
-- Class: Zend_Controller_Action_Helper_ViewRenderer

#3
-- File: C:\wamp\www\khcn\library\Zend\Controller\Action\Helper\ViewRenderer.php
-- Line: 960
-- Function: render
-- Class: Zend_Controller_Action_Helper_ViewRenderer

#4
-- File: C:\wamp\www\khcn\library\Zend\Controller\Action\HelperBroker.php
-- Line: 277
-- Function: postDispatch
-- Class: Zend_Controller_Action_Helper_ViewRenderer

#5
-- File: C:\wamp\www\khcn\library\Zend\Controller\Action.php
-- Line: 527
-- Function: notifyPostDispatch
-- Class: Zend_Controller_Action_HelperBroker

#6
-- File: C:\wamp\www\khcn\library\Zend\Controller\Dispatcher\Standard.php
-- Line: 295
-- Function: dispatch
-- Class: Zend_Controller_Action

#7
-- File: C:\wamp\www\khcn\library\Zend\Controller\Front.php
-- Line: 954
-- Function: dispatch
-- Class: Zend_Controller_Dispatcher_Standard

#8
-- File: C:\wamp\www\khcn\library\Zend\Application\Bootstrap\Bootstrap.php
-- Line: 97
-- Function: dispatch
-- Class: Zend_Controller_Front

#9
-- File: C:\wamp\www\khcn\library\Zend\Application.php
-- Line: 366
-- Function: run
-- Class: Zend_Application_Bootstrap_Bootstrap

#10
-- File: C:\wamp\www\khcn\public\index.php
-- Line: 68
-- Function: run
-- Class: Zend_Application



KHCN CMS - 2013-02-08T20:50:07+07:00
DEBUG [7]: Exception
Message: Could not close zip file Text.docx.
Stack trace: 7
#0
-- File: C:\wamp\www\khcn\application\modules\admin\controllers\ReportController.php
-- Line: 963
-- Function: save
-- Class: PHPWord_Writer_Word2007

#1
-- File: C:\wamp\www\khcn\library\Zend\Controller\Action.php
-- Line: 516
-- Function: wordAction
-- Class: Admin_ReportController

#2
-- File: C:\wamp\www\khcn\library\Zend\Controller\Dispatcher\Standard.php
-- Line: 295
-- Function: dispatch
-- Class: Zend_Controller_Action

#3
-- File: C:\wamp\www\khcn\library\Zend\Controller\Front.php
-- Line: 954
-- Function: dispatch
-- Class: Zend_Controller_Dispatcher_Standard

#4
-- File: C:\wamp\www\khcn\library\Zend\Application\Bootstrap\Bootstrap.php
-- Line: 97
-- Function: dispatch
-- Class: Zend_Controller_Front

#5
-- File: C:\wamp\www\khcn\library\Zend\Application.php
-- Line: 366
-- Function: run
-- Class: Zend_Application_Bootstrap_Bootstrap

#6
-- File: C:\wamp\www\khcn\public\index.php
-- Line: 68
-- Function: run
-- Class: Zend_Application



