KHCN CMS - 2013-01-09T23:25:45+07:00
DEBUG [7]: Zend_Controller_Dispatcher_Exception
Message: Invalid controller specified (closeImage)
Stack trace: 4
#0
-- File: C:\wamp\www\khcn\library\Zend\Controller\Front.php
-- Line: 954
-- Function: dispatch
-- Class: Zend_Controller_Dispatcher_Standard

#1
-- File: C:\wamp\www\khcn\library\Zend\Application\Bootstrap\Bootstrap.php
-- Line: 97
-- Function: dispatch
-- Class: Zend_Controller_Front

#2
-- File: C:\wamp\www\khcn\library\Zend\Application.php
-- Line: 366
-- Function: run
-- Class: Zend_Application_Bootstrap_Bootstrap

#3
-- File: C:\wamp\www\khcn\public\index.php
-- Line: 68
-- Function: run
-- Class: Zend_Application



KHCN CMS - 2013-01-09T23:26:16+07:00
DEBUG [7]: Zend_Controller_Action_Exception (404) 
Message: Action "closeimage" does not exist and was not trapped in __call()
Stack trace: 6
#0
-- File: C:\wamp\www\khcn\library\Zend\Controller\Action.php
-- Line: 518
-- Function: __call
-- Class: Zend_Controller_Action

#1
-- File: C:\wamp\www\khcn\library\Zend\Controller\Dispatcher\Standard.php
-- Line: 295
-- Function: dispatch
-- Class: Zend_Controller_Action

#2
-- File: C:\wamp\www\khcn\library\Zend\Controller\Front.php
-- Line: 954
-- Function: dispatch
-- Class: Zend_Controller_Dispatcher_Standard

#3
-- File: C:\wamp\www\khcn\library\Zend\Application\Bootstrap\Bootstrap.php
-- Line: 97
-- Function: dispatch
-- Class: Zend_Controller_Front

#4
-- File: C:\wamp\www\khcn\library\Zend\Application.php
-- Line: 366
-- Function: run
-- Class: Zend_Application_Bootstrap_Bootstrap

#5
-- File: C:\wamp\www\khcn\public\index.php
-- Line: 68
-- Function: run
-- Class: Zend_Application



KHCN CMS - 2013-01-09T23:26:21+07:00
DEBUG [7]: Zend_Controller_Action_Exception (404) 
Message: Action "closeimage" does not exist and was not trapped in __call()
Stack trace: 6
#0
-- File: C:\wamp\www\khcn\library\Zend\Controller\Action.php
-- Line: 518
-- Function: __call
-- Class: Zend_Controller_Action

#1
-- File: C:\wamp\www\khcn\library\Zend\Controller\Dispatcher\Standard.php
-- Line: 295
-- Function: dispatch
-- Class: Zend_Controller_Action

#2
-- File: C:\wamp\www\khcn\library\Zend\Controller\Front.php
-- Line: 954
-- Function: dispatch
-- Class: Zend_Controller_Dispatcher_Standard

#3
-- File: C:\wamp\www\khcn\library\Zend\Application\Bootstrap\Bootstrap.php
-- Line: 97
-- Function: dispatch
-- Class: Zend_Controller_Front

#4
-- File: C:\wamp\www\khcn\library\Zend\Application.php
-- Line: 366
-- Function: run
-- Class: Zend_Application_Bootstrap_Bootstrap

#5
-- File: C:\wamp\www\khcn\public\index.php
-- Line: 68
-- Function: run
-- Class: Zend_Application



KHCN CMS - 2013-01-09T23:26:56+07:00
DEBUG [7]: Zend_Controller_Action_Exception (404) 
Message: Action "closeimage" does not exist and was not trapped in __call()
Stack trace: 6
#0
-- File: C:\wamp\www\khcn\library\Zend\Controller\Action.php
-- Line: 518
-- Function: __call
-- Class: Zend_Controller_Action

#1
-- File: C:\wamp\www\khcn\library\Zend\Controller\Dispatcher\Standard.php
-- Line: 295
-- Function: dispatch
-- Class: Zend_Controller_Action

#2
-- File: C:\wamp\www\khcn\library\Zend\Controller\Front.php
-- Line: 954
-- Function: dispatch
-- Class: Zend_Controller_Dispatcher_Standard

#3
-- File: C:\wamp\www\khcn\library\Zend\Application\Bootstrap\Bootstrap.php
-- Line: 97
-- Function: dispatch
-- Class: Zend_Controller_Front

#4
-- File: C:\wamp\www\khcn\library\Zend\Application.php
-- Line: 366
-- Function: run
-- Class: Zend_Application_Bootstrap_Bootstrap

#5
-- File: C:\wamp\www\khcn\public\index.php
-- Line: 68
-- Function: run
-- Class: Zend_Application



KHCN CMS - 2013-01-09T23:27:00+07:00
DEBUG [7]: Zend_Controller_Action_Exception (404) 
Message: Action "closeimage" does not exist and was not trapped in __call()
Stack trace: 6
#0
-- File: C:\wamp\www\khcn\library\Zend\Controller\Action.php
-- Line: 518
-- Function: __call
-- Class: Zend_Controller_Action

#1
-- File: C:\wamp\www\khcn\library\Zend\Controller\Dispatcher\Standard.php
-- Line: 295
-- Function: dispatch
-- Class: Zend_Controller_Action

#2
-- File: C:\wamp\www\khcn\library\Zend\Controller\Front.php
-- Line: 954
-- Function: dispatch
-- Class: Zend_Controller_Dispatcher_Standard

#3
-- File: C:\wamp\www\khcn\library\Zend\Application\Bootstrap\Bootstrap.php
-- Line: 97
-- Function: dispatch
-- Class: Zend_Controller_Front

#4
-- File: C:\wamp\www\khcn\library\Zend\Application.php
-- Line: 366
-- Function: run
-- Class: Zend_Application_Bootstrap_Bootstrap

#5
-- File: C:\wamp\www\khcn\public\index.php
-- Line: 68
-- Function: run
-- Class: Zend_Application



KHCN CMS - 2013-01-09T23:28:52+07:00
DEBUG [7]: Zend_Controller_Action_Exception (404) 
Message: Action "closeimage" does not exist and was not trapped in __call()
Stack trace: 6
#0
-- File: C:\wamp\www\khcn\library\Zend\Controller\Action.php
-- Line: 518
-- Function: __call
-- Class: Zend_Controller_Action

#1
-- File: C:\wamp\www\khcn\library\Zend\Controller\Dispatcher\Standard.php
-- Line: 295
-- Function: dispatch
-- Class: Zend_Controller_Action

#2
-- File: C:\wamp\www\khcn\library\Zend\Controller\Front.php
-- Line: 954
-- Function: dispatch
-- Class: Zend_Controller_Dispatcher_Standard

#3
-- File: C:\wamp\www\khcn\library\Zend\Application\Bootstrap\Bootstrap.php
-- Line: 97
-- Function: dispatch
-- Class: Zend_Controller_Front

#4
-- File: C:\wamp\www\khcn\library\Zend\Application.php
-- Line: 366
-- Function: run
-- Class: Zend_Application_Bootstrap_Bootstrap

#5
-- File: C:\wamp\www\khcn\public\index.php
-- Line: 68
-- Function: run
-- Class: Zend_Application



KHCN CMS - 2013-01-09T23:29:32+07:00
DEBUG [7]: Zend_Controller_Action_Exception (404) 
Message: Action "closeimage" does not exist and was not trapped in __call()
Stack trace: 6
#0
-- File: C:\wamp\www\khcn\library\Zend\Controller\Action.php
-- Line: 518
-- Function: __call
-- Class: Zend_Controller_Action

#1
-- File: C:\wamp\www\khcn\library\Zend\Controller\Dispatcher\Standard.php
-- Line: 295
-- Function: dispatch
-- Class: Zend_Controller_Action

#2
-- File: C:\wamp\www\khcn\library\Zend\Controller\Front.php
-- Line: 954
-- Function: dispatch
-- Class: Zend_Controller_Dispatcher_Standard

#3
-- File: C:\wamp\www\khcn\library\Zend\Application\Bootstrap\Bootstrap.php
-- Line: 97
-- Function: dispatch
-- Class: Zend_Controller_Front

#4
-- File: C:\wamp\www\khcn\library\Zend\Application.php
-- Line: 366
-- Function: run
-- Class: Zend_Application_Bootstrap_Bootstrap

#5
-- File: C:\wamp\www\khcn\public\index.php
-- Line: 68
-- Function: run
-- Class: Zend_Application



KHCN CMS - 2013-01-09T23:29:34+07:00
DEBUG [7]: Zend_Controller_Action_Exception (404) 
Message: Action "closeimage" does not exist and was not trapped in __call()
Stack trace: 6
#0
-- File: C:\wamp\www\khcn\library\Zend\Controller\Action.php
-- Line: 518
-- Function: __call
-- Class: Zend_Controller_Action

#1
-- File: C:\wamp\www\khcn\library\Zend\Controller\Dispatcher\Standard.php
-- Line: 295
-- Function: dispatch
-- Class: Zend_Controller_Action

#2
-- File: C:\wamp\www\khcn\library\Zend\Controller\Front.php
-- Line: 954
-- Function: dispatch
-- Class: Zend_Controller_Dispatcher_Standard

#3
-- File: C:\wamp\www\khcn\library\Zend\Application\Bootstrap\Bootstrap.php
-- Line: 97
-- Function: dispatch
-- Class: Zend_Controller_Front

#4
-- File: C:\wamp\www\khcn\library\Zend\Application.php
-- Line: 366
-- Function: run
-- Class: Zend_Application_Bootstrap_Bootstrap

#5
-- File: C:\wamp\www\khcn\public\index.php
-- Line: 68
-- Function: run
-- Class: Zend_Application



KHCN CMS - 2013-01-09T23:33:32+07:00
DEBUG [7]: Zend_Controller_Action_Exception (404) 
Message: Action "images" does not exist and was not trapped in __call()
Stack trace: 6
#0
-- File: C:\wamp\www\khcn\library\Zend\Controller\Action.php
-- Line: 518
-- Function: __call
-- Class: Zend_Controller_Action

#1
-- File: C:\wamp\www\khcn\library\Zend\Controller\Dispatcher\Standard.php
-- Line: 295
-- Function: dispatch
-- Class: Zend_Controller_Action

#2
-- File: C:\wamp\www\khcn\library\Zend\Controller\Front.php
-- Line: 954
-- Function: dispatch
-- Class: Zend_Controller_Dispatcher_Standard

#3
-- File: C:\wamp\www\khcn\library\Zend\Application\Bootstrap\Bootstrap.php
-- Line: 97
-- Function: dispatch
-- Class: Zend_Controller_Front

#4
-- File: C:\wamp\www\khcn\library\Zend\Application.php
-- Line: 366
-- Function: run
-- Class: Zend_Application_Bootstrap_Bootstrap

#5
-- File: C:\wamp\www\khcn\public\index.php
-- Line: 68
-- Function: run
-- Class: Zend_Application



KHCN CMS - 2013-01-09T23:33:32+07:00
DEBUG [7]: Zend_Controller_Action_Exception (404) 
Message: Action "images" does not exist and was not trapped in __call()
Stack trace: 6
#0
-- File: C:\wamp\www\khcn\library\Zend\Controller\Action.php
-- Line: 518
-- Function: __call
-- Class: Zend_Controller_Action

#1
-- File: C:\wamp\www\khcn\library\Zend\Controller\Dispatcher\Standard.php
-- Line: 295
-- Function: dispatch
-- Class: Zend_Controller_Action

#2
-- File: C:\wamp\www\khcn\library\Zend\Controller\Front.php
-- Line: 954
-- Function: dispatch
-- Class: Zend_Controller_Dispatcher_Standard

#3
-- File: C:\wamp\www\khcn\library\Zend\Application\Bootstrap\Bootstrap.php
-- Line: 97
-- Function: dispatch
-- Class: Zend_Controller_Front

#4
-- File: C:\wamp\www\khcn\library\Zend\Application.php
-- Line: 366
-- Function: run
-- Class: Zend_Application_Bootstrap_Bootstrap

#5
-- File: C:\wamp\www\khcn\public\index.php
-- Line: 68
-- Function: run
-- Class: Zend_Application



KHCN CMS - 2013-01-09T23:33:48+07:00
DEBUG [7]: Zend_Controller_Action_Exception (404) 
Message: Action "images" does not exist and was not trapped in __call()
Stack trace: 6
#0
-- File: C:\wamp\www\khcn\library\Zend\Controller\Action.php
-- Line: 518
-- Function: __call
-- Class: Zend_Controller_Action

#1
-- File: C:\wamp\www\khcn\library\Zend\Controller\Dispatcher\Standard.php
-- Line: 295
-- Function: dispatch
-- Class: Zend_Controller_Action

#2
-- File: C:\wamp\www\khcn\library\Zend\Controller\Front.php
-- Line: 954
-- Function: dispatch
-- Class: Zend_Controller_Dispatcher_Standard

#3
-- File: C:\wamp\www\khcn\library\Zend\Application\Bootstrap\Bootstrap.php
-- Line: 97
-- Function: dispatch
-- Class: Zend_Controller_Front

#4
-- File: C:\wamp\www\khcn\library\Zend\Application.php
-- Line: 366
-- Function: run
-- Class: Zend_Application_Bootstrap_Bootstrap

#5
-- File: C:\wamp\www\khcn\public\index.php
-- Line: 68
-- Function: run
-- Class: Zend_Application



KHCN CMS - 2013-01-09T23:33:48+07:00
DEBUG [7]: Zend_Controller_Action_Exception (404) 
Message: Action "images" does not exist and was not trapped in __call()
Stack trace: 6
#0
-- File: C:\wamp\www\khcn\library\Zend\Controller\Action.php
-- Line: 518
-- Function: __call
-- Class: Zend_Controller_Action

#1
-- File: C:\wamp\www\khcn\library\Zend\Controller\Dispatcher\Standard.php
-- Line: 295
-- Function: dispatch
-- Class: Zend_Controller_Action

#2
-- File: C:\wamp\www\khcn\library\Zend\Controller\Front.php
-- Line: 954
-- Function: dispatch
-- Class: Zend_Controller_Dispatcher_Standard

#3
-- File: C:\wamp\www\khcn\library\Zend\Application\Bootstrap\Bootstrap.php
-- Line: 97
-- Function: dispatch
-- Class: Zend_Controller_Front

#4
-- File: C:\wamp\www\khcn\library\Zend\Application.php
-- Line: 366
-- Function: run
-- Class: Zend_Application_Bootstrap_Bootstrap

#5
-- File: C:\wamp\www\khcn\public\index.php
-- Line: 68
-- Function: run
-- Class: Zend_Application



KHCN CMS - 2013-01-09T23:42:05+07:00
DEBUG [7]: Zend_Controller_Action_Exception (404) 
Message: Action "images" does not exist and was not trapped in __call()
Stack trace: 6
#0
-- File: C:\wamp\www\khcn\library\Zend\Controller\Action.php
-- Line: 518
-- Function: __call
-- Class: Zend_Controller_Action

#1
-- File: C:\wamp\www\khcn\library\Zend\Controller\Dispatcher\Standard.php
-- Line: 295
-- Function: dispatch
-- Class: Zend_Controller_Action

#2
-- File: C:\wamp\www\khcn\library\Zend\Controller\Front.php
-- Line: 954
-- Function: dispatch
-- Class: Zend_Controller_Dispatcher_Standard

#3
-- File: C:\wamp\www\khcn\library\Zend\Application\Bootstrap\Bootstrap.php
-- Line: 97
-- Function: dispatch
-- Class: Zend_Controller_Front

#4
-- File: C:\wamp\www\khcn\library\Zend\Application.php
-- Line: 366
-- Function: run
-- Class: Zend_Application_Bootstrap_Bootstrap

#5
-- File: C:\wamp\www\khcn\public\index.php
-- Line: 68
-- Function: run
-- Class: Zend_Application



KHCN CMS - 2013-01-09T23:42:05+07:00
DEBUG [7]: Zend_Controller_Action_Exception (404) 
Message: Action "images" does not exist and was not trapped in __call()
Stack trace: 6
#0
-- File: C:\wamp\www\khcn\library\Zend\Controller\Action.php
-- Line: 518
-- Function: __call
-- Class: Zend_Controller_Action

#1
-- File: C:\wamp\www\khcn\library\Zend\Controller\Dispatcher\Standard.php
-- Line: 295
-- Function: dispatch
-- Class: Zend_Controller_Action

#2
-- File: C:\wamp\www\khcn\library\Zend\Controller\Front.php
-- Line: 954
-- Function: dispatch
-- Class: Zend_Controller_Dispatcher_Standard

#3
-- File: C:\wamp\www\khcn\library\Zend\Application\Bootstrap\Bootstrap.php
-- Line: 97
-- Function: dispatch
-- Class: Zend_Controller_Front

#4
-- File: C:\wamp\www\khcn\library\Zend\Application.php
-- Line: 366
-- Function: run
-- Class: Zend_Application_Bootstrap_Bootstrap

#5
-- File: C:\wamp\www\khcn\public\index.php
-- Line: 68
-- Function: run
-- Class: Zend_Application



KHCN CMS - 2013-01-09T23:42:07+07:00
DEBUG [7]: Zend_Controller_Action_Exception (404) 
Message: Action "images" does not exist and was not trapped in __call()
Stack trace: 6
#0
-- File: C:\wamp\www\khcn\library\Zend\Controller\Action.php
-- Line: 518
-- Function: __call
-- Class: Zend_Controller_Action

#1
-- File: C:\wamp\www\khcn\library\Zend\Controller\Dispatcher\Standard.php
-- Line: 295
-- Function: dispatch
-- Class: Zend_Controller_Action

#2
-- File: C:\wamp\www\khcn\library\Zend\Controller\Front.php
-- Line: 954
-- Function: dispatch
-- Class: Zend_Controller_Dispatcher_Standard

#3
-- File: C:\wamp\www\khcn\library\Zend\Application\Bootstrap\Bootstrap.php
-- Line: 97
-- Function: dispatch
-- Class: Zend_Controller_Front

#4
-- File: C:\wamp\www\khcn\library\Zend\Application.php
-- Line: 366
-- Function: run
-- Class: Zend_Application_Bootstrap_Bootstrap

#5
-- File: C:\wamp\www\khcn\public\index.php
-- Line: 68
-- Function: run
-- Class: Zend_Application



KHCN CMS - 2013-01-09T23:42:07+07:00
DEBUG [7]: Zend_Controller_Action_Exception (404) 
Message: Action "images" does not exist and was not trapped in __call()
Stack trace: 6
#0
-- File: C:\wamp\www\khcn\library\Zend\Controller\Action.php
-- Line: 518
-- Function: __call
-- Class: Zend_Controller_Action

#1
-- File: C:\wamp\www\khcn\library\Zend\Controller\Dispatcher\Standard.php
-- Line: 295
-- Function: dispatch
-- Class: Zend_Controller_Action

#2
-- File: C:\wamp\www\khcn\library\Zend\Controller\Front.php
-- Line: 954
-- Function: dispatch
-- Class: Zend_Controller_Dispatcher_Standard

#3
-- File: C:\wamp\www\khcn\library\Zend\Application\Bootstrap\Bootstrap.php
-- Line: 97
-- Function: dispatch
-- Class: Zend_Controller_Front

#4
-- File: C:\wamp\www\khcn\library\Zend\Application.php
-- Line: 366
-- Function: run
-- Class: Zend_Application_Bootstrap_Bootstrap

#5
-- File: C:\wamp\www\khcn\public\index.php
-- Line: 68
-- Function: run
-- Class: Zend_Application



KHCN CMS - 2013-01-09T23:42:11+07:00
DEBUG [7]: Zend_Acl_Exception
Message: Resource 'admin:closeImage' not found
Stack trace: 7
#0
-- File: C:\wamp\www\khcn\library\Zend\Acl.php
-- Line: 846
-- Function: get
-- Class: Zend_Acl

#1
-- File: C:\wamp\www\khcn\library\Khcn\Controller\Plugin\Acl.php
-- Line: 32
-- Function: isAllowed
-- Class: Zend_Acl

#2
-- File: C:\wamp\www\khcn\library\Zend\Controller\Plugin\Broker.php
-- Line: 309
-- Function: preDispatch
-- Class: Khcn_Controller_Plugin_Acl

#3
-- File: C:\wamp\www\khcn\library\Zend\Controller\Front.php
-- Line: 941
-- Function: preDispatch
-- Class: Zend_Controller_Plugin_Broker

#4
-- File: C:\wamp\www\khcn\library\Zend\Application\Bootstrap\Bootstrap.php
-- Line: 97
-- Function: dispatch
-- Class: Zend_Controller_Front

#5
-- File: C:\wamp\www\khcn\library\Zend\Application.php
-- Line: 366
-- Function: run
-- Class: Zend_Application_Bootstrap_Bootstrap

#6
-- File: C:\wamp\www\khcn\public\index.php
-- Line: 68
-- Function: run
-- Class: Zend_Application



KHCN CMS - 2013-01-09T23:43:40+07:00
DEBUG [7]: Zend_Acl_Exception
Message: Resource 'admin:closeImage' not found
Stack trace: 7
#0
-- File: C:\wamp\www\khcn\library\Zend\Acl.php
-- Line: 846
-- Function: get
-- Class: Zend_Acl

#1
-- File: C:\wamp\www\khcn\library\Khcn\Controller\Plugin\Acl.php
-- Line: 32
-- Function: isAllowed
-- Class: Zend_Acl

#2
-- File: C:\wamp\www\khcn\library\Zend\Controller\Plugin\Broker.php
-- Line: 309
-- Function: preDispatch
-- Class: Khcn_Controller_Plugin_Acl

#3
-- File: C:\wamp\www\khcn\library\Zend\Controller\Front.php
-- Line: 941
-- Function: preDispatch
-- Class: Zend_Controller_Plugin_Broker

#4
-- File: C:\wamp\www\khcn\library\Zend\Application\Bootstrap\Bootstrap.php
-- Line: 97
-- Function: dispatch
-- Class: Zend_Controller_Front

#5
-- File: C:\wamp\www\khcn\library\Zend\Application.php
-- Line: 366
-- Function: run
-- Class: Zend_Application_Bootstrap_Bootstrap

#6
-- File: C:\wamp\www\khcn\public\index.php
-- Line: 68
-- Function: run
-- Class: Zend_Application



KHCN CMS - 2013-01-09T23:59:19+07:00
DEBUG [7]: Zend_Acl_Exception
Message: Resource 'admin:closeImage' not found
Stack trace: 7
#0
-- File: C:\wamp\www\khcn\library\Zend\Acl.php
-- Line: 846
-- Function: get
-- Class: Zend_Acl

#1
-- File: C:\wamp\www\khcn\library\Khcn\Controller\Plugin\Acl.php
-- Line: 32
-- Function: isAllowed
-- Class: Zend_Acl

#2
-- File: C:\wamp\www\khcn\library\Zend\Controller\Plugin\Broker.php
-- Line: 309
-- Function: preDispatch
-- Class: Khcn_Controller_Plugin_Acl

#3
-- File: C:\wamp\www\khcn\library\Zend\Controller\Front.php
-- Line: 941
-- Function: preDispatch
-- Class: Zend_Controller_Plugin_Broker

#4
-- File: C:\wamp\www\khcn\library\Zend\Application\Bootstrap\Bootstrap.php
-- Line: 97
-- Function: dispatch
-- Class: Zend_Controller_Front

#5
-- File: C:\wamp\www\khcn\library\Zend\Application.php
-- Line: 366
-- Function: run
-- Class: Zend_Application_Bootstrap_Bootstrap

#6
-- File: C:\wamp\www\khcn\public\index.php
-- Line: 68
-- Function: run
-- Class: Zend_Application



KHCN CMS - 2013-01-09T23:59:29+07:00
DEBUG [7]: Zend_Acl_Exception
Message: Resource 'admin:closeImage' not found
Stack trace: 7
#0
-- File: C:\wamp\www\khcn\library\Zend\Acl.php
-- Line: 846
-- Function: get
-- Class: Zend_Acl

#1
-- File: C:\wamp\www\khcn\library\Khcn\Controller\Plugin\Acl.php
-- Line: 32
-- Function: isAllowed
-- Class: Zend_Acl

#2
-- File: C:\wamp\www\khcn\library\Zend\Controller\Plugin\Broker.php
-- Line: 309
-- Function: preDispatch
-- Class: Khcn_Controller_Plugin_Acl

#3
-- File: C:\wamp\www\khcn\library\Zend\Controller\Front.php
-- Line: 941
-- Function: preDispatch
-- Class: Zend_Controller_Plugin_Broker

#4
-- File: C:\wamp\www\khcn\library\Zend\Application\Bootstrap\Bootstrap.php
-- Line: 97
-- Function: dispatch
-- Class: Zend_Controller_Front

#5
-- File: C:\wamp\www\khcn\library\Zend\Application.php
-- Line: 366
-- Function: run
-- Class: Zend_Application_Bootstrap_Bootstrap

#6
-- File: C:\wamp\www\khcn\public\index.php
-- Line: 68
-- Function: run
-- Class: Zend_Application



KHCN CMS - 2013-01-09T23:59:39+07:00
DEBUG [7]: Zend_Acl_Exception
Message: Resource 'admin:closeImage' not found
Stack trace: 7
#0
-- File: C:\wamp\www\khcn\library\Zend\Acl.php
-- Line: 846
-- Function: get
-- Class: Zend_Acl

#1
-- File: C:\wamp\www\khcn\library\Khcn\Controller\Plugin\Acl.php
-- Line: 32
-- Function: isAllowed
-- Class: Zend_Acl

#2
-- File: C:\wamp\www\khcn\library\Zend\Controller\Plugin\Broker.php
-- Line: 309
-- Function: preDispatch
-- Class: Khcn_Controller_Plugin_Acl

#3
-- File: C:\wamp\www\khcn\library\Zend\Controller\Front.php
-- Line: 941
-- Function: preDispatch
-- Class: Zend_Controller_Plugin_Broker

#4
-- File: C:\wamp\www\khcn\library\Zend\Application\Bootstrap\Bootstrap.php
-- Line: 97
-- Function: dispatch
-- Class: Zend_Controller_Front

#5
-- File: C:\wamp\www\khcn\library\Zend\Application.php
-- Line: 366
-- Function: run
-- Class: Zend_Application_Bootstrap_Bootstrap

#6
-- File: C:\wamp\www\khcn\public\index.php
-- Line: 68
-- Function: run
-- Class: Zend_Application



KHCN CMS - 2013-01-09T23:59:45+07:00
DEBUG [7]: Zend_Acl_Exception
Message: Resource 'admin:closeImage' not found
Stack trace: 7
#0
-- File: C:\wamp\www\khcn\library\Zend\Acl.php
-- Line: 846
-- Function: get
-- Class: Zend_Acl

#1
-- File: C:\wamp\www\khcn\library\Khcn\Controller\Plugin\Acl.php
-- Line: 32
-- Function: isAllowed
-- Class: Zend_Acl

#2
-- File: C:\wamp\www\khcn\library\Zend\Controller\Plugin\Broker.php
-- Line: 309
-- Function: preDispatch
-- Class: Khcn_Controller_Plugin_Acl

#3
-- File: C:\wamp\www\khcn\library\Zend\Controller\Front.php
-- Line: 941
-- Function: preDispatch
-- Class: Zend_Controller_Plugin_Broker

#4
-- File: C:\wamp\www\khcn\library\Zend\Application\Bootstrap\Bootstrap.php
-- Line: 97
-- Function: dispatch
-- Class: Zend_Controller_Front

#5
-- File: C:\wamp\www\khcn\library\Zend\Application.php
-- Line: 366
-- Function: run
-- Class: Zend_Application_Bootstrap_Bootstrap

#6
-- File: C:\wamp\www\khcn\public\index.php
-- Line: 68
-- Function: run
-- Class: Zend_Application



