KHCN CMS - 2013-05-09T21:24:25+07:00
DEBUG [7]: Zend_View_Exception
Message: script 'report/excel.phtml' not found in path (C:/wamp/www/khcn/application/modules/admin/views\scripts/)
Stack trace: 11
#0
-- File: C:\wamp\www\khcn\library\Zend\View\Abstract.php
-- Line: 884
-- Function: _script
-- Class: Zend_View_Abstract

#1
-- File: C:\wamp\www\khcn\library\Zend\Controller\Action\Helper\ViewRenderer.php
-- Line: 900
-- Function: render
-- Class: Zend_View_Abstract

#2
-- File: C:\wamp\www\khcn\library\Zend\Controller\Action\Helper\ViewRenderer.php
-- Line: 921
-- Function: renderScript
-- Class: Zend_Controller_Action_Helper_ViewRenderer

#3
-- File: C:\wamp\www\khcn\library\Zend\Controller\Action\Helper\ViewRenderer.php
-- Line: 960
-- Function: render
-- Class: Zend_Controller_Action_Helper_ViewRenderer

#4
-- File: C:\wamp\www\khcn\library\Zend\Controller\Action\HelperBroker.php
-- Line: 277
-- Function: postDispatch
-- Class: Zend_Controller_Action_Helper_ViewRenderer

#5
-- File: C:\wamp\www\khcn\library\Zend\Controller\Action.php
-- Line: 527
-- Function: notifyPostDispatch
-- Class: Zend_Controller_Action_HelperBroker

#6
-- File: C:\wamp\www\khcn\library\Zend\Controller\Dispatcher\Standard.php
-- Line: 295
-- Function: dispatch
-- Class: Zend_Controller_Action

#7
-- File: C:\wamp\www\khcn\library\Zend\Controller\Front.php
-- Line: 954
-- Function: dispatch
-- Class: Zend_Controller_Dispatcher_Standard

#8
-- File: C:\wamp\www\khcn\library\Zend\Application\Bootstrap\Bootstrap.php
-- Line: 97
-- Function: dispatch
-- Class: Zend_Controller_Front

#9
-- File: C:\wamp\www\khcn\library\Zend\Application.php
-- Line: 366
-- Function: run
-- Class: Zend_Application_Bootstrap_Bootstrap

#10
-- File: C:\wamp\www\khcn\public\index.php
-- Line: 68
-- Function: run
-- Class: Zend_Application



KHCN CMS - 2013-05-09T22:33:57+07:00
DEBUG [7]: PHPExcel_Exception
Message: Invalid cell coordinate 1
Stack trace: 10
#0
-- File: C:\wamp\www\khcn\library\Classes\PHPExcel\Worksheet.php
-- Line: 1121
-- Function: coordinateFromString
-- Class: PHPExcel_Cell

#1
-- File: C:\wamp\www\khcn\library\Classes\PHPExcel\Worksheet.php
-- Line: 1029
-- Function: getCell
-- Class: PHPExcel_Worksheet

#2
-- File: C:\wamp\www\khcn\application\modules\admin\models\PHPExcel.php
-- Line: 59
-- Function: setCellValue
-- Class: PHPExcel_Worksheet

#3
-- File: C:\wamp\www\khcn\application\modules\admin\controllers\ReportController.php
-- Line: 1014
-- Function: setHeader
-- Class: Admin_Model_PHPExcel

#4
-- File: C:\wamp\www\khcn\library\Zend\Controller\Action.php
-- Line: 516
-- Function: excelAction
-- Class: Admin_ReportController

#5
-- File: C:\wamp\www\khcn\library\Zend\Controller\Dispatcher\Standard.php
-- Line: 295
-- Function: dispatch
-- Class: Zend_Controller_Action

#6
-- File: C:\wamp\www\khcn\library\Zend\Controller\Front.php
-- Line: 954
-- Function: dispatch
-- Class: Zend_Controller_Dispatcher_Standard

#7
-- File: C:\wamp\www\khcn\library\Zend\Application\Bootstrap\Bootstrap.php
-- Line: 97
-- Function: dispatch
-- Class: Zend_Controller_Front

#8
-- File: C:\wamp\www\khcn\library\Zend\Application.php
-- Line: 366
-- Function: run
-- Class: Zend_Application_Bootstrap_Bootstrap

#9
-- File: C:\wamp\www\khcn\public\index.php
-- Line: 68
-- Function: run
-- Class: Zend_Application



KHCN CMS - 2013-05-09T22:34:11+07:00
DEBUG [7]: PHPExcel_Exception
Message: Invalid cell coordinate 1
Stack trace: 10
#0
-- File: C:\wamp\www\khcn\library\Classes\PHPExcel\Worksheet.php
-- Line: 1121
-- Function: coordinateFromString
-- Class: PHPExcel_Cell

#1
-- File: C:\wamp\www\khcn\library\Classes\PHPExcel\Worksheet.php
-- Line: 1029
-- Function: getCell
-- Class: PHPExcel_Worksheet

#2
-- File: C:\wamp\www\khcn\application\modules\admin\models\PHPExcel.php
-- Line: 58
-- Function: setCellValue
-- Class: PHPExcel_Worksheet

#3
-- File: C:\wamp\www\khcn\application\modules\admin\controllers\ReportController.php
-- Line: 1014
-- Function: setHeader
-- Class: Admin_Model_PHPExcel

#4
-- File: C:\wamp\www\khcn\library\Zend\Controller\Action.php
-- Line: 516
-- Function: excelAction
-- Class: Admin_ReportController

#5
-- File: C:\wamp\www\khcn\library\Zend\Controller\Dispatcher\Standard.php
-- Line: 295
-- Function: dispatch
-- Class: Zend_Controller_Action

#6
-- File: C:\wamp\www\khcn\library\Zend\Controller\Front.php
-- Line: 954
-- Function: dispatch
-- Class: Zend_Controller_Dispatcher_Standard

#7
-- File: C:\wamp\www\khcn\library\Zend\Application\Bootstrap\Bootstrap.php
-- Line: 97
-- Function: dispatch
-- Class: Zend_Controller_Front

#8
-- File: C:\wamp\www\khcn\library\Zend\Application.php
-- Line: 366
-- Function: run
-- Class: Zend_Application_Bootstrap_Bootstrap

#9
-- File: C:\wamp\www\khcn\public\index.php
-- Line: 68
-- Function: run
-- Class: Zend_Application



