KHCN CMS - 2012-06-10T16:33:30+07:00
DEBUG [7]: Zend_Controller_Dispatcher_Exception
Message: Invalid controller specified (images)
Stack trace: 4
#0
-- File: C:\Program Files\Zend\Apache2\htdocs\NghienCuuKhoaHoc\library\Zend\Controller\Front.php
-- Line: 954
-- Function: dispatch
-- Class: Zend_Controller_Dispatcher_Standard

#1
-- File: C:\Program Files\Zend\Apache2\htdocs\NghienCuuKhoaHoc\library\Zend\Application\Bootstrap\Bootstrap.php
-- Line: 97
-- Function: dispatch
-- Class: Zend_Controller_Front

#2
-- File: C:\Program Files\Zend\Apache2\htdocs\NghienCuuKhoaHoc\library\Zend\Application.php
-- Line: 366
-- Function: run
-- Class: Zend_Application_Bootstrap_Bootstrap

#3
-- File: C:\Program Files\Zend\Apache2\htdocs\NghienCuuKhoaHoc\public\index.php
-- Line: 68
-- Function: run
-- Class: Zend_Application



KHCN CMS - 2012-06-10T16:33:30+07:00
DEBUG [7]: Zend_Controller_Dispatcher_Exception
Message: Invalid controller specified (images)
Stack trace: 4
#0
-- File: C:\Program Files\Zend\Apache2\htdocs\NghienCuuKhoaHoc\library\Zend\Controller\Front.php
-- Line: 954
-- Function: dispatch
-- Class: Zend_Controller_Dispatcher_Standard

#1
-- File: C:\Program Files\Zend\Apache2\htdocs\NghienCuuKhoaHoc\library\Zend\Application\Bootstrap\Bootstrap.php
-- Line: 97
-- Function: dispatch
-- Class: Zend_Controller_Front

#2
-- File: C:\Program Files\Zend\Apache2\htdocs\NghienCuuKhoaHoc\library\Zend\Application.php
-- Line: 366
-- Function: run
-- Class: Zend_Application_Bootstrap_Bootstrap

#3
-- File: C:\Program Files\Zend\Apache2\htdocs\NghienCuuKhoaHoc\public\index.php
-- Line: 68
-- Function: run
-- Class: Zend_Application



KHCN CMS - 2012-06-10T16:33:30+07:00
DEBUG [7]: Zend_Controller_Dispatcher_Exception
Message: Invalid controller specified (images)
Stack trace: 4
#0
-- File: C:\Program Files\Zend\Apache2\htdocs\NghienCuuKhoaHoc\library\Zend\Controller\Front.php
-- Line: 954
-- Function: dispatch
-- Class: Zend_Controller_Dispatcher_Standard

#1
-- File: C:\Program Files\Zend\Apache2\htdocs\NghienCuuKhoaHoc\library\Zend\Application\Bootstrap\Bootstrap.php
-- Line: 97
-- Function: dispatch
-- Class: Zend_Controller_Front

#2
-- File: C:\Program Files\Zend\Apache2\htdocs\NghienCuuKhoaHoc\library\Zend\Application.php
-- Line: 366
-- Function: run
-- Class: Zend_Application_Bootstrap_Bootstrap

#3
-- File: C:\Program Files\Zend\Apache2\htdocs\NghienCuuKhoaHoc\public\index.php
-- Line: 68
-- Function: run
-- Class: Zend_Application



KHCN CMS - 2012-06-10T16:33:30+07:00
DEBUG [7]: Zend_Controller_Dispatcher_Exception
Message: Invalid controller specified (images)
Stack trace: 4
#0
-- File: C:\Program Files\Zend\Apache2\htdocs\NghienCuuKhoaHoc\library\Zend\Controller\Front.php
-- Line: 954
-- Function: dispatch
-- Class: Zend_Controller_Dispatcher_Standard

#1
-- File: C:\Program Files\Zend\Apache2\htdocs\NghienCuuKhoaHoc\library\Zend\Application\Bootstrap\Bootstrap.php
-- Line: 97
-- Function: dispatch
-- Class: Zend_Controller_Front

#2
-- File: C:\Program Files\Zend\Apache2\htdocs\NghienCuuKhoaHoc\library\Zend\Application.php
-- Line: 366
-- Function: run
-- Class: Zend_Application_Bootstrap_Bootstrap

#3
-- File: C:\Program Files\Zend\Apache2\htdocs\NghienCuuKhoaHoc\public\index.php
-- Line: 68
-- Function: run
-- Class: Zend_Application



KHCN CMS - 2012-06-10T17:04:20+07:00
DEBUG [7]: Zend_Controller_Dispatcher_Exception
Message: Invalid controller specified (images)
Stack trace: 4
#0
-- File: C:\Program Files\Zend\Apache2\htdocs\NghienCuuKhoaHoc\library\Zend\Controller\Front.php
-- Line: 954
-- Function: dispatch
-- Class: Zend_Controller_Dispatcher_Standard

#1
-- File: C:\Program Files\Zend\Apache2\htdocs\NghienCuuKhoaHoc\library\Zend\Application\Bootstrap\Bootstrap.php
-- Line: 97
-- Function: dispatch
-- Class: Zend_Controller_Front

#2
-- File: C:\Program Files\Zend\Apache2\htdocs\NghienCuuKhoaHoc\library\Zend\Application.php
-- Line: 366
-- Function: run
-- Class: Zend_Application_Bootstrap_Bootstrap

#3
-- File: C:\Program Files\Zend\Apache2\htdocs\NghienCuuKhoaHoc\public\index.php
-- Line: 68
-- Function: run
-- Class: Zend_Application



KHCN CMS - 2012-06-10T17:04:20+07:00
DEBUG [7]: Zend_Controller_Dispatcher_Exception
Message: Invalid controller specified (images)
Stack trace: 4
#0
-- File: C:\Program Files\Zend\Apache2\htdocs\NghienCuuKhoaHoc\library\Zend\Controller\Front.php
-- Line: 954
-- Function: dispatch
-- Class: Zend_Controller_Dispatcher_Standard

#1
-- File: C:\Program Files\Zend\Apache2\htdocs\NghienCuuKhoaHoc\library\Zend\Application\Bootstrap\Bootstrap.php
-- Line: 97
-- Function: dispatch
-- Class: Zend_Controller_Front

#2
-- File: C:\Program Files\Zend\Apache2\htdocs\NghienCuuKhoaHoc\library\Zend\Application.php
-- Line: 366
-- Function: run
-- Class: Zend_Application_Bootstrap_Bootstrap

#3
-- File: C:\Program Files\Zend\Apache2\htdocs\NghienCuuKhoaHoc\public\index.php
-- Line: 68
-- Function: run
-- Class: Zend_Application



KHCN CMS - 2012-06-10T17:12:59+07:00
DEBUG [7]: Zend_Acl_Exception
Message: Resource 'admin:images' not found
Stack trace: 7
#0
-- File: C:\Program Files\Zend\Apache2\htdocs\NghienCuuKhoaHoc\library\Zend\Acl.php
-- Line: 846
-- Function: get
-- Class: Zend_Acl

#1
-- File: C:\Program Files\Zend\Apache2\htdocs\NghienCuuKhoaHoc\library\Khcn\Controller\Plugin\Acl.php
-- Line: 32
-- Function: isAllowed
-- Class: Zend_Acl

#2
-- File: C:\Program Files\Zend\Apache2\htdocs\NghienCuuKhoaHoc\library\Zend\Controller\Plugin\Broker.php
-- Line: 309
-- Function: preDispatch
-- Class: Khcn_Controller_Plugin_Acl

#3
-- File: C:\Program Files\Zend\Apache2\htdocs\NghienCuuKhoaHoc\library\Zend\Controller\Front.php
-- Line: 941
-- Function: preDispatch
-- Class: Zend_Controller_Plugin_Broker

#4
-- File: C:\Program Files\Zend\Apache2\htdocs\NghienCuuKhoaHoc\library\Zend\Application\Bootstrap\Bootstrap.php
-- Line: 97
-- Function: dispatch
-- Class: Zend_Controller_Front

#5
-- File: C:\Program Files\Zend\Apache2\htdocs\NghienCuuKhoaHoc\library\Zend\Application.php
-- Line: 366
-- Function: run
-- Class: Zend_Application_Bootstrap_Bootstrap

#6
-- File: C:\Program Files\Zend\Apache2\htdocs\NghienCuuKhoaHoc\public\index.php
-- Line: 68
-- Function: run
-- Class: Zend_Application



KHCN CMS - 2012-06-10T17:14:18+07:00
DEBUG [7]: Zend_Acl_Exception
Message: Resource 'admin:images' not found
Stack trace: 7
#0
-- File: C:\Program Files\Zend\Apache2\htdocs\NghienCuuKhoaHoc\library\Zend\Acl.php
-- Line: 846
-- Function: get
-- Class: Zend_Acl

#1
-- File: C:\Program Files\Zend\Apache2\htdocs\NghienCuuKhoaHoc\library\Khcn\Controller\Plugin\Acl.php
-- Line: 32
-- Function: isAllowed
-- Class: Zend_Acl

#2
-- File: C:\Program Files\Zend\Apache2\htdocs\NghienCuuKhoaHoc\library\Zend\Controller\Plugin\Broker.php
-- Line: 309
-- Function: preDispatch
-- Class: Khcn_Controller_Plugin_Acl

#3
-- File: C:\Program Files\Zend\Apache2\htdocs\NghienCuuKhoaHoc\library\Zend\Controller\Front.php
-- Line: 941
-- Function: preDispatch
-- Class: Zend_Controller_Plugin_Broker

#4
-- File: C:\Program Files\Zend\Apache2\htdocs\NghienCuuKhoaHoc\library\Zend\Application\Bootstrap\Bootstrap.php
-- Line: 97
-- Function: dispatch
-- Class: Zend_Controller_Front

#5
-- File: C:\Program Files\Zend\Apache2\htdocs\NghienCuuKhoaHoc\library\Zend\Application.php
-- Line: 366
-- Function: run
-- Class: Zend_Application_Bootstrap_Bootstrap

#6
-- File: C:\Program Files\Zend\Apache2\htdocs\NghienCuuKhoaHoc\public\index.php
-- Line: 68
-- Function: run
-- Class: Zend_Application



KHCN CMS - 2012-06-10T17:23:09+07:00
DEBUG [7]: Zend_Acl_Exception
Message: Resource 'admin:images' not found
Stack trace: 7
#0
-- File: C:\Program Files\Zend\Apache2\htdocs\NghienCuuKhoaHoc\library\Zend\Acl.php
-- Line: 846
-- Function: get
-- Class: Zend_Acl

#1
-- File: C:\Program Files\Zend\Apache2\htdocs\NghienCuuKhoaHoc\library\Khcn\Controller\Plugin\Acl.php
-- Line: 32
-- Function: isAllowed
-- Class: Zend_Acl

#2
-- File: C:\Program Files\Zend\Apache2\htdocs\NghienCuuKhoaHoc\library\Zend\Controller\Plugin\Broker.php
-- Line: 309
-- Function: preDispatch
-- Class: Khcn_Controller_Plugin_Acl

#3
-- File: C:\Program Files\Zend\Apache2\htdocs\NghienCuuKhoaHoc\library\Zend\Controller\Front.php
-- Line: 941
-- Function: preDispatch
-- Class: Zend_Controller_Plugin_Broker

#4
-- File: C:\Program Files\Zend\Apache2\htdocs\NghienCuuKhoaHoc\library\Zend\Application\Bootstrap\Bootstrap.php
-- Line: 97
-- Function: dispatch
-- Class: Zend_Controller_Front

#5
-- File: C:\Program Files\Zend\Apache2\htdocs\NghienCuuKhoaHoc\library\Zend\Application.php
-- Line: 366
-- Function: run
-- Class: Zend_Application_Bootstrap_Bootstrap

#6
-- File: C:\Program Files\Zend\Apache2\htdocs\NghienCuuKhoaHoc\public\index.php
-- Line: 68
-- Function: run
-- Class: Zend_Application



KHCN CMS - 2012-06-10T21:23:04+07:00
DEBUG [7]: Zend_Controller_Dispatcher_Exception
Message: Invalid controller specified (images)
Stack trace: 4
#0
-- File: C:\Program Files\Zend\Apache2\htdocs\NghienCuuKhoaHoc\library\Zend\Controller\Front.php
-- Line: 954
-- Function: dispatch
-- Class: Zend_Controller_Dispatcher_Standard

#1
-- File: C:\Program Files\Zend\Apache2\htdocs\NghienCuuKhoaHoc\library\Zend\Application\Bootstrap\Bootstrap.php
-- Line: 97
-- Function: dispatch
-- Class: Zend_Controller_Front

#2
-- File: C:\Program Files\Zend\Apache2\htdocs\NghienCuuKhoaHoc\library\Zend\Application.php
-- Line: 366
-- Function: run
-- Class: Zend_Application_Bootstrap_Bootstrap

#3
-- File: C:\Program Files\Zend\Apache2\htdocs\NghienCuuKhoaHoc\public\index.php
-- Line: 68
-- Function: run
-- Class: Zend_Application



KHCN CMS - 2012-06-10T21:23:04+07:00
DEBUG [7]: Zend_Controller_Dispatcher_Exception
Message: Invalid controller specified (images)
Stack trace: 4
#0
-- File: C:\Program Files\Zend\Apache2\htdocs\NghienCuuKhoaHoc\library\Zend\Controller\Front.php
-- Line: 954
-- Function: dispatch
-- Class: Zend_Controller_Dispatcher_Standard

#1
-- File: C:\Program Files\Zend\Apache2\htdocs\NghienCuuKhoaHoc\library\Zend\Application\Bootstrap\Bootstrap.php
-- Line: 97
-- Function: dispatch
-- Class: Zend_Controller_Front

#2
-- File: C:\Program Files\Zend\Apache2\htdocs\NghienCuuKhoaHoc\library\Zend\Application.php
-- Line: 366
-- Function: run
-- Class: Zend_Application_Bootstrap_Bootstrap

#3
-- File: C:\Program Files\Zend\Apache2\htdocs\NghienCuuKhoaHoc\public\index.php
-- Line: 68
-- Function: run
-- Class: Zend_Application



KHCN CMS - 2012-06-10T21:23:04+07:00
DEBUG [7]: Zend_Controller_Dispatcher_Exception
Message: Invalid controller specified (images)
Stack trace: 4
#0
-- File: C:\Program Files\Zend\Apache2\htdocs\NghienCuuKhoaHoc\library\Zend\Controller\Front.php
-- Line: 954
-- Function: dispatch
-- Class: Zend_Controller_Dispatcher_Standard

#1
-- File: C:\Program Files\Zend\Apache2\htdocs\NghienCuuKhoaHoc\library\Zend\Application\Bootstrap\Bootstrap.php
-- Line: 97
-- Function: dispatch
-- Class: Zend_Controller_Front

#2
-- File: C:\Program Files\Zend\Apache2\htdocs\NghienCuuKhoaHoc\library\Zend\Application.php
-- Line: 366
-- Function: run
-- Class: Zend_Application_Bootstrap_Bootstrap

#3
-- File: C:\Program Files\Zend\Apache2\htdocs\NghienCuuKhoaHoc\public\index.php
-- Line: 68
-- Function: run
-- Class: Zend_Application



KHCN CMS - 2012-06-10T21:23:04+07:00
DEBUG [7]: Zend_Controller_Dispatcher_Exception
Message: Invalid controller specified (images)
Stack trace: 4
#0
-- File: C:\Program Files\Zend\Apache2\htdocs\NghienCuuKhoaHoc\library\Zend\Controller\Front.php
-- Line: 954
-- Function: dispatch
-- Class: Zend_Controller_Dispatcher_Standard

#1
-- File: C:\Program Files\Zend\Apache2\htdocs\NghienCuuKhoaHoc\library\Zend\Application\Bootstrap\Bootstrap.php
-- Line: 97
-- Function: dispatch
-- Class: Zend_Controller_Front

#2
-- File: C:\Program Files\Zend\Apache2\htdocs\NghienCuuKhoaHoc\library\Zend\Application.php
-- Line: 366
-- Function: run
-- Class: Zend_Application_Bootstrap_Bootstrap

#3
-- File: C:\Program Files\Zend\Apache2\htdocs\NghienCuuKhoaHoc\public\index.php
-- Line: 68
-- Function: run
-- Class: Zend_Application



