KHCN CMS - 2012-05-14T22:21:19+07:00
DEBUG [7]: Zend_Controller_Dispatcher_Exception
Message: Invalid controller specified (url)
Stack trace: 4
#0
-- File: C:\Program Files\Zend\Apache2\htdocs\NghienCuuKhoaHoc\library\Zend\Controller\Front.php
-- Line: 954
-- Function: dispatch
-- Class: Zend_Controller_Dispatcher_Standard

#1
-- File: C:\Program Files\Zend\Apache2\htdocs\NghienCuuKhoaHoc\library\Zend\Application\Bootstrap\Bootstrap.php
-- Line: 97
-- Function: dispatch
-- Class: Zend_Controller_Front

#2
-- File: C:\Program Files\Zend\Apache2\htdocs\NghienCuuKhoaHoc\library\Zend\Application.php
-- Line: 366
-- Function: run
-- Class: Zend_Application_Bootstrap_Bootstrap

#3
-- File: C:\Program Files\Zend\Apache2\htdocs\NghienCuuKhoaHoc\public\index.php
-- Line: 68
-- Function: run
-- Class: Zend_Application



KHCN CMS - 2012-05-14T22:21:28+07:00
DEBUG [7]: Zend_Controller_Action_Exception (404) 
Message: Action "url" does not exist and was not trapped in __call()
Stack trace: 6
#0
-- File: C:\Program Files\Zend\Apache2\htdocs\NghienCuuKhoaHoc\library\Zend\Controller\Action.php
-- Line: 518
-- Function: __call
-- Class: Zend_Controller_Action

#1
-- File: C:\Program Files\Zend\Apache2\htdocs\NghienCuuKhoaHoc\library\Zend\Controller\Dispatcher\Standard.php
-- Line: 295
-- Function: dispatch
-- Class: Zend_Controller_Action

#2
-- File: C:\Program Files\Zend\Apache2\htdocs\NghienCuuKhoaHoc\library\Zend\Controller\Front.php
-- Line: 954
-- Function: dispatch
-- Class: Zend_Controller_Dispatcher_Standard

#3
-- File: C:\Program Files\Zend\Apache2\htdocs\NghienCuuKhoaHoc\library\Zend\Application\Bootstrap\Bootstrap.php
-- Line: 97
-- Function: dispatch
-- Class: Zend_Controller_Front

#4
-- File: C:\Program Files\Zend\Apache2\htdocs\NghienCuuKhoaHoc\library\Zend\Application.php
-- Line: 366
-- Function: run
-- Class: Zend_Application_Bootstrap_Bootstrap

#5
-- File: C:\Program Files\Zend\Apache2\htdocs\NghienCuuKhoaHoc\public\index.php
-- Line: 68
-- Function: run
-- Class: Zend_Application



KHCN CMS - 2012-05-14T22:21:33+07:00
DEBUG [7]: Zend_Controller_Action_Exception (404) 
Message: Action "url" does not exist and was not trapped in __call()
Stack trace: 6
#0
-- File: C:\Program Files\Zend\Apache2\htdocs\NghienCuuKhoaHoc\library\Zend\Controller\Action.php
-- Line: 518
-- Function: __call
-- Class: Zend_Controller_Action

#1
-- File: C:\Program Files\Zend\Apache2\htdocs\NghienCuuKhoaHoc\library\Zend\Controller\Dispatcher\Standard.php
-- Line: 295
-- Function: dispatch
-- Class: Zend_Controller_Action

#2
-- File: C:\Program Files\Zend\Apache2\htdocs\NghienCuuKhoaHoc\library\Zend\Controller\Front.php
-- Line: 954
-- Function: dispatch
-- Class: Zend_Controller_Dispatcher_Standard

#3
-- File: C:\Program Files\Zend\Apache2\htdocs\NghienCuuKhoaHoc\library\Zend\Application\Bootstrap\Bootstrap.php
-- Line: 97
-- Function: dispatch
-- Class: Zend_Controller_Front

#4
-- File: C:\Program Files\Zend\Apache2\htdocs\NghienCuuKhoaHoc\library\Zend\Application.php
-- Line: 366
-- Function: run
-- Class: Zend_Application_Bootstrap_Bootstrap

#5
-- File: C:\Program Files\Zend\Apache2\htdocs\NghienCuuKhoaHoc\public\index.php
-- Line: 68
-- Function: run
-- Class: Zend_Application



KHCN CMS - 2012-05-14T23:37:22+07:00
DEBUG [7]: Zend_Controller_Dispatcher_Exception
Message: Invalid controller specified (url)
Stack trace: 4
#0
-- File: C:\Program Files\Zend\Apache2\htdocs\NghienCuuKhoaHoc\library\Zend\Controller\Front.php
-- Line: 954
-- Function: dispatch
-- Class: Zend_Controller_Dispatcher_Standard

#1
-- File: C:\Program Files\Zend\Apache2\htdocs\NghienCuuKhoaHoc\library\Zend\Application\Bootstrap\Bootstrap.php
-- Line: 97
-- Function: dispatch
-- Class: Zend_Controller_Front

#2
-- File: C:\Program Files\Zend\Apache2\htdocs\NghienCuuKhoaHoc\library\Zend\Application.php
-- Line: 366
-- Function: run
-- Class: Zend_Application_Bootstrap_Bootstrap

#3
-- File: C:\Program Files\Zend\Apache2\htdocs\NghienCuuKhoaHoc\public\index.php
-- Line: 68
-- Function: run
-- Class: Zend_Application



KHCN CMS - 2012-05-14T23:37:53+07:00
DEBUG [7]: Zend_Controller_Action_Exception (404) 
Message: Action "url" does not exist and was not trapped in __call()
Stack trace: 6
#0
-- File: C:\Program Files\Zend\Apache2\htdocs\NghienCuuKhoaHoc\library\Zend\Controller\Action.php
-- Line: 518
-- Function: __call
-- Class: Zend_Controller_Action

#1
-- File: C:\Program Files\Zend\Apache2\htdocs\NghienCuuKhoaHoc\library\Zend\Controller\Dispatcher\Standard.php
-- Line: 295
-- Function: dispatch
-- Class: Zend_Controller_Action

#2
-- File: C:\Program Files\Zend\Apache2\htdocs\NghienCuuKhoaHoc\library\Zend\Controller\Front.php
-- Line: 954
-- Function: dispatch
-- Class: Zend_Controller_Dispatcher_Standard

#3
-- File: C:\Program Files\Zend\Apache2\htdocs\NghienCuuKhoaHoc\library\Zend\Application\Bootstrap\Bootstrap.php
-- Line: 97
-- Function: dispatch
-- Class: Zend_Controller_Front

#4
-- File: C:\Program Files\Zend\Apache2\htdocs\NghienCuuKhoaHoc\library\Zend\Application.php
-- Line: 366
-- Function: run
-- Class: Zend_Application_Bootstrap_Bootstrap

#5
-- File: C:\Program Files\Zend\Apache2\htdocs\NghienCuuKhoaHoc\public\index.php
-- Line: 68
-- Function: run
-- Class: Zend_Application



KHCN CMS - 2012-05-14T23:38:00+07:00
DEBUG [7]: Zend_Controller_Action_Exception (404) 
Message: Action "url" does not exist and was not trapped in __call()
Stack trace: 6
#0
-- File: C:\Program Files\Zend\Apache2\htdocs\NghienCuuKhoaHoc\library\Zend\Controller\Action.php
-- Line: 518
-- Function: __call
-- Class: Zend_Controller_Action

#1
-- File: C:\Program Files\Zend\Apache2\htdocs\NghienCuuKhoaHoc\library\Zend\Controller\Dispatcher\Standard.php
-- Line: 295
-- Function: dispatch
-- Class: Zend_Controller_Action

#2
-- File: C:\Program Files\Zend\Apache2\htdocs\NghienCuuKhoaHoc\library\Zend\Controller\Front.php
-- Line: 954
-- Function: dispatch
-- Class: Zend_Controller_Dispatcher_Standard

#3
-- File: C:\Program Files\Zend\Apache2\htdocs\NghienCuuKhoaHoc\library\Zend\Application\Bootstrap\Bootstrap.php
-- Line: 97
-- Function: dispatch
-- Class: Zend_Controller_Front

#4
-- File: C:\Program Files\Zend\Apache2\htdocs\NghienCuuKhoaHoc\library\Zend\Application.php
-- Line: 366
-- Function: run
-- Class: Zend_Application_Bootstrap_Bootstrap

#5
-- File: C:\Program Files\Zend\Apache2\htdocs\NghienCuuKhoaHoc\public\index.php
-- Line: 68
-- Function: run
-- Class: Zend_Application



KHCN CMS - 2012-05-14T23:38:03+07:00
DEBUG [7]: Zend_Controller_Action_Exception (404) 
Message: Action "url" does not exist and was not trapped in __call()
Stack trace: 6
#0
-- File: C:\Program Files\Zend\Apache2\htdocs\NghienCuuKhoaHoc\library\Zend\Controller\Action.php
-- Line: 518
-- Function: __call
-- Class: Zend_Controller_Action

#1
-- File: C:\Program Files\Zend\Apache2\htdocs\NghienCuuKhoaHoc\library\Zend\Controller\Dispatcher\Standard.php
-- Line: 295
-- Function: dispatch
-- Class: Zend_Controller_Action

#2
-- File: C:\Program Files\Zend\Apache2\htdocs\NghienCuuKhoaHoc\library\Zend\Controller\Front.php
-- Line: 954
-- Function: dispatch
-- Class: Zend_Controller_Dispatcher_Standard

#3
-- File: C:\Program Files\Zend\Apache2\htdocs\NghienCuuKhoaHoc\library\Zend\Application\Bootstrap\Bootstrap.php
-- Line: 97
-- Function: dispatch
-- Class: Zend_Controller_Front

#4
-- File: C:\Program Files\Zend\Apache2\htdocs\NghienCuuKhoaHoc\library\Zend\Application.php
-- Line: 366
-- Function: run
-- Class: Zend_Application_Bootstrap_Bootstrap

#5
-- File: C:\Program Files\Zend\Apache2\htdocs\NghienCuuKhoaHoc\public\index.php
-- Line: 68
-- Function: run
-- Class: Zend_Application



KHCN CMS - 2012-05-14T23:38:07+07:00
DEBUG [7]: Zend_Controller_Action_Exception (404) 
Message: Action "url" does not exist and was not trapped in __call()
Stack trace: 6
#0
-- File: C:\Program Files\Zend\Apache2\htdocs\NghienCuuKhoaHoc\library\Zend\Controller\Action.php
-- Line: 518
-- Function: __call
-- Class: Zend_Controller_Action

#1
-- File: C:\Program Files\Zend\Apache2\htdocs\NghienCuuKhoaHoc\library\Zend\Controller\Dispatcher\Standard.php
-- Line: 295
-- Function: dispatch
-- Class: Zend_Controller_Action

#2
-- File: C:\Program Files\Zend\Apache2\htdocs\NghienCuuKhoaHoc\library\Zend\Controller\Front.php
-- Line: 954
-- Function: dispatch
-- Class: Zend_Controller_Dispatcher_Standard

#3
-- File: C:\Program Files\Zend\Apache2\htdocs\NghienCuuKhoaHoc\library\Zend\Application\Bootstrap\Bootstrap.php
-- Line: 97
-- Function: dispatch
-- Class: Zend_Controller_Front

#4
-- File: C:\Program Files\Zend\Apache2\htdocs\NghienCuuKhoaHoc\library\Zend\Application.php
-- Line: 366
-- Function: run
-- Class: Zend_Application_Bootstrap_Bootstrap

#5
-- File: C:\Program Files\Zend\Apache2\htdocs\NghienCuuKhoaHoc\public\index.php
-- Line: 68
-- Function: run
-- Class: Zend_Application



KHCN CMS - 2012-05-14T23:38:13+07:00
DEBUG [7]: Zend_Controller_Action_Exception (404) 
Message: Action "url" does not exist and was not trapped in __call()
Stack trace: 6
#0
-- File: C:\Program Files\Zend\Apache2\htdocs\NghienCuuKhoaHoc\library\Zend\Controller\Action.php
-- Line: 518
-- Function: __call
-- Class: Zend_Controller_Action

#1
-- File: C:\Program Files\Zend\Apache2\htdocs\NghienCuuKhoaHoc\library\Zend\Controller\Dispatcher\Standard.php
-- Line: 295
-- Function: dispatch
-- Class: Zend_Controller_Action

#2
-- File: C:\Program Files\Zend\Apache2\htdocs\NghienCuuKhoaHoc\library\Zend\Controller\Front.php
-- Line: 954
-- Function: dispatch
-- Class: Zend_Controller_Dispatcher_Standard

#3
-- File: C:\Program Files\Zend\Apache2\htdocs\NghienCuuKhoaHoc\library\Zend\Application\Bootstrap\Bootstrap.php
-- Line: 97
-- Function: dispatch
-- Class: Zend_Controller_Front

#4
-- File: C:\Program Files\Zend\Apache2\htdocs\NghienCuuKhoaHoc\library\Zend\Application.php
-- Line: 366
-- Function: run
-- Class: Zend_Application_Bootstrap_Bootstrap

#5
-- File: C:\Program Files\Zend\Apache2\htdocs\NghienCuuKhoaHoc\public\index.php
-- Line: 68
-- Function: run
-- Class: Zend_Application



KHCN CMS - 2012-05-14T23:38:18+07:00
DEBUG [7]: Zend_Controller_Action_Exception (404) 
Message: Action "url" does not exist and was not trapped in __call()
Stack trace: 6
#0
-- File: C:\Program Files\Zend\Apache2\htdocs\NghienCuuKhoaHoc\library\Zend\Controller\Action.php
-- Line: 518
-- Function: __call
-- Class: Zend_Controller_Action

#1
-- File: C:\Program Files\Zend\Apache2\htdocs\NghienCuuKhoaHoc\library\Zend\Controller\Dispatcher\Standard.php
-- Line: 295
-- Function: dispatch
-- Class: Zend_Controller_Action

#2
-- File: C:\Program Files\Zend\Apache2\htdocs\NghienCuuKhoaHoc\library\Zend\Controller\Front.php
-- Line: 954
-- Function: dispatch
-- Class: Zend_Controller_Dispatcher_Standard

#3
-- File: C:\Program Files\Zend\Apache2\htdocs\NghienCuuKhoaHoc\library\Zend\Application\Bootstrap\Bootstrap.php
-- Line: 97
-- Function: dispatch
-- Class: Zend_Controller_Front

#4
-- File: C:\Program Files\Zend\Apache2\htdocs\NghienCuuKhoaHoc\library\Zend\Application.php
-- Line: 366
-- Function: run
-- Class: Zend_Application_Bootstrap_Bootstrap

#5
-- File: C:\Program Files\Zend\Apache2\htdocs\NghienCuuKhoaHoc\public\index.php
-- Line: 68
-- Function: run
-- Class: Zend_Application



KHCN CMS - 2012-05-14T23:38:21+07:00
DEBUG [7]: Zend_Controller_Action_Exception (404) 
Message: Action "url" does not exist and was not trapped in __call()
Stack trace: 6
#0
-- File: C:\Program Files\Zend\Apache2\htdocs\NghienCuuKhoaHoc\library\Zend\Controller\Action.php
-- Line: 518
-- Function: __call
-- Class: Zend_Controller_Action

#1
-- File: C:\Program Files\Zend\Apache2\htdocs\NghienCuuKhoaHoc\library\Zend\Controller\Dispatcher\Standard.php
-- Line: 295
-- Function: dispatch
-- Class: Zend_Controller_Action

#2
-- File: C:\Program Files\Zend\Apache2\htdocs\NghienCuuKhoaHoc\library\Zend\Controller\Front.php
-- Line: 954
-- Function: dispatch
-- Class: Zend_Controller_Dispatcher_Standard

#3
-- File: C:\Program Files\Zend\Apache2\htdocs\NghienCuuKhoaHoc\library\Zend\Application\Bootstrap\Bootstrap.php
-- Line: 97
-- Function: dispatch
-- Class: Zend_Controller_Front

#4
-- File: C:\Program Files\Zend\Apache2\htdocs\NghienCuuKhoaHoc\library\Zend\Application.php
-- Line: 366
-- Function: run
-- Class: Zend_Application_Bootstrap_Bootstrap

#5
-- File: C:\Program Files\Zend\Apache2\htdocs\NghienCuuKhoaHoc\public\index.php
-- Line: 68
-- Function: run
-- Class: Zend_Application



KHCN CMS - 2012-05-14T23:52:07+07:00
DEBUG [7]: Zend_Controller_Dispatcher_Exception
Message: Invalid controller specified (blank.gif)
Stack trace: 4
#0
-- File: C:\Program Files\Zend\Apache2\htdocs\NghienCuuKhoaHoc\library\Zend\Controller\Front.php
-- Line: 954
-- Function: dispatch
-- Class: Zend_Controller_Dispatcher_Standard

#1
-- File: C:\Program Files\Zend\Apache2\htdocs\NghienCuuKhoaHoc\library\Zend\Application\Bootstrap\Bootstrap.php
-- Line: 97
-- Function: dispatch
-- Class: Zend_Controller_Front

#2
-- File: C:\Program Files\Zend\Apache2\htdocs\NghienCuuKhoaHoc\library\Zend\Application.php
-- Line: 366
-- Function: run
-- Class: Zend_Application_Bootstrap_Bootstrap

#3
-- File: C:\Program Files\Zend\Apache2\htdocs\NghienCuuKhoaHoc\public\index.php
-- Line: 68
-- Function: run
-- Class: Zend_Application



