KHCN CMS - 2013-01-17T20:41:31+07:00
DEBUG [7]: Zend_Acl_Exception
Message: Resource 'admin:loai-bm' not found
Stack trace: 7
#0
-- File: C:\wamp\www\khcn\library\Zend\Acl.php
-- Line: 846
-- Function: get
-- Class: Zend_Acl

#1
-- File: C:\wamp\www\khcn\library\Khcn\Controller\Plugin\Acl.php
-- Line: 32
-- Function: isAllowed
-- Class: Zend_Acl

#2
-- File: C:\wamp\www\khcn\library\Zend\Controller\Plugin\Broker.php
-- Line: 309
-- Function: preDispatch
-- Class: Khcn_Controller_Plugin_Acl

#3
-- File: C:\wamp\www\khcn\library\Zend\Controller\Front.php
-- Line: 941
-- Function: preDispatch
-- Class: Zend_Controller_Plugin_Broker

#4
-- File: C:\wamp\www\khcn\library\Zend\Application\Bootstrap\Bootstrap.php
-- Line: 97
-- Function: dispatch
-- Class: Zend_Controller_Front

#5
-- File: C:\wamp\www\khcn\library\Zend\Application.php
-- Line: 366
-- Function: run
-- Class: Zend_Application_Bootstrap_Bootstrap

#6
-- File: C:\wamp\www\khcn\public\index.php
-- Line: 68
-- Function: run
-- Class: Zend_Application



KHCN CMS - 2013-01-17T22:41:30+07:00
DEBUG [7]: Zend_Db_Statement_Exception (42) 
Message: SQLSTATE[42S22]: Column not found: 1054 Unknown column '$id' in 'on clause'
Stack trace: 22
#0
-- File: C:\wamp\www\khcn\library\Zend\Db\Statement.php
-- Line: 300
-- Function: _execute
-- Class: Zend_Db_Statement_Pdo

#1
-- File: C:\wamp\www\khcn\library\Zend\Db\Adapter\Abstract.php
-- Line: 479
-- Function: execute
-- Class: Zend_Db_Statement

#2
-- File: C:\wamp\www\khcn\library\Zend\Db\Adapter\Pdo\Abstract.php
-- Line: 238
-- Function: query
-- Class: Zend_Db_Adapter_Abstract

#3
-- File: C:\wamp\www\khcn\application\modules\default\models\DAL\DalLoaiBM.php
-- Line: 65
-- Function: query
-- Class: Zend_Db_Adapter_Pdo_Abstract

#4
-- File: C:\wamp\www\khcn\application\modules\default\models\BLL\BizLoaiBM.php
-- Line: 105
-- Function: getBMsByLoai
-- Class: Default_Model_DAL_DalLoaiBM

#5
-- File: C:\wamp\www\khcn\library\Khcn\View\Helper\DsBieuMau.php
-- Line: 11
-- Function: getBMsByLoai
-- Class: Default_Model_BLL_BizLoaiBM

#6
-- File: 
-- Line: 
-- Function: dsBieuMau
-- Class: Khcn_View_Helper_DsBieuMau

#7
-- File: C:\wamp\www\khcn\library\Zend\View\Abstract.php
-- Line: 350
-- Function: call_user_func_array
-- Class: 

#8
-- File: C:\wamp\www\khcn\application\modules\default\views\scripts\includes\bieu_mau.phtml
-- Line: 34
-- Function: __call
-- Class: Zend_View_Abstract

#9
-- File: C:\wamp\www\khcn\application\modules\default\views\scripts\includes\bieu_mau.phtml
-- Line: 34
-- Function: dsBieuMau
-- Class: Zend_View

#10
-- File: C:\wamp\www\khcn\library\Zend\View.php
-- Line: 108
-- Function: include
-- Class: 

#11
-- File: C:\wamp\www\khcn\library\Zend\View\Abstract.php
-- Line: 888
-- Function: _run
-- Class: Zend_View

#12
-- File: C:\wamp\www\khcn\application\templates\default\index.phtml
-- Line: 46
-- Function: render
-- Class: Zend_View_Abstract

#13
-- File: C:\wamp\www\khcn\library\Zend\View.php
-- Line: 108
-- Function: include
-- Class: 

#14
-- File: C:\wamp\www\khcn\library\Zend\View\Abstract.php
-- Line: 888
-- Function: _run
-- Class: Zend_View

#15
-- File: C:\wamp\www\khcn\library\Zend\Layout.php
-- Line: 796
-- Function: render
-- Class: Zend_View_Abstract

#16
-- File: C:\wamp\www\khcn\library\Zend\Layout\Controller\Plugin\Layout.php
-- Line: 143
-- Function: render
-- Class: Zend_Layout

#17
-- File: C:\wamp\www\khcn\library\Zend\Controller\Plugin\Broker.php
-- Line: 333
-- Function: postDispatch
-- Class: Zend_Layout_Controller_Plugin_Layout

#18
-- File: C:\wamp\www\khcn\library\Zend\Controller\Front.php
-- Line: 965
-- Function: postDispatch
-- Class: Zend_Controller_Plugin_Broker

#19
-- File: C:\wamp\www\khcn\library\Zend\Application\Bootstrap\Bootstrap.php
-- Line: 97
-- Function: dispatch
-- Class: Zend_Controller_Front

#20
-- File: C:\wamp\www\khcn\library\Zend\Application.php
-- Line: 366
-- Function: run
-- Class: Zend_Application_Bootstrap_Bootstrap

#21
-- File: C:\wamp\www\khcn\public\index.php
-- Line: 68
-- Function: run
-- Class: Zend_Application



KHCN CMS - 2013-01-17T23:17:49+07:00
DEBUG [7]: Zend_Controller_Dispatcher_Exception
Message: Invalid controller specified (images)
Stack trace: 4
#0
-- File: C:\wamp\www\khcn\library\Zend\Controller\Front.php
-- Line: 954
-- Function: dispatch
-- Class: Zend_Controller_Dispatcher_Standard

#1
-- File: C:\wamp\www\khcn\library\Zend\Application\Bootstrap\Bootstrap.php
-- Line: 97
-- Function: dispatch
-- Class: Zend_Controller_Front

#2
-- File: C:\wamp\www\khcn\library\Zend\Application.php
-- Line: 366
-- Function: run
-- Class: Zend_Application_Bootstrap_Bootstrap

#3
-- File: C:\wamp\www\khcn\public\index.php
-- Line: 68
-- Function: run
-- Class: Zend_Application



KHCN CMS - 2013-01-17T23:18:20+07:00
DEBUG [7]: Zend_Controller_Dispatcher_Exception
Message: Invalid controller specified (images)
Stack trace: 4
#0
-- File: C:\wamp\www\khcn\library\Zend\Controller\Front.php
-- Line: 954
-- Function: dispatch
-- Class: Zend_Controller_Dispatcher_Standard

#1
-- File: C:\wamp\www\khcn\library\Zend\Application\Bootstrap\Bootstrap.php
-- Line: 97
-- Function: dispatch
-- Class: Zend_Controller_Front

#2
-- File: C:\wamp\www\khcn\library\Zend\Application.php
-- Line: 366
-- Function: run
-- Class: Zend_Application_Bootstrap_Bootstrap

#3
-- File: C:\wamp\www\khcn\public\index.php
-- Line: 68
-- Function: run
-- Class: Zend_Application



KHCN CMS - 2013-01-17T23:18:26+07:00
DEBUG [7]: Zend_Controller_Dispatcher_Exception
Message: Invalid controller specified (images)
Stack trace: 4
#0
-- File: C:\wamp\www\khcn\library\Zend\Controller\Front.php
-- Line: 954
-- Function: dispatch
-- Class: Zend_Controller_Dispatcher_Standard

#1
-- File: C:\wamp\www\khcn\library\Zend\Application\Bootstrap\Bootstrap.php
-- Line: 97
-- Function: dispatch
-- Class: Zend_Controller_Front

#2
-- File: C:\wamp\www\khcn\library\Zend\Application.php
-- Line: 366
-- Function: run
-- Class: Zend_Application_Bootstrap_Bootstrap

#3
-- File: C:\wamp\www\khcn\public\index.php
-- Line: 68
-- Function: run
-- Class: Zend_Application



KHCN CMS - 2013-01-17T23:18:26+07:00
DEBUG [7]: Zend_Controller_Dispatcher_Exception
Message: Invalid controller specified (images)
Stack trace: 4
#0
-- File: C:\wamp\www\khcn\library\Zend\Controller\Front.php
-- Line: 954
-- Function: dispatch
-- Class: Zend_Controller_Dispatcher_Standard

#1
-- File: C:\wamp\www\khcn\library\Zend\Application\Bootstrap\Bootstrap.php
-- Line: 97
-- Function: dispatch
-- Class: Zend_Controller_Front

#2
-- File: C:\wamp\www\khcn\library\Zend\Application.php
-- Line: 366
-- Function: run
-- Class: Zend_Application_Bootstrap_Bootstrap

#3
-- File: C:\wamp\www\khcn\public\index.php
-- Line: 68
-- Function: run
-- Class: Zend_Application



KHCN CMS - 2013-01-17T23:18:26+07:00
DEBUG [7]: Zend_Controller_Dispatcher_Exception
Message: Invalid controller specified (images)
Stack trace: 4
#0
-- File: C:\wamp\www\khcn\library\Zend\Controller\Front.php
-- Line: 954
-- Function: dispatch
-- Class: Zend_Controller_Dispatcher_Standard

#1
-- File: C:\wamp\www\khcn\library\Zend\Application\Bootstrap\Bootstrap.php
-- Line: 97
-- Function: dispatch
-- Class: Zend_Controller_Front

#2
-- File: C:\wamp\www\khcn\library\Zend\Application.php
-- Line: 366
-- Function: run
-- Class: Zend_Application_Bootstrap_Bootstrap

#3
-- File: C:\wamp\www\khcn\public\index.php
-- Line: 68
-- Function: run
-- Class: Zend_Application



KHCN CMS - 2013-01-17T23:18:27+07:00
DEBUG [7]: Zend_Controller_Dispatcher_Exception
Message: Invalid controller specified (images)
Stack trace: 4
#0
-- File: C:\wamp\www\khcn\library\Zend\Controller\Front.php
-- Line: 954
-- Function: dispatch
-- Class: Zend_Controller_Dispatcher_Standard

#1
-- File: C:\wamp\www\khcn\library\Zend\Application\Bootstrap\Bootstrap.php
-- Line: 97
-- Function: dispatch
-- Class: Zend_Controller_Front

#2
-- File: C:\wamp\www\khcn\library\Zend\Application.php
-- Line: 366
-- Function: run
-- Class: Zend_Application_Bootstrap_Bootstrap

#3
-- File: C:\wamp\www\khcn\public\index.php
-- Line: 68
-- Function: run
-- Class: Zend_Application



KHCN CMS - 2013-01-17T23:18:28+07:00
DEBUG [7]: Zend_Controller_Dispatcher_Exception
Message: Invalid controller specified (images)
Stack trace: 4
#0
-- File: C:\wamp\www\khcn\library\Zend\Controller\Front.php
-- Line: 954
-- Function: dispatch
-- Class: Zend_Controller_Dispatcher_Standard

#1
-- File: C:\wamp\www\khcn\library\Zend\Application\Bootstrap\Bootstrap.php
-- Line: 97
-- Function: dispatch
-- Class: Zend_Controller_Front

#2
-- File: C:\wamp\www\khcn\library\Zend\Application.php
-- Line: 366
-- Function: run
-- Class: Zend_Application_Bootstrap_Bootstrap

#3
-- File: C:\wamp\www\khcn\public\index.php
-- Line: 68
-- Function: run
-- Class: Zend_Application



KHCN CMS - 2013-01-17T23:18:28+07:00
DEBUG [7]: Zend_Controller_Dispatcher_Exception
Message: Invalid controller specified (images)
Stack trace: 4
#0
-- File: C:\wamp\www\khcn\library\Zend\Controller\Front.php
-- Line: 954
-- Function: dispatch
-- Class: Zend_Controller_Dispatcher_Standard

#1
-- File: C:\wamp\www\khcn\library\Zend\Application\Bootstrap\Bootstrap.php
-- Line: 97
-- Function: dispatch
-- Class: Zend_Controller_Front

#2
-- File: C:\wamp\www\khcn\library\Zend\Application.php
-- Line: 366
-- Function: run
-- Class: Zend_Application_Bootstrap_Bootstrap

#3
-- File: C:\wamp\www\khcn\public\index.php
-- Line: 68
-- Function: run
-- Class: Zend_Application



KHCN CMS - 2013-01-17T23:18:28+07:00
DEBUG [7]: Zend_Controller_Dispatcher_Exception
Message: Invalid controller specified (images)
Stack trace: 4
#0
-- File: C:\wamp\www\khcn\library\Zend\Controller\Front.php
-- Line: 954
-- Function: dispatch
-- Class: Zend_Controller_Dispatcher_Standard

#1
-- File: C:\wamp\www\khcn\library\Zend\Application\Bootstrap\Bootstrap.php
-- Line: 97
-- Function: dispatch
-- Class: Zend_Controller_Front

#2
-- File: C:\wamp\www\khcn\library\Zend\Application.php
-- Line: 366
-- Function: run
-- Class: Zend_Application_Bootstrap_Bootstrap

#3
-- File: C:\wamp\www\khcn\public\index.php
-- Line: 68
-- Function: run
-- Class: Zend_Application



KHCN CMS - 2013-01-17T23:18:28+07:00
DEBUG [7]: Zend_Controller_Dispatcher_Exception
Message: Invalid controller specified (images)
Stack trace: 4
#0
-- File: C:\wamp\www\khcn\library\Zend\Controller\Front.php
-- Line: 954
-- Function: dispatch
-- Class: Zend_Controller_Dispatcher_Standard

#1
-- File: C:\wamp\www\khcn\library\Zend\Application\Bootstrap\Bootstrap.php
-- Line: 97
-- Function: dispatch
-- Class: Zend_Controller_Front

#2
-- File: C:\wamp\www\khcn\library\Zend\Application.php
-- Line: 366
-- Function: run
-- Class: Zend_Application_Bootstrap_Bootstrap

#3
-- File: C:\wamp\www\khcn\public\index.php
-- Line: 68
-- Function: run
-- Class: Zend_Application



KHCN CMS - 2013-01-17T23:18:28+07:00
DEBUG [7]: Zend_Controller_Dispatcher_Exception
Message: Invalid controller specified (images)
Stack trace: 4
#0
-- File: C:\wamp\www\khcn\library\Zend\Controller\Front.php
-- Line: 954
-- Function: dispatch
-- Class: Zend_Controller_Dispatcher_Standard

#1
-- File: C:\wamp\www\khcn\library\Zend\Application\Bootstrap\Bootstrap.php
-- Line: 97
-- Function: dispatch
-- Class: Zend_Controller_Front

#2
-- File: C:\wamp\www\khcn\library\Zend\Application.php
-- Line: 366
-- Function: run
-- Class: Zend_Application_Bootstrap_Bootstrap

#3
-- File: C:\wamp\www\khcn\public\index.php
-- Line: 68
-- Function: run
-- Class: Zend_Application



KHCN CMS - 2013-01-17T23:18:29+07:00
DEBUG [7]: Zend_Controller_Dispatcher_Exception
Message: Invalid controller specified (images)
Stack trace: 4
#0
-- File: C:\wamp\www\khcn\library\Zend\Controller\Front.php
-- Line: 954
-- Function: dispatch
-- Class: Zend_Controller_Dispatcher_Standard

#1
-- File: C:\wamp\www\khcn\library\Zend\Application\Bootstrap\Bootstrap.php
-- Line: 97
-- Function: dispatch
-- Class: Zend_Controller_Front

#2
-- File: C:\wamp\www\khcn\library\Zend\Application.php
-- Line: 366
-- Function: run
-- Class: Zend_Application_Bootstrap_Bootstrap

#3
-- File: C:\wamp\www\khcn\public\index.php
-- Line: 68
-- Function: run
-- Class: Zend_Application



KHCN CMS - 2013-01-17T23:18:29+07:00
DEBUG [7]: Zend_Controller_Dispatcher_Exception
Message: Invalid controller specified (images)
Stack trace: 4
#0
-- File: C:\wamp\www\khcn\library\Zend\Controller\Front.php
-- Line: 954
-- Function: dispatch
-- Class: Zend_Controller_Dispatcher_Standard

#1
-- File: C:\wamp\www\khcn\library\Zend\Application\Bootstrap\Bootstrap.php
-- Line: 97
-- Function: dispatch
-- Class: Zend_Controller_Front

#2
-- File: C:\wamp\www\khcn\library\Zend\Application.php
-- Line: 366
-- Function: run
-- Class: Zend_Application_Bootstrap_Bootstrap

#3
-- File: C:\wamp\www\khcn\public\index.php
-- Line: 68
-- Function: run
-- Class: Zend_Application



KHCN CMS - 2013-01-17T23:18:31+07:00
DEBUG [7]: Zend_Controller_Dispatcher_Exception
Message: Invalid controller specified (images)
Stack trace: 4
#0
-- File: C:\wamp\www\khcn\library\Zend\Controller\Front.php
-- Line: 954
-- Function: dispatch
-- Class: Zend_Controller_Dispatcher_Standard

#1
-- File: C:\wamp\www\khcn\library\Zend\Application\Bootstrap\Bootstrap.php
-- Line: 97
-- Function: dispatch
-- Class: Zend_Controller_Front

#2
-- File: C:\wamp\www\khcn\library\Zend\Application.php
-- Line: 366
-- Function: run
-- Class: Zend_Application_Bootstrap_Bootstrap

#3
-- File: C:\wamp\www\khcn\public\index.php
-- Line: 68
-- Function: run
-- Class: Zend_Application



KHCN CMS - 2013-01-17T23:19:11+07:00
DEBUG [7]: Zend_Controller_Dispatcher_Exception
Message: Invalid controller specified (images)
Stack trace: 4
#0
-- File: C:\wamp\www\khcn\library\Zend\Controller\Front.php
-- Line: 954
-- Function: dispatch
-- Class: Zend_Controller_Dispatcher_Standard

#1
-- File: C:\wamp\www\khcn\library\Zend\Application\Bootstrap\Bootstrap.php
-- Line: 97
-- Function: dispatch
-- Class: Zend_Controller_Front

#2
-- File: C:\wamp\www\khcn\library\Zend\Application.php
-- Line: 366
-- Function: run
-- Class: Zend_Application_Bootstrap_Bootstrap

#3
-- File: C:\wamp\www\khcn\public\index.php
-- Line: 68
-- Function: run
-- Class: Zend_Application



KHCN CMS - 2013-01-17T23:19:12+07:00
DEBUG [7]: Zend_Controller_Dispatcher_Exception
Message: Invalid controller specified (images)
Stack trace: 4
#0
-- File: C:\wamp\www\khcn\library\Zend\Controller\Front.php
-- Line: 954
-- Function: dispatch
-- Class: Zend_Controller_Dispatcher_Standard

#1
-- File: C:\wamp\www\khcn\library\Zend\Application\Bootstrap\Bootstrap.php
-- Line: 97
-- Function: dispatch
-- Class: Zend_Controller_Front

#2
-- File: C:\wamp\www\khcn\library\Zend\Application.php
-- Line: 366
-- Function: run
-- Class: Zend_Application_Bootstrap_Bootstrap

#3
-- File: C:\wamp\www\khcn\public\index.php
-- Line: 68
-- Function: run
-- Class: Zend_Application



KHCN CMS - 2013-01-17T23:20:03+07:00
DEBUG [7]: Zend_Controller_Dispatcher_Exception
Message: Invalid controller specified (images)
Stack trace: 4
#0
-- File: C:\wamp\www\khcn\library\Zend\Controller\Front.php
-- Line: 954
-- Function: dispatch
-- Class: Zend_Controller_Dispatcher_Standard

#1
-- File: C:\wamp\www\khcn\library\Zend\Application\Bootstrap\Bootstrap.php
-- Line: 97
-- Function: dispatch
-- Class: Zend_Controller_Front

#2
-- File: C:\wamp\www\khcn\library\Zend\Application.php
-- Line: 366
-- Function: run
-- Class: Zend_Application_Bootstrap_Bootstrap

#3
-- File: C:\wamp\www\khcn\public\index.php
-- Line: 68
-- Function: run
-- Class: Zend_Application



