KHCN CMS - 2013-04-28T21:41:27+07:00
DEBUG [7]: Zend_View_Exception
Message: script 'report/excel.phtml' not found in path (C:/wamp/www/khcn/application/modules/admin/views\scripts/)
Stack trace: 11
#0
-- File: C:\wamp\www\khcn\library\Zend\View\Abstract.php
-- Line: 884
-- Function: _script
-- Class: Zend_View_Abstract

#1
-- File: C:\wamp\www\khcn\library\Zend\Controller\Action\Helper\ViewRenderer.php
-- Line: 900
-- Function: render
-- Class: Zend_View_Abstract

#2
-- File: C:\wamp\www\khcn\library\Zend\Controller\Action\Helper\ViewRenderer.php
-- Line: 921
-- Function: renderScript
-- Class: Zend_Controller_Action_Helper_ViewRenderer

#3
-- File: C:\wamp\www\khcn\library\Zend\Controller\Action\Helper\ViewRenderer.php
-- Line: 960
-- Function: render
-- Class: Zend_Controller_Action_Helper_ViewRenderer

#4
-- File: C:\wamp\www\khcn\library\Zend\Controller\Action\HelperBroker.php
-- Line: 277
-- Function: postDispatch
-- Class: Zend_Controller_Action_Helper_ViewRenderer

#5
-- File: C:\wamp\www\khcn\library\Zend\Controller\Action.php
-- Line: 527
-- Function: notifyPostDispatch
-- Class: Zend_Controller_Action_HelperBroker

#6
-- File: C:\wamp\www\khcn\library\Zend\Controller\Dispatcher\Standard.php
-- Line: 295
-- Function: dispatch
-- Class: Zend_Controller_Action

#7
-- File: C:\wamp\www\khcn\library\Zend\Controller\Front.php
-- Line: 954
-- Function: dispatch
-- Class: Zend_Controller_Dispatcher_Standard

#8
-- File: C:\wamp\www\khcn\library\Zend\Application\Bootstrap\Bootstrap.php
-- Line: 97
-- Function: dispatch
-- Class: Zend_Controller_Front

#9
-- File: C:\wamp\www\khcn\library\Zend\Application.php
-- Line: 366
-- Function: run
-- Class: Zend_Application_Bootstrap_Bootstrap

#10
-- File: C:\wamp\www\khcn\public\index.php
-- Line: 68
-- Function: run
-- Class: Zend_Application



KHCN CMS - 2013-04-28T21:47:07+07:00
DEBUG [7]: Zend_View_Exception
Message: script 'report/excel.phtml' not found in path (C:/wamp/www/khcn/application/modules/admin/views\scripts/)
Stack trace: 11
#0
-- File: C:\wamp\www\khcn\library\Zend\View\Abstract.php
-- Line: 884
-- Function: _script
-- Class: Zend_View_Abstract

#1
-- File: C:\wamp\www\khcn\library\Zend\Controller\Action\Helper\ViewRenderer.php
-- Line: 900
-- Function: render
-- Class: Zend_View_Abstract

#2
-- File: C:\wamp\www\khcn\library\Zend\Controller\Action\Helper\ViewRenderer.php
-- Line: 921
-- Function: renderScript
-- Class: Zend_Controller_Action_Helper_ViewRenderer

#3
-- File: C:\wamp\www\khcn\library\Zend\Controller\Action\Helper\ViewRenderer.php
-- Line: 960
-- Function: render
-- Class: Zend_Controller_Action_Helper_ViewRenderer

#4
-- File: C:\wamp\www\khcn\library\Zend\Controller\Action\HelperBroker.php
-- Line: 277
-- Function: postDispatch
-- Class: Zend_Controller_Action_Helper_ViewRenderer

#5
-- File: C:\wamp\www\khcn\library\Zend\Controller\Action.php
-- Line: 527
-- Function: notifyPostDispatch
-- Class: Zend_Controller_Action_HelperBroker

#6
-- File: C:\wamp\www\khcn\library\Zend\Controller\Dispatcher\Standard.php
-- Line: 295
-- Function: dispatch
-- Class: Zend_Controller_Action

#7
-- File: C:\wamp\www\khcn\library\Zend\Controller\Front.php
-- Line: 954
-- Function: dispatch
-- Class: Zend_Controller_Dispatcher_Standard

#8
-- File: C:\wamp\www\khcn\library\Zend\Application\Bootstrap\Bootstrap.php
-- Line: 97
-- Function: dispatch
-- Class: Zend_Controller_Front

#9
-- File: C:\wamp\www\khcn\library\Zend\Application.php
-- Line: 366
-- Function: run
-- Class: Zend_Application_Bootstrap_Bootstrap

#10
-- File: C:\wamp\www\khcn\public\index.php
-- Line: 68
-- Function: run
-- Class: Zend_Application



KHCN CMS - 2013-04-28T21:50:02+07:00
DEBUG [7]: Zend_View_Exception
Message: script 'report/excel.phtml' not found in path (C:/wamp/www/khcn/application/modules/admin/views\scripts/)
Stack trace: 11
#0
-- File: C:\wamp\www\khcn\library\Zend\View\Abstract.php
-- Line: 884
-- Function: _script
-- Class: Zend_View_Abstract

#1
-- File: C:\wamp\www\khcn\library\Zend\Controller\Action\Helper\ViewRenderer.php
-- Line: 900
-- Function: render
-- Class: Zend_View_Abstract

#2
-- File: C:\wamp\www\khcn\library\Zend\Controller\Action\Helper\ViewRenderer.php
-- Line: 921
-- Function: renderScript
-- Class: Zend_Controller_Action_Helper_ViewRenderer

#3
-- File: C:\wamp\www\khcn\library\Zend\Controller\Action\Helper\ViewRenderer.php
-- Line: 960
-- Function: render
-- Class: Zend_Controller_Action_Helper_ViewRenderer

#4
-- File: C:\wamp\www\khcn\library\Zend\Controller\Action\HelperBroker.php
-- Line: 277
-- Function: postDispatch
-- Class: Zend_Controller_Action_Helper_ViewRenderer

#5
-- File: C:\wamp\www\khcn\library\Zend\Controller\Action.php
-- Line: 527
-- Function: notifyPostDispatch
-- Class: Zend_Controller_Action_HelperBroker

#6
-- File: C:\wamp\www\khcn\library\Zend\Controller\Dispatcher\Standard.php
-- Line: 295
-- Function: dispatch
-- Class: Zend_Controller_Action

#7
-- File: C:\wamp\www\khcn\library\Zend\Controller\Front.php
-- Line: 954
-- Function: dispatch
-- Class: Zend_Controller_Dispatcher_Standard

#8
-- File: C:\wamp\www\khcn\library\Zend\Application\Bootstrap\Bootstrap.php
-- Line: 97
-- Function: dispatch
-- Class: Zend_Controller_Front

#9
-- File: C:\wamp\www\khcn\library\Zend\Application.php
-- Line: 366
-- Function: run
-- Class: Zend_Application_Bootstrap_Bootstrap

#10
-- File: C:\wamp\www\khcn\public\index.php
-- Line: 68
-- Function: run
-- Class: Zend_Application



KHCN CMS - 2013-04-28T22:07:48+07:00
DEBUG [7]: Exception
Message: Cell range A20:E22 not known as merged.
Stack trace: 7
#0
-- File: C:\wamp\www\khcn\application\modules\admin\controllers\ReportController.php
-- Line: 1086
-- Function: unmergeCells
-- Class: PHPExcel_Worksheet

#1
-- File: C:\wamp\www\khcn\library\Zend\Controller\Action.php
-- Line: 516
-- Function: excelAction
-- Class: Admin_ReportController

#2
-- File: C:\wamp\www\khcn\library\Zend\Controller\Dispatcher\Standard.php
-- Line: 295
-- Function: dispatch
-- Class: Zend_Controller_Action

#3
-- File: C:\wamp\www\khcn\library\Zend\Controller\Front.php
-- Line: 954
-- Function: dispatch
-- Class: Zend_Controller_Dispatcher_Standard

#4
-- File: C:\wamp\www\khcn\library\Zend\Application\Bootstrap\Bootstrap.php
-- Line: 97
-- Function: dispatch
-- Class: Zend_Controller_Front

#5
-- File: C:\wamp\www\khcn\library\Zend\Application.php
-- Line: 366
-- Function: run
-- Class: Zend_Application_Bootstrap_Bootstrap

#6
-- File: C:\wamp\www\khcn\public\index.php
-- Line: 68
-- Function: run
-- Class: Zend_Application



KHCN CMS - 2013-04-28T22:11:35+07:00
DEBUG [7]: Exception
Message: File /images/officelogo.jpg not found!
Stack trace: 7
#0
-- File: C:\wamp\www\khcn\application\modules\admin\controllers\ReportController.php
-- Line: 1097
-- Function: setPath
-- Class: PHPExcel_Worksheet_Drawing

#1
-- File: C:\wamp\www\khcn\library\Zend\Controller\Action.php
-- Line: 516
-- Function: excelAction
-- Class: Admin_ReportController

#2
-- File: C:\wamp\www\khcn\library\Zend\Controller\Dispatcher\Standard.php
-- Line: 295
-- Function: dispatch
-- Class: Zend_Controller_Action

#3
-- File: C:\wamp\www\khcn\library\Zend\Controller\Front.php
-- Line: 954
-- Function: dispatch
-- Class: Zend_Controller_Dispatcher_Standard

#4
-- File: C:\wamp\www\khcn\library\Zend\Application\Bootstrap\Bootstrap.php
-- Line: 97
-- Function: dispatch
-- Class: Zend_Controller_Front

#5
-- File: C:\wamp\www\khcn\library\Zend\Application.php
-- Line: 366
-- Function: run
-- Class: Zend_Application_Bootstrap_Bootstrap

#6
-- File: C:\wamp\www\khcn\public\index.php
-- Line: 68
-- Function: run
-- Class: Zend_Application



