KHCN CMS - 2012-05-29T01:57:07+07:00
DEBUG [7]: Zend_Db_Statement_Exception (42000) 
Message: SQLSTATE[42000]: Syntax error or access violation: 1064 You have an error in your SQL syntax; check the manual that corresponds to your MySQL server version for the right syntax to use near '*) AS `count` FROM `de_tai` AS `dt` WHERE (SUBSTRING(dt.ma FROM 3 FOR 4) = -1)' at line 1
Stack trace: 12
#0
-- File: C:\Program Files\Zend\Apache2\htdocs\NghienCuuKhoaHoc\library\Zend\Db\Statement.php
-- Line: 300
-- Function: _execute
-- Class: Zend_Db_Statement_Pdo

#1
-- File: C:\Program Files\Zend\Apache2\htdocs\NghienCuuKhoaHoc\library\Zend\Db\Adapter\Abstract.php
-- Line: 479
-- Function: execute
-- Class: Zend_Db_Statement

#2
-- File: C:\Program Files\Zend\Apache2\htdocs\NghienCuuKhoaHoc\library\Zend\Db\Adapter\Pdo\Abstract.php
-- Line: 238
-- Function: query
-- Class: Zend_Db_Adapter_Abstract

#3
-- File: C:\Program Files\Zend\Apache2\htdocs\NghienCuuKhoaHoc\application\modules\default\models\DAL\DalDeTai.php
-- Line: 405
-- Function: query
-- Class: Zend_Db_Adapter_Pdo_Abstract

#4
-- File: C:\Program Files\Zend\Apache2\htdocs\NghienCuuKhoaHoc\application\modules\default\models\BLL\BizDeTai.php
-- Line: 475
-- Function: thong_ke
-- Class: Default_Model_DAL_DalDeTai

#5
-- File: C:\Program Files\Zend\Apache2\htdocs\NghienCuuKhoaHoc\application\modules\default\controllers\DeTaiController.php
-- Line: 185
-- Function: thong_ke
-- Class: Default_Model_BLL_BizDeTai

#6
-- File: C:\Program Files\Zend\Apache2\htdocs\NghienCuuKhoaHoc\library\Zend\Controller\Action.php
-- Line: 516
-- Function: tkNamAction
-- Class: DeTaiController

#7
-- File: C:\Program Files\Zend\Apache2\htdocs\NghienCuuKhoaHoc\library\Zend\Controller\Dispatcher\Standard.php
-- Line: 295
-- Function: dispatch
-- Class: Zend_Controller_Action

#8
-- File: C:\Program Files\Zend\Apache2\htdocs\NghienCuuKhoaHoc\library\Zend\Controller\Front.php
-- Line: 954
-- Function: dispatch
-- Class: Zend_Controller_Dispatcher_Standard

#9
-- File: C:\Program Files\Zend\Apache2\htdocs\NghienCuuKhoaHoc\library\Zend\Application\Bootstrap\Bootstrap.php
-- Line: 97
-- Function: dispatch
-- Class: Zend_Controller_Front

#10
-- File: C:\Program Files\Zend\Apache2\htdocs\NghienCuuKhoaHoc\library\Zend\Application.php
-- Line: 366
-- Function: run
-- Class: Zend_Application_Bootstrap_Bootstrap

#11
-- File: C:\Program Files\Zend\Apache2\htdocs\NghienCuuKhoaHoc\public\index.php
-- Line: 68
-- Function: run
-- Class: Zend_Application



KHCN CMS - 2012-05-29T01:57:08+07:00
DEBUG [7]: Zend_Db_Statement_Exception (42000) 
Message: SQLSTATE[42000]: Syntax error or access violation: 1064 You have an error in your SQL syntax; check the manual that corresponds to your MySQL server version for the right syntax to use near '*) AS `count` FROM `de_tai` AS `dt` WHERE (SUBSTRING(dt.ma FROM 3 FOR 4) = -1)' at line 1
Stack trace: 12
#0
-- File: C:\Program Files\Zend\Apache2\htdocs\NghienCuuKhoaHoc\library\Zend\Db\Statement.php
-- Line: 300
-- Function: _execute
-- Class: Zend_Db_Statement_Pdo

#1
-- File: C:\Program Files\Zend\Apache2\htdocs\NghienCuuKhoaHoc\library\Zend\Db\Adapter\Abstract.php
-- Line: 479
-- Function: execute
-- Class: Zend_Db_Statement

#2
-- File: C:\Program Files\Zend\Apache2\htdocs\NghienCuuKhoaHoc\library\Zend\Db\Adapter\Pdo\Abstract.php
-- Line: 238
-- Function: query
-- Class: Zend_Db_Adapter_Abstract

#3
-- File: C:\Program Files\Zend\Apache2\htdocs\NghienCuuKhoaHoc\application\modules\default\models\DAL\DalDeTai.php
-- Line: 405
-- Function: query
-- Class: Zend_Db_Adapter_Pdo_Abstract

#4
-- File: C:\Program Files\Zend\Apache2\htdocs\NghienCuuKhoaHoc\application\modules\default\models\BLL\BizDeTai.php
-- Line: 475
-- Function: thong_ke
-- Class: Default_Model_DAL_DalDeTai

#5
-- File: C:\Program Files\Zend\Apache2\htdocs\NghienCuuKhoaHoc\application\modules\default\controllers\DeTaiController.php
-- Line: 185
-- Function: thong_ke
-- Class: Default_Model_BLL_BizDeTai

#6
-- File: C:\Program Files\Zend\Apache2\htdocs\NghienCuuKhoaHoc\library\Zend\Controller\Action.php
-- Line: 516
-- Function: tkNamAction
-- Class: DeTaiController

#7
-- File: C:\Program Files\Zend\Apache2\htdocs\NghienCuuKhoaHoc\library\Zend\Controller\Dispatcher\Standard.php
-- Line: 295
-- Function: dispatch
-- Class: Zend_Controller_Action

#8
-- File: C:\Program Files\Zend\Apache2\htdocs\NghienCuuKhoaHoc\library\Zend\Controller\Front.php
-- Line: 954
-- Function: dispatch
-- Class: Zend_Controller_Dispatcher_Standard

#9
-- File: C:\Program Files\Zend\Apache2\htdocs\NghienCuuKhoaHoc\library\Zend\Application\Bootstrap\Bootstrap.php
-- Line: 97
-- Function: dispatch
-- Class: Zend_Controller_Front

#10
-- File: C:\Program Files\Zend\Apache2\htdocs\NghienCuuKhoaHoc\library\Zend\Application.php
-- Line: 366
-- Function: run
-- Class: Zend_Application_Bootstrap_Bootstrap

#11
-- File: C:\Program Files\Zend\Apache2\htdocs\NghienCuuKhoaHoc\public\index.php
-- Line: 68
-- Function: run
-- Class: Zend_Application



KHCN CMS - 2012-05-29T01:57:08+07:00
DEBUG [7]: Zend_Db_Statement_Exception (42000) 
Message: SQLSTATE[42000]: Syntax error or access violation: 1064 You have an error in your SQL syntax; check the manual that corresponds to your MySQL server version for the right syntax to use near '*) AS `count` FROM `de_tai` AS `dt` WHERE (SUBSTRING(dt.ma FROM 3 FOR 4) = -1)' at line 1
Stack trace: 12
#0
-- File: C:\Program Files\Zend\Apache2\htdocs\NghienCuuKhoaHoc\library\Zend\Db\Statement.php
-- Line: 300
-- Function: _execute
-- Class: Zend_Db_Statement_Pdo

#1
-- File: C:\Program Files\Zend\Apache2\htdocs\NghienCuuKhoaHoc\library\Zend\Db\Adapter\Abstract.php
-- Line: 479
-- Function: execute
-- Class: Zend_Db_Statement

#2
-- File: C:\Program Files\Zend\Apache2\htdocs\NghienCuuKhoaHoc\library\Zend\Db\Adapter\Pdo\Abstract.php
-- Line: 238
-- Function: query
-- Class: Zend_Db_Adapter_Abstract

#3
-- File: C:\Program Files\Zend\Apache2\htdocs\NghienCuuKhoaHoc\application\modules\default\models\DAL\DalDeTai.php
-- Line: 405
-- Function: query
-- Class: Zend_Db_Adapter_Pdo_Abstract

#4
-- File: C:\Program Files\Zend\Apache2\htdocs\NghienCuuKhoaHoc\application\modules\default\models\BLL\BizDeTai.php
-- Line: 475
-- Function: thong_ke
-- Class: Default_Model_DAL_DalDeTai

#5
-- File: C:\Program Files\Zend\Apache2\htdocs\NghienCuuKhoaHoc\application\modules\default\controllers\DeTaiController.php
-- Line: 185
-- Function: thong_ke
-- Class: Default_Model_BLL_BizDeTai

#6
-- File: C:\Program Files\Zend\Apache2\htdocs\NghienCuuKhoaHoc\library\Zend\Controller\Action.php
-- Line: 516
-- Function: tkNamAction
-- Class: DeTaiController

#7
-- File: C:\Program Files\Zend\Apache2\htdocs\NghienCuuKhoaHoc\library\Zend\Controller\Dispatcher\Standard.php
-- Line: 295
-- Function: dispatch
-- Class: Zend_Controller_Action

#8
-- File: C:\Program Files\Zend\Apache2\htdocs\NghienCuuKhoaHoc\library\Zend\Controller\Front.php
-- Line: 954
-- Function: dispatch
-- Class: Zend_Controller_Dispatcher_Standard

#9
-- File: C:\Program Files\Zend\Apache2\htdocs\NghienCuuKhoaHoc\library\Zend\Application\Bootstrap\Bootstrap.php
-- Line: 97
-- Function: dispatch
-- Class: Zend_Controller_Front

#10
-- File: C:\Program Files\Zend\Apache2\htdocs\NghienCuuKhoaHoc\library\Zend\Application.php
-- Line: 366
-- Function: run
-- Class: Zend_Application_Bootstrap_Bootstrap

#11
-- File: C:\Program Files\Zend\Apache2\htdocs\NghienCuuKhoaHoc\public\index.php
-- Line: 68
-- Function: run
-- Class: Zend_Application



KHCN CMS - 2012-05-29T01:57:48+07:00
DEBUG [7]: Zend_Db_Statement_Exception (42000) 
Message: SQLSTATE[42000]: Syntax error or access violation: 1064 You have an error in your SQL syntax; check the manual that corresponds to your MySQL server version for the right syntax to use near '*) AS `count` FROM `de_tai` AS `dt` WHERE (SUBSTRING(dt.ma FROM 3 FOR 4) = -1)' at line 1
Stack trace: 12
#0
-- File: C:\Program Files\Zend\Apache2\htdocs\NghienCuuKhoaHoc\library\Zend\Db\Statement.php
-- Line: 300
-- Function: _execute
-- Class: Zend_Db_Statement_Pdo

#1
-- File: C:\Program Files\Zend\Apache2\htdocs\NghienCuuKhoaHoc\library\Zend\Db\Adapter\Abstract.php
-- Line: 479
-- Function: execute
-- Class: Zend_Db_Statement

#2
-- File: C:\Program Files\Zend\Apache2\htdocs\NghienCuuKhoaHoc\library\Zend\Db\Adapter\Pdo\Abstract.php
-- Line: 238
-- Function: query
-- Class: Zend_Db_Adapter_Abstract

#3
-- File: C:\Program Files\Zend\Apache2\htdocs\NghienCuuKhoaHoc\application\modules\default\models\DAL\DalDeTai.php
-- Line: 405
-- Function: query
-- Class: Zend_Db_Adapter_Pdo_Abstract

#4
-- File: C:\Program Files\Zend\Apache2\htdocs\NghienCuuKhoaHoc\application\modules\default\models\BLL\BizDeTai.php
-- Line: 475
-- Function: thong_ke
-- Class: Default_Model_DAL_DalDeTai

#5
-- File: C:\Program Files\Zend\Apache2\htdocs\NghienCuuKhoaHoc\application\modules\default\controllers\DeTaiController.php
-- Line: 185
-- Function: thong_ke
-- Class: Default_Model_BLL_BizDeTai

#6
-- File: C:\Program Files\Zend\Apache2\htdocs\NghienCuuKhoaHoc\library\Zend\Controller\Action.php
-- Line: 516
-- Function: tkNamAction
-- Class: DeTaiController

#7
-- File: C:\Program Files\Zend\Apache2\htdocs\NghienCuuKhoaHoc\library\Zend\Controller\Dispatcher\Standard.php
-- Line: 295
-- Function: dispatch
-- Class: Zend_Controller_Action

#8
-- File: C:\Program Files\Zend\Apache2\htdocs\NghienCuuKhoaHoc\library\Zend\Controller\Front.php
-- Line: 954
-- Function: dispatch
-- Class: Zend_Controller_Dispatcher_Standard

#9
-- File: C:\Program Files\Zend\Apache2\htdocs\NghienCuuKhoaHoc\library\Zend\Application\Bootstrap\Bootstrap.php
-- Line: 97
-- Function: dispatch
-- Class: Zend_Controller_Front

#10
-- File: C:\Program Files\Zend\Apache2\htdocs\NghienCuuKhoaHoc\library\Zend\Application.php
-- Line: 366
-- Function: run
-- Class: Zend_Application_Bootstrap_Bootstrap

#11
-- File: C:\Program Files\Zend\Apache2\htdocs\NghienCuuKhoaHoc\public\index.php
-- Line: 68
-- Function: run
-- Class: Zend_Application



KHCN CMS - 2012-05-29T01:58:40+07:00
DEBUG [7]: Zend_Db_Statement_Exception (42000) 
Message: SQLSTATE[42000]: Syntax error or access violation: 1064 You have an error in your SQL syntax; check the manual that corresponds to your MySQL server version for the right syntax to use near '*) AS `count` FROM `de_tai` AS `dt` WHERE (SUBSTRING(dt.ma FROM 3 FOR 4) = -1)' at line 1
Stack trace: 12
#0
-- File: C:\Program Files\Zend\Apache2\htdocs\NghienCuuKhoaHoc\library\Zend\Db\Statement.php
-- Line: 300
-- Function: _execute
-- Class: Zend_Db_Statement_Pdo

#1
-- File: C:\Program Files\Zend\Apache2\htdocs\NghienCuuKhoaHoc\library\Zend\Db\Adapter\Abstract.php
-- Line: 479
-- Function: execute
-- Class: Zend_Db_Statement

#2
-- File: C:\Program Files\Zend\Apache2\htdocs\NghienCuuKhoaHoc\library\Zend\Db\Adapter\Pdo\Abstract.php
-- Line: 238
-- Function: query
-- Class: Zend_Db_Adapter_Abstract

#3
-- File: C:\Program Files\Zend\Apache2\htdocs\NghienCuuKhoaHoc\application\modules\default\models\DAL\DalDeTai.php
-- Line: 405
-- Function: query
-- Class: Zend_Db_Adapter_Pdo_Abstract

#4
-- File: C:\Program Files\Zend\Apache2\htdocs\NghienCuuKhoaHoc\application\modules\default\models\BLL\BizDeTai.php
-- Line: 474
-- Function: thong_ke
-- Class: Default_Model_DAL_DalDeTai

#5
-- File: C:\Program Files\Zend\Apache2\htdocs\NghienCuuKhoaHoc\application\modules\default\controllers\DeTaiController.php
-- Line: 186
-- Function: thong_ke
-- Class: Default_Model_BLL_BizDeTai

#6
-- File: C:\Program Files\Zend\Apache2\htdocs\NghienCuuKhoaHoc\library\Zend\Controller\Action.php
-- Line: 516
-- Function: tkNamAction
-- Class: DeTaiController

#7
-- File: C:\Program Files\Zend\Apache2\htdocs\NghienCuuKhoaHoc\library\Zend\Controller\Dispatcher\Standard.php
-- Line: 295
-- Function: dispatch
-- Class: Zend_Controller_Action

#8
-- File: C:\Program Files\Zend\Apache2\htdocs\NghienCuuKhoaHoc\library\Zend\Controller\Front.php
-- Line: 954
-- Function: dispatch
-- Class: Zend_Controller_Dispatcher_Standard

#9
-- File: C:\Program Files\Zend\Apache2\htdocs\NghienCuuKhoaHoc\library\Zend\Application\Bootstrap\Bootstrap.php
-- Line: 97
-- Function: dispatch
-- Class: Zend_Controller_Front

#10
-- File: C:\Program Files\Zend\Apache2\htdocs\NghienCuuKhoaHoc\library\Zend\Application.php
-- Line: 366
-- Function: run
-- Class: Zend_Application_Bootstrap_Bootstrap

#11
-- File: C:\Program Files\Zend\Apache2\htdocs\NghienCuuKhoaHoc\public\index.php
-- Line: 68
-- Function: run
-- Class: Zend_Application



KHCN CMS - 2012-05-29T02:04:02+07:00
DEBUG [7]: Zend_Db_Statement_Exception (42000) 
Message: SQLSTATE[42000]: Syntax error or access violation: 1064 You have an error in your SQL syntax; check the manual that corresponds to your MySQL server version for the right syntax to use near '*) AS `count` FROM `de_tai` AS `dt` WHERE (SUBSTRING(dt.ma FROM 3 FOR 4) = 2012)' at line 1
Stack trace: 12
#0
-- File: C:\Program Files\Zend\Apache2\htdocs\NghienCuuKhoaHoc\library\Zend\Db\Statement.php
-- Line: 300
-- Function: _execute
-- Class: Zend_Db_Statement_Pdo

#1
-- File: C:\Program Files\Zend\Apache2\htdocs\NghienCuuKhoaHoc\library\Zend\Db\Adapter\Abstract.php
-- Line: 479
-- Function: execute
-- Class: Zend_Db_Statement

#2
-- File: C:\Program Files\Zend\Apache2\htdocs\NghienCuuKhoaHoc\library\Zend\Db\Adapter\Pdo\Abstract.php
-- Line: 238
-- Function: query
-- Class: Zend_Db_Adapter_Abstract

#3
-- File: C:\Program Files\Zend\Apache2\htdocs\NghienCuuKhoaHoc\application\modules\default\models\DAL\DalDeTai.php
-- Line: 405
-- Function: query
-- Class: Zend_Db_Adapter_Pdo_Abstract

#4
-- File: C:\Program Files\Zend\Apache2\htdocs\NghienCuuKhoaHoc\application\modules\default\models\BLL\BizDeTai.php
-- Line: 474
-- Function: thong_ke
-- Class: Default_Model_DAL_DalDeTai

#5
-- File: C:\Program Files\Zend\Apache2\htdocs\NghienCuuKhoaHoc\application\modules\default\controllers\DeTaiController.php
-- Line: 185
-- Function: thong_ke
-- Class: Default_Model_BLL_BizDeTai

#6
-- File: C:\Program Files\Zend\Apache2\htdocs\NghienCuuKhoaHoc\library\Zend\Controller\Action.php
-- Line: 516
-- Function: tkNamAction
-- Class: DeTaiController

#7
-- File: C:\Program Files\Zend\Apache2\htdocs\NghienCuuKhoaHoc\library\Zend\Controller\Dispatcher\Standard.php
-- Line: 295
-- Function: dispatch
-- Class: Zend_Controller_Action

#8
-- File: C:\Program Files\Zend\Apache2\htdocs\NghienCuuKhoaHoc\library\Zend\Controller\Front.php
-- Line: 954
-- Function: dispatch
-- Class: Zend_Controller_Dispatcher_Standard

#9
-- File: C:\Program Files\Zend\Apache2\htdocs\NghienCuuKhoaHoc\library\Zend\Application\Bootstrap\Bootstrap.php
-- Line: 97
-- Function: dispatch
-- Class: Zend_Controller_Front

#10
-- File: C:\Program Files\Zend\Apache2\htdocs\NghienCuuKhoaHoc\library\Zend\Application.php
-- Line: 366
-- Function: run
-- Class: Zend_Application_Bootstrap_Bootstrap

#11
-- File: C:\Program Files\Zend\Apache2\htdocs\NghienCuuKhoaHoc\public\index.php
-- Line: 68
-- Function: run
-- Class: Zend_Application



KHCN CMS - 2012-05-29T02:04:05+07:00
DEBUG [7]: Zend_Db_Statement_Exception (42000) 
Message: SQLSTATE[42000]: Syntax error or access violation: 1064 You have an error in your SQL syntax; check the manual that corresponds to your MySQL server version for the right syntax to use near '*) AS `count` FROM `de_tai` AS `dt` WHERE (SUBSTRING(dt.ma FROM 3 FOR 4) = 2012)' at line 1
Stack trace: 12
#0
-- File: C:\Program Files\Zend\Apache2\htdocs\NghienCuuKhoaHoc\library\Zend\Db\Statement.php
-- Line: 300
-- Function: _execute
-- Class: Zend_Db_Statement_Pdo

#1
-- File: C:\Program Files\Zend\Apache2\htdocs\NghienCuuKhoaHoc\library\Zend\Db\Adapter\Abstract.php
-- Line: 479
-- Function: execute
-- Class: Zend_Db_Statement

#2
-- File: C:\Program Files\Zend\Apache2\htdocs\NghienCuuKhoaHoc\library\Zend\Db\Adapter\Pdo\Abstract.php
-- Line: 238
-- Function: query
-- Class: Zend_Db_Adapter_Abstract

#3
-- File: C:\Program Files\Zend\Apache2\htdocs\NghienCuuKhoaHoc\application\modules\default\models\DAL\DalDeTai.php
-- Line: 405
-- Function: query
-- Class: Zend_Db_Adapter_Pdo_Abstract

#4
-- File: C:\Program Files\Zend\Apache2\htdocs\NghienCuuKhoaHoc\application\modules\default\models\BLL\BizDeTai.php
-- Line: 474
-- Function: thong_ke
-- Class: Default_Model_DAL_DalDeTai

#5
-- File: C:\Program Files\Zend\Apache2\htdocs\NghienCuuKhoaHoc\application\modules\default\controllers\DeTaiController.php
-- Line: 185
-- Function: thong_ke
-- Class: Default_Model_BLL_BizDeTai

#6
-- File: C:\Program Files\Zend\Apache2\htdocs\NghienCuuKhoaHoc\library\Zend\Controller\Action.php
-- Line: 516
-- Function: tkNamAction
-- Class: DeTaiController

#7
-- File: C:\Program Files\Zend\Apache2\htdocs\NghienCuuKhoaHoc\library\Zend\Controller\Dispatcher\Standard.php
-- Line: 295
-- Function: dispatch
-- Class: Zend_Controller_Action

#8
-- File: C:\Program Files\Zend\Apache2\htdocs\NghienCuuKhoaHoc\library\Zend\Controller\Front.php
-- Line: 954
-- Function: dispatch
-- Class: Zend_Controller_Dispatcher_Standard

#9
-- File: C:\Program Files\Zend\Apache2\htdocs\NghienCuuKhoaHoc\library\Zend\Application\Bootstrap\Bootstrap.php
-- Line: 97
-- Function: dispatch
-- Class: Zend_Controller_Front

#10
-- File: C:\Program Files\Zend\Apache2\htdocs\NghienCuuKhoaHoc\library\Zend\Application.php
-- Line: 366
-- Function: run
-- Class: Zend_Application_Bootstrap_Bootstrap

#11
-- File: C:\Program Files\Zend\Apache2\htdocs\NghienCuuKhoaHoc\public\index.php
-- Line: 68
-- Function: run
-- Class: Zend_Application



KHCN CMS - 2012-05-29T02:04:18+07:00
DEBUG [7]: Zend_Db_Statement_Exception (42000) 
Message: SQLSTATE[42000]: Syntax error or access violation: 1064 You have an error in your SQL syntax; check the manual that corresponds to your MySQL server version for the right syntax to use near '*) AS `count` FROM `de_tai` AS `dt` WHERE (SUBSTRING(dt.ma FROM 3 FOR 4) = 2012)' at line 1
Stack trace: 12
#0
-- File: C:\Program Files\Zend\Apache2\htdocs\NghienCuuKhoaHoc\library\Zend\Db\Statement.php
-- Line: 300
-- Function: _execute
-- Class: Zend_Db_Statement_Pdo

#1
-- File: C:\Program Files\Zend\Apache2\htdocs\NghienCuuKhoaHoc\library\Zend\Db\Adapter\Abstract.php
-- Line: 479
-- Function: execute
-- Class: Zend_Db_Statement

#2
-- File: C:\Program Files\Zend\Apache2\htdocs\NghienCuuKhoaHoc\library\Zend\Db\Adapter\Pdo\Abstract.php
-- Line: 238
-- Function: query
-- Class: Zend_Db_Adapter_Abstract

#3
-- File: C:\Program Files\Zend\Apache2\htdocs\NghienCuuKhoaHoc\application\modules\default\models\DAL\DalDeTai.php
-- Line: 405
-- Function: query
-- Class: Zend_Db_Adapter_Pdo_Abstract

#4
-- File: C:\Program Files\Zend\Apache2\htdocs\NghienCuuKhoaHoc\application\modules\default\models\BLL\BizDeTai.php
-- Line: 474
-- Function: thong_ke
-- Class: Default_Model_DAL_DalDeTai

#5
-- File: C:\Program Files\Zend\Apache2\htdocs\NghienCuuKhoaHoc\application\modules\default\controllers\DeTaiController.php
-- Line: 185
-- Function: thong_ke
-- Class: Default_Model_BLL_BizDeTai

#6
-- File: C:\Program Files\Zend\Apache2\htdocs\NghienCuuKhoaHoc\library\Zend\Controller\Action.php
-- Line: 516
-- Function: tkNamAction
-- Class: DeTaiController

#7
-- File: C:\Program Files\Zend\Apache2\htdocs\NghienCuuKhoaHoc\library\Zend\Controller\Dispatcher\Standard.php
-- Line: 295
-- Function: dispatch
-- Class: Zend_Controller_Action

#8
-- File: C:\Program Files\Zend\Apache2\htdocs\NghienCuuKhoaHoc\library\Zend\Controller\Front.php
-- Line: 954
-- Function: dispatch
-- Class: Zend_Controller_Dispatcher_Standard

#9
-- File: C:\Program Files\Zend\Apache2\htdocs\NghienCuuKhoaHoc\library\Zend\Application\Bootstrap\Bootstrap.php
-- Line: 97
-- Function: dispatch
-- Class: Zend_Controller_Front

#10
-- File: C:\Program Files\Zend\Apache2\htdocs\NghienCuuKhoaHoc\library\Zend\Application.php
-- Line: 366
-- Function: run
-- Class: Zend_Application_Bootstrap_Bootstrap

#11
-- File: C:\Program Files\Zend\Apache2\htdocs\NghienCuuKhoaHoc\public\index.php
-- Line: 68
-- Function: run
-- Class: Zend_Application



KHCN CMS - 2012-05-29T02:04:19+07:00
DEBUG [7]: Zend_Db_Statement_Exception (42000) 
Message: SQLSTATE[42000]: Syntax error or access violation: 1064 You have an error in your SQL syntax; check the manual that corresponds to your MySQL server version for the right syntax to use near '*) AS `count` FROM `de_tai` AS `dt` WHERE (SUBSTRING(dt.ma FROM 3 FOR 4) = 2012)' at line 1
Stack trace: 12
#0
-- File: C:\Program Files\Zend\Apache2\htdocs\NghienCuuKhoaHoc\library\Zend\Db\Statement.php
-- Line: 300
-- Function: _execute
-- Class: Zend_Db_Statement_Pdo

#1
-- File: C:\Program Files\Zend\Apache2\htdocs\NghienCuuKhoaHoc\library\Zend\Db\Adapter\Abstract.php
-- Line: 479
-- Function: execute
-- Class: Zend_Db_Statement

#2
-- File: C:\Program Files\Zend\Apache2\htdocs\NghienCuuKhoaHoc\library\Zend\Db\Adapter\Pdo\Abstract.php
-- Line: 238
-- Function: query
-- Class: Zend_Db_Adapter_Abstract

#3
-- File: C:\Program Files\Zend\Apache2\htdocs\NghienCuuKhoaHoc\application\modules\default\models\DAL\DalDeTai.php
-- Line: 405
-- Function: query
-- Class: Zend_Db_Adapter_Pdo_Abstract

#4
-- File: C:\Program Files\Zend\Apache2\htdocs\NghienCuuKhoaHoc\application\modules\default\models\BLL\BizDeTai.php
-- Line: 474
-- Function: thong_ke
-- Class: Default_Model_DAL_DalDeTai

#5
-- File: C:\Program Files\Zend\Apache2\htdocs\NghienCuuKhoaHoc\application\modules\default\controllers\DeTaiController.php
-- Line: 185
-- Function: thong_ke
-- Class: Default_Model_BLL_BizDeTai

#6
-- File: C:\Program Files\Zend\Apache2\htdocs\NghienCuuKhoaHoc\library\Zend\Controller\Action.php
-- Line: 516
-- Function: tkNamAction
-- Class: DeTaiController

#7
-- File: C:\Program Files\Zend\Apache2\htdocs\NghienCuuKhoaHoc\library\Zend\Controller\Dispatcher\Standard.php
-- Line: 295
-- Function: dispatch
-- Class: Zend_Controller_Action

#8
-- File: C:\Program Files\Zend\Apache2\htdocs\NghienCuuKhoaHoc\library\Zend\Controller\Front.php
-- Line: 954
-- Function: dispatch
-- Class: Zend_Controller_Dispatcher_Standard

#9
-- File: C:\Program Files\Zend\Apache2\htdocs\NghienCuuKhoaHoc\library\Zend\Application\Bootstrap\Bootstrap.php
-- Line: 97
-- Function: dispatch
-- Class: Zend_Controller_Front

#10
-- File: C:\Program Files\Zend\Apache2\htdocs\NghienCuuKhoaHoc\library\Zend\Application.php
-- Line: 366
-- Function: run
-- Class: Zend_Application_Bootstrap_Bootstrap

#11
-- File: C:\Program Files\Zend\Apache2\htdocs\NghienCuuKhoaHoc\public\index.php
-- Line: 68
-- Function: run
-- Class: Zend_Application



KHCN CMS - 2012-05-29T03:52:06+07:00
DEBUG [7]: Zend_Controller_Action_Exception (404) 
Message: Action "blankGif" does not exist and was not trapped in __call()
Stack trace: 6
#0
-- File: C:\Program Files\Zend\Apache2\htdocs\NghienCuuKhoaHoc\library\Zend\Controller\Action.php
-- Line: 518
-- Function: __call
-- Class: Zend_Controller_Action

#1
-- File: C:\Program Files\Zend\Apache2\htdocs\NghienCuuKhoaHoc\library\Zend\Controller\Dispatcher\Standard.php
-- Line: 295
-- Function: dispatch
-- Class: Zend_Controller_Action

#2
-- File: C:\Program Files\Zend\Apache2\htdocs\NghienCuuKhoaHoc\library\Zend\Controller\Front.php
-- Line: 954
-- Function: dispatch
-- Class: Zend_Controller_Dispatcher_Standard

#3
-- File: C:\Program Files\Zend\Apache2\htdocs\NghienCuuKhoaHoc\library\Zend\Application\Bootstrap\Bootstrap.php
-- Line: 97
-- Function: dispatch
-- Class: Zend_Controller_Front

#4
-- File: C:\Program Files\Zend\Apache2\htdocs\NghienCuuKhoaHoc\library\Zend\Application.php
-- Line: 366
-- Function: run
-- Class: Zend_Application_Bootstrap_Bootstrap

#5
-- File: C:\Program Files\Zend\Apache2\htdocs\NghienCuuKhoaHoc\public\index.php
-- Line: 68
-- Function: run
-- Class: Zend_Application



KHCN CMS - 2012-05-29T09:39:05+07:00
DEBUG [7]: Zend_Controller_Action_Exception (404) 
Message: Action "blankGif" does not exist and was not trapped in __call()
Stack trace: 6
#0
-- File: C:\Program Files\Zend\Apache2\htdocs\NghienCuuKhoaHoc\library\Zend\Controller\Action.php
-- Line: 518
-- Function: __call
-- Class: Zend_Controller_Action

#1
-- File: C:\Program Files\Zend\Apache2\htdocs\NghienCuuKhoaHoc\library\Zend\Controller\Dispatcher\Standard.php
-- Line: 295
-- Function: dispatch
-- Class: Zend_Controller_Action

#2
-- File: C:\Program Files\Zend\Apache2\htdocs\NghienCuuKhoaHoc\library\Zend\Controller\Front.php
-- Line: 954
-- Function: dispatch
-- Class: Zend_Controller_Dispatcher_Standard

#3
-- File: C:\Program Files\Zend\Apache2\htdocs\NghienCuuKhoaHoc\library\Zend\Application\Bootstrap\Bootstrap.php
-- Line: 97
-- Function: dispatch
-- Class: Zend_Controller_Front

#4
-- File: C:\Program Files\Zend\Apache2\htdocs\NghienCuuKhoaHoc\library\Zend\Application.php
-- Line: 366
-- Function: run
-- Class: Zend_Application_Bootstrap_Bootstrap

#5
-- File: C:\Program Files\Zend\Apache2\htdocs\NghienCuuKhoaHoc\public\index.php
-- Line: 68
-- Function: run
-- Class: Zend_Application



KHCN CMS - 2012-05-29T10:28:56+07:00
DEBUG [7]: Zend_Controller_Dispatcher_Exception
Message: Invalid controller specified (closeImage)
Stack trace: 4
#0
-- File: C:\Program Files\Zend\Apache2\htdocs\NghienCuuKhoaHoc\library\Zend\Controller\Front.php
-- Line: 954
-- Function: dispatch
-- Class: Zend_Controller_Dispatcher_Standard

#1
-- File: C:\Program Files\Zend\Apache2\htdocs\NghienCuuKhoaHoc\library\Zend\Application\Bootstrap\Bootstrap.php
-- Line: 97
-- Function: dispatch
-- Class: Zend_Controller_Front

#2
-- File: C:\Program Files\Zend\Apache2\htdocs\NghienCuuKhoaHoc\library\Zend\Application.php
-- Line: 366
-- Function: run
-- Class: Zend_Application_Bootstrap_Bootstrap

#3
-- File: C:\Program Files\Zend\Apache2\htdocs\NghienCuuKhoaHoc\public\index.php
-- Line: 68
-- Function: run
-- Class: Zend_Application



KHCN CMS - 2012-05-29T10:29:03+07:00
DEBUG [7]: Zend_Controller_Action_Exception (404) 
Message: Action "closeimage" does not exist and was not trapped in __call()
Stack trace: 6
#0
-- File: C:\Program Files\Zend\Apache2\htdocs\NghienCuuKhoaHoc\library\Zend\Controller\Action.php
-- Line: 518
-- Function: __call
-- Class: Zend_Controller_Action

#1
-- File: C:\Program Files\Zend\Apache2\htdocs\NghienCuuKhoaHoc\library\Zend\Controller\Dispatcher\Standard.php
-- Line: 295
-- Function: dispatch
-- Class: Zend_Controller_Action

#2
-- File: C:\Program Files\Zend\Apache2\htdocs\NghienCuuKhoaHoc\library\Zend\Controller\Front.php
-- Line: 954
-- Function: dispatch
-- Class: Zend_Controller_Dispatcher_Standard

#3
-- File: C:\Program Files\Zend\Apache2\htdocs\NghienCuuKhoaHoc\library\Zend\Application\Bootstrap\Bootstrap.php
-- Line: 97
-- Function: dispatch
-- Class: Zend_Controller_Front

#4
-- File: C:\Program Files\Zend\Apache2\htdocs\NghienCuuKhoaHoc\library\Zend\Application.php
-- Line: 366
-- Function: run
-- Class: Zend_Application_Bootstrap_Bootstrap

#5
-- File: C:\Program Files\Zend\Apache2\htdocs\NghienCuuKhoaHoc\public\index.php
-- Line: 68
-- Function: run
-- Class: Zend_Application



KHCN CMS - 2012-05-29T10:29:08+07:00
DEBUG [7]: Zend_Controller_Action_Exception (404) 
Message: Action "closeimage" does not exist and was not trapped in __call()
Stack trace: 6
#0
-- File: C:\Program Files\Zend\Apache2\htdocs\NghienCuuKhoaHoc\library\Zend\Controller\Action.php
-- Line: 518
-- Function: __call
-- Class: Zend_Controller_Action

#1
-- File: C:\Program Files\Zend\Apache2\htdocs\NghienCuuKhoaHoc\library\Zend\Controller\Dispatcher\Standard.php
-- Line: 295
-- Function: dispatch
-- Class: Zend_Controller_Action

#2
-- File: C:\Program Files\Zend\Apache2\htdocs\NghienCuuKhoaHoc\library\Zend\Controller\Front.php
-- Line: 954
-- Function: dispatch
-- Class: Zend_Controller_Dispatcher_Standard

#3
-- File: C:\Program Files\Zend\Apache2\htdocs\NghienCuuKhoaHoc\library\Zend\Application\Bootstrap\Bootstrap.php
-- Line: 97
-- Function: dispatch
-- Class: Zend_Controller_Front

#4
-- File: C:\Program Files\Zend\Apache2\htdocs\NghienCuuKhoaHoc\library\Zend\Application.php
-- Line: 366
-- Function: run
-- Class: Zend_Application_Bootstrap_Bootstrap

#5
-- File: C:\Program Files\Zend\Apache2\htdocs\NghienCuuKhoaHoc\public\index.php
-- Line: 68
-- Function: run
-- Class: Zend_Application



KHCN CMS - 2012-05-29T10:29:12+07:00
DEBUG [7]: Zend_Controller_Action_Exception (404) 
Message: Action "closeimage" does not exist and was not trapped in __call()
Stack trace: 6
#0
-- File: C:\Program Files\Zend\Apache2\htdocs\NghienCuuKhoaHoc\library\Zend\Controller\Action.php
-- Line: 518
-- Function: __call
-- Class: Zend_Controller_Action

#1
-- File: C:\Program Files\Zend\Apache2\htdocs\NghienCuuKhoaHoc\library\Zend\Controller\Dispatcher\Standard.php
-- Line: 295
-- Function: dispatch
-- Class: Zend_Controller_Action

#2
-- File: C:\Program Files\Zend\Apache2\htdocs\NghienCuuKhoaHoc\library\Zend\Controller\Front.php
-- Line: 954
-- Function: dispatch
-- Class: Zend_Controller_Dispatcher_Standard

#3
-- File: C:\Program Files\Zend\Apache2\htdocs\NghienCuuKhoaHoc\library\Zend\Application\Bootstrap\Bootstrap.php
-- Line: 97
-- Function: dispatch
-- Class: Zend_Controller_Front

#4
-- File: C:\Program Files\Zend\Apache2\htdocs\NghienCuuKhoaHoc\library\Zend\Application.php
-- Line: 366
-- Function: run
-- Class: Zend_Application_Bootstrap_Bootstrap

#5
-- File: C:\Program Files\Zend\Apache2\htdocs\NghienCuuKhoaHoc\public\index.php
-- Line: 68
-- Function: run
-- Class: Zend_Application



KHCN CMS - 2012-05-29T10:29:21+07:00
DEBUG [7]: Zend_Acl_Exception
Message: Resource 'admin:images' not found
Stack trace: 7
#0
-- File: C:\Program Files\Zend\Apache2\htdocs\NghienCuuKhoaHoc\library\Zend\Acl.php
-- Line: 846
-- Function: get
-- Class: Zend_Acl

#1
-- File: C:\Program Files\Zend\Apache2\htdocs\NghienCuuKhoaHoc\library\Khcn\Controller\Plugin\Acl.php
-- Line: 32
-- Function: isAllowed
-- Class: Zend_Acl

#2
-- File: C:\Program Files\Zend\Apache2\htdocs\NghienCuuKhoaHoc\library\Zend\Controller\Plugin\Broker.php
-- Line: 309
-- Function: preDispatch
-- Class: Khcn_Controller_Plugin_Acl

#3
-- File: C:\Program Files\Zend\Apache2\htdocs\NghienCuuKhoaHoc\library\Zend\Controller\Front.php
-- Line: 941
-- Function: preDispatch
-- Class: Zend_Controller_Plugin_Broker

#4
-- File: C:\Program Files\Zend\Apache2\htdocs\NghienCuuKhoaHoc\library\Zend\Application\Bootstrap\Bootstrap.php
-- Line: 97
-- Function: dispatch
-- Class: Zend_Controller_Front

#5
-- File: C:\Program Files\Zend\Apache2\htdocs\NghienCuuKhoaHoc\library\Zend\Application.php
-- Line: 366
-- Function: run
-- Class: Zend_Application_Bootstrap_Bootstrap

#6
-- File: C:\Program Files\Zend\Apache2\htdocs\NghienCuuKhoaHoc\public\index.php
-- Line: 68
-- Function: run
-- Class: Zend_Application



KHCN CMS - 2012-05-29T10:29:31+07:00
DEBUG [7]: Zend_Controller_Action_Exception (404) 
Message: Action "closeimage" does not exist and was not trapped in __call()
Stack trace: 6
#0
-- File: C:\Program Files\Zend\Apache2\htdocs\NghienCuuKhoaHoc\library\Zend\Controller\Action.php
-- Line: 518
-- Function: __call
-- Class: Zend_Controller_Action

#1
-- File: C:\Program Files\Zend\Apache2\htdocs\NghienCuuKhoaHoc\library\Zend\Controller\Dispatcher\Standard.php
-- Line: 295
-- Function: dispatch
-- Class: Zend_Controller_Action

#2
-- File: C:\Program Files\Zend\Apache2\htdocs\NghienCuuKhoaHoc\library\Zend\Controller\Front.php
-- Line: 954
-- Function: dispatch
-- Class: Zend_Controller_Dispatcher_Standard

#3
-- File: C:\Program Files\Zend\Apache2\htdocs\NghienCuuKhoaHoc\library\Zend\Application\Bootstrap\Bootstrap.php
-- Line: 97
-- Function: dispatch
-- Class: Zend_Controller_Front

#4
-- File: C:\Program Files\Zend\Apache2\htdocs\NghienCuuKhoaHoc\library\Zend\Application.php
-- Line: 366
-- Function: run
-- Class: Zend_Application_Bootstrap_Bootstrap

#5
-- File: C:\Program Files\Zend\Apache2\htdocs\NghienCuuKhoaHoc\public\index.php
-- Line: 68
-- Function: run
-- Class: Zend_Application



KHCN CMS - 2012-05-29T10:29:33+07:00
DEBUG [7]: Zend_Acl_Exception
Message: Resource 'admin:images' not found
Stack trace: 7
#0
-- File: C:\Program Files\Zend\Apache2\htdocs\NghienCuuKhoaHoc\library\Zend\Acl.php
-- Line: 846
-- Function: get
-- Class: Zend_Acl

#1
-- File: C:\Program Files\Zend\Apache2\htdocs\NghienCuuKhoaHoc\library\Khcn\Controller\Plugin\Acl.php
-- Line: 32
-- Function: isAllowed
-- Class: Zend_Acl

#2
-- File: C:\Program Files\Zend\Apache2\htdocs\NghienCuuKhoaHoc\library\Zend\Controller\Plugin\Broker.php
-- Line: 309
-- Function: preDispatch
-- Class: Khcn_Controller_Plugin_Acl

#3
-- File: C:\Program Files\Zend\Apache2\htdocs\NghienCuuKhoaHoc\library\Zend\Controller\Front.php
-- Line: 941
-- Function: preDispatch
-- Class: Zend_Controller_Plugin_Broker

#4
-- File: C:\Program Files\Zend\Apache2\htdocs\NghienCuuKhoaHoc\library\Zend\Application\Bootstrap\Bootstrap.php
-- Line: 97
-- Function: dispatch
-- Class: Zend_Controller_Front

#5
-- File: C:\Program Files\Zend\Apache2\htdocs\NghienCuuKhoaHoc\library\Zend\Application.php
-- Line: 366
-- Function: run
-- Class: Zend_Application_Bootstrap_Bootstrap

#6
-- File: C:\Program Files\Zend\Apache2\htdocs\NghienCuuKhoaHoc\public\index.php
-- Line: 68
-- Function: run
-- Class: Zend_Application



KHCN CMS - 2012-05-29T10:29:40+07:00
DEBUG [7]: Zend_Controller_Action_Exception (404) 
Message: Action "closeimage" does not exist and was not trapped in __call()
Stack trace: 6
#0
-- File: C:\Program Files\Zend\Apache2\htdocs\NghienCuuKhoaHoc\library\Zend\Controller\Action.php
-- Line: 518
-- Function: __call
-- Class: Zend_Controller_Action

#1
-- File: C:\Program Files\Zend\Apache2\htdocs\NghienCuuKhoaHoc\library\Zend\Controller\Dispatcher\Standard.php
-- Line: 295
-- Function: dispatch
-- Class: Zend_Controller_Action

#2
-- File: C:\Program Files\Zend\Apache2\htdocs\NghienCuuKhoaHoc\library\Zend\Controller\Front.php
-- Line: 954
-- Function: dispatch
-- Class: Zend_Controller_Dispatcher_Standard

#3
-- File: C:\Program Files\Zend\Apache2\htdocs\NghienCuuKhoaHoc\library\Zend\Application\Bootstrap\Bootstrap.php
-- Line: 97
-- Function: dispatch
-- Class: Zend_Controller_Front

#4
-- File: C:\Program Files\Zend\Apache2\htdocs\NghienCuuKhoaHoc\library\Zend\Application.php
-- Line: 366
-- Function: run
-- Class: Zend_Application_Bootstrap_Bootstrap

#5
-- File: C:\Program Files\Zend\Apache2\htdocs\NghienCuuKhoaHoc\public\index.php
-- Line: 68
-- Function: run
-- Class: Zend_Application



KHCN CMS - 2012-05-29T10:29:43+07:00
DEBUG [7]: Zend_Acl_Exception
Message: Resource 'admin:images' not found
Stack trace: 7
#0
-- File: C:\Program Files\Zend\Apache2\htdocs\NghienCuuKhoaHoc\library\Zend\Acl.php
-- Line: 846
-- Function: get
-- Class: Zend_Acl

#1
-- File: C:\Program Files\Zend\Apache2\htdocs\NghienCuuKhoaHoc\library\Khcn\Controller\Plugin\Acl.php
-- Line: 32
-- Function: isAllowed
-- Class: Zend_Acl

#2
-- File: C:\Program Files\Zend\Apache2\htdocs\NghienCuuKhoaHoc\library\Zend\Controller\Plugin\Broker.php
-- Line: 309
-- Function: preDispatch
-- Class: Khcn_Controller_Plugin_Acl

#3
-- File: C:\Program Files\Zend\Apache2\htdocs\NghienCuuKhoaHoc\library\Zend\Controller\Front.php
-- Line: 941
-- Function: preDispatch
-- Class: Zend_Controller_Plugin_Broker

#4
-- File: C:\Program Files\Zend\Apache2\htdocs\NghienCuuKhoaHoc\library\Zend\Application\Bootstrap\Bootstrap.php
-- Line: 97
-- Function: dispatch
-- Class: Zend_Controller_Front

#5
-- File: C:\Program Files\Zend\Apache2\htdocs\NghienCuuKhoaHoc\library\Zend\Application.php
-- Line: 366
-- Function: run
-- Class: Zend_Application_Bootstrap_Bootstrap

#6
-- File: C:\Program Files\Zend\Apache2\htdocs\NghienCuuKhoaHoc\public\index.php
-- Line: 68
-- Function: run
-- Class: Zend_Application



KHCN CMS - 2012-05-29T10:29:46+07:00
DEBUG [7]: Zend_Controller_Action_Exception (404) 
Message: Action "closeimage" does not exist and was not trapped in __call()
Stack trace: 6
#0
-- File: C:\Program Files\Zend\Apache2\htdocs\NghienCuuKhoaHoc\library\Zend\Controller\Action.php
-- Line: 518
-- Function: __call
-- Class: Zend_Controller_Action

#1
-- File: C:\Program Files\Zend\Apache2\htdocs\NghienCuuKhoaHoc\library\Zend\Controller\Dispatcher\Standard.php
-- Line: 295
-- Function: dispatch
-- Class: Zend_Controller_Action

#2
-- File: C:\Program Files\Zend\Apache2\htdocs\NghienCuuKhoaHoc\library\Zend\Controller\Front.php
-- Line: 954
-- Function: dispatch
-- Class: Zend_Controller_Dispatcher_Standard

#3
-- File: C:\Program Files\Zend\Apache2\htdocs\NghienCuuKhoaHoc\library\Zend\Application\Bootstrap\Bootstrap.php
-- Line: 97
-- Function: dispatch
-- Class: Zend_Controller_Front

#4
-- File: C:\Program Files\Zend\Apache2\htdocs\NghienCuuKhoaHoc\library\Zend\Application.php
-- Line: 366
-- Function: run
-- Class: Zend_Application_Bootstrap_Bootstrap

#5
-- File: C:\Program Files\Zend\Apache2\htdocs\NghienCuuKhoaHoc\public\index.php
-- Line: 68
-- Function: run
-- Class: Zend_Application



